2025-05-17T08:18:03.465211+00:00 INFO 'ansible_navigator.setup_logger' New ansible-navigator instance, logging initialized
2025-05-17T08:18:03.465500+00:00 INFO 'ansible_navigator.setup_logger' New ansible-runner instance, logging initialized
2025-05-17T08:18:03.465559+00:00 DEBUG 'ansible_navigator.main' ansible-builder==1.1.0 /usr/lib/python3.9/site-packages
2025-05-17T08:18:03.465601+00:00 DEBUG 'ansible_navigator.main' ansible-core==2.13.0 /usr/lib/python3.9/site-packages
2025-05-17T08:18:03.465622+00:00 DEBUG 'ansible_navigator.main' ansible-navigator==2.1.0 /usr/lib/python3.9/site-packages
2025-05-17T08:18:03.465640+00:00 DEBUG 'ansible_navigator.main' ansible-runner==2.2.0 /usr/lib/python3.9/site-packages
2025-05-17T08:18:03.465657+00:00 DEBUG 'ansible_navigator.main' attrs==21.4.0 /usr/lib/python3.9/site-packages
2025-05-17T08:18:03.465674+00:00 DEBUG 'ansible_navigator.main' babel==2.9.1 /usr/lib/python3.9/site-packages
2025-05-17T08:18:03.465691+00:00 DEBUG 'ansible_navigator.main' bindep==2.10.2 /usr/lib/python3.9/site-packages
2025-05-17T08:18:03.465708+00:00 DEBUG 'ansible_navigator.main' brlapi==0.8.2 /usr/lib64/python3.9/site-packages
2025-05-17T08:18:03.465725+00:00 DEBUG 'ansible_navigator.main' certifi==2020.6.20 /usr/lib/python3.9/site-packages
2025-05-17T08:18:03.465742+00:00 DEBUG 'ansible_navigator.main' cffi==1.15.0 /usr/lib64/python3.9/site-packages
2025-05-17T08:18:03.465759+00:00 DEBUG 'ansible_navigator.main' chardet==4.0.0 /usr/lib/python3.9/site-packages
2025-05-17T08:18:03.465775+00:00 DEBUG 'ansible_navigator.main' charset-normalizer==2.0.11 /usr/lib/python3.9/site-packages
2025-05-17T08:18:03.465792+00:00 DEBUG 'ansible_navigator.main' chrome-gnome-shell==0.0.0 /usr/lib/python3.9/site-packages
2025-05-17T08:18:03.465808+00:00 DEBUG 'ansible_navigator.main' cloud-init==21.1 /usr/lib/python3.9/site-packages
2025-05-17T08:18:03.465825+00:00 DEBUG 'ansible_navigator.main' configobj==5.0.6 /usr/lib/python3.9/site-packages
2025-05-17T08:18:03.465841+00:00 DEBUG 'ansible_navigator.main' cryptography==36.0.1 /usr/lib64/python3.9/site-packages
2025-05-17T08:18:03.465858+00:00 DEBUG 'ansible_navigator.main' cupshelpers==1.0 /usr/lib/python3.9/site-packages
2025-05-17T08:18:03.465874+00:00 DEBUG 'ansible_navigator.main' dasbus==1.4 /usr/lib/python3.9/site-packages
2025-05-17T08:18:03.465891+00:00 DEBUG 'ansible_navigator.main' dbus-python==1.2.18 /usr/lib64/python3.9/site-packages
2025-05-17T08:18:03.465908+00:00 DEBUG 'ansible_navigator.main' decorator==4.4.2 /usr/lib/python3.9/site-packages
2025-05-17T08:18:03.465925+00:00 DEBUG 'ansible_navigator.main' distlib==0.3.4 /usr/local/lib/python3.9/site-packages
2025-05-17T08:18:03.465941+00:00 DEBUG 'ansible_navigator.main' distro==1.6.0 /usr/lib/python3.9/site-packages
2025-05-17T08:18:03.465958+00:00 DEBUG 'ansible_navigator.main' docutils==0.16 /usr/lib/python3.9/site-packages
2025-05-17T08:18:03.465975+00:00 DEBUG 'ansible_navigator.main' ethtool==0.15 /usr/lib64/python3.9/site-packages
2025-05-17T08:18:03.465992+00:00 DEBUG 'ansible_navigator.main' file-magic==0.4.0 /usr/lib/python3.9/site-packages
2025-05-17T08:18:03.466008+00:00 DEBUG 'ansible_navigator.main' filelock==3.7.0 /usr/local/lib/python3.9/site-packages
2025-05-17T08:18:03.466025+00:00 DEBUG 'ansible_navigator.main' gpg==1.15.1 /usr/lib64/python3.9/site-packages
2025-05-17T08:18:03.466112+00:00 DEBUG 'ansible_navigator.main' idna==3.3 /usr/lib/python3.9/site-packages
2025-05-17T08:18:03.466133+00:00 DEBUG 'ansible_navigator.main' iniparse==0.4 /usr/lib/python3.9/site-packages
2025-05-17T08:18:03.466150+00:00 DEBUG 'ansible_navigator.main' jinja2==3.0.3 /usr/lib/python3.9/site-packages
2025-05-17T08:18:03.466167+00:00 DEBUG 'ansible_navigator.main' jsonpatch==1.21 /usr/lib/python3.9/site-packages
2025-05-17T08:18:03.466183+00:00 DEBUG 'ansible_navigator.main' jsonpointer==2.0 /usr/lib/python3.9/site-packages
2025-05-17T08:18:03.466200+00:00 DEBUG 'ansible_navigator.main' jsonschema==3.2.0 /usr/lib/python3.9/site-packages
2025-05-17T08:18:03.466217+00:00 DEBUG 'ansible_navigator.main' libcomps==0.1.18 /usr/lib64/python3.9/site-packages
2025-05-17T08:18:03.466239+00:00 DEBUG 'ansible_navigator.main' lockfile==0.12.2 /usr/lib/python3.9/site-packages
2025-05-17T08:18:03.466257+00:00 DEBUG 'ansible_navigator.main' lxml==4.6.5 /usr/lib64/python3.9/site-packages
2025-05-17T08:18:03.466274+00:00 DEBUG 'ansible_navigator.main' markupsafe==2.1.0 /usr/lib64/python3.9/site-packages
2025-05-17T08:18:03.466291+00:00 DEBUG 'ansible_navigator.main' netifaces==0.10.6 /usr/lib64/python3.9/site-packages
2025-05-17T08:18:03.466308+00:00 DEBUG 'ansible_navigator.main' nftables==0.1 /usr/lib/python3.9/site-packages
2025-05-17T08:18:03.466324+00:00 DEBUG 'ansible_navigator.main' oauthlib==3.1.1 /usr/lib/python3.9/site-packages
2025-05-17T08:18:03.466341+00:00 DEBUG 'ansible_navigator.main' onigurumacffi==1.1.0 /usr/lib64/python3.9/site-packages
2025-05-17T08:18:03.466358+00:00 DEBUG 'ansible_navigator.main' packaging==21.2 /usr/lib/python3.9/site-packages
2025-05-17T08:18:03.466375+00:00 DEBUG 'ansible_navigator.main' parsley==1.3 /usr/lib/python3.9/site-packages
2025-05-17T08:18:03.466391+00:00 DEBUG 'ansible_navigator.main' pbr==5.8.1 /usr/lib/python3.9/site-packages
2025-05-17T08:18:03.466408+00:00 DEBUG 'ansible_navigator.main' perf==0.1 /usr/lib64/python3.9/site-packages
2025-05-17T08:18:03.466424+00:00 DEBUG 'ansible_navigator.main' pexpect==4.8.0 /usr/lib/python3.9/site-packages
2025-05-17T08:18:03.466441+00:00 DEBUG 'ansible_navigator.main' pip==21.2.3 /usr/lib/python3.9/site-packages
2025-05-17T08:18:03.466458+00:00 DEBUG 'ansible_navigator.main' platformdirs==2.5.2 /usr/local/lib/python3.9/site-packages
2025-05-17T08:18:03.466474+00:00 DEBUG 'ansible_navigator.main' ply==3.11 /usr/lib/python3.9/site-packages
2025-05-17T08:18:03.466491+00:00 DEBUG 'ansible_navigator.main' prettytable==0.7.2 /usr/lib/python3.9/site-packages
2025-05-17T08:18:03.466508+00:00 DEBUG 'ansible_navigator.main' psutil==5.8.0 /usr/lib64/python3.9/site-packages
2025-05-17T08:18:03.466524+00:00 DEBUG 'ansible_navigator.main' ptyprocess==0.6.0 /usr/lib/python3.9/site-packages
2025-05-17T08:18:03.466569+00:00 DEBUG 'ansible_navigator.main' pycairo==1.20.0 /usr/lib64/python3.9/site-packages
2025-05-17T08:18:03.466589+00:00 DEBUG 'ansible_navigator.main' pycparser==2.21 /usr/lib/python3.9/site-packages
2025-05-17T08:18:03.466605+00:00 DEBUG 'ansible_navigator.main' pycups==2.0.1 /usr/lib64/python3.9/site-packages
2025-05-17T08:18:03.466622+00:00 DEBUG 'ansible_navigator.main' pycurl==7.43.0.6 /usr/lib64/python3.9/site-packages
2025-05-17T08:18:03.466638+00:00 DEBUG 'ansible_navigator.main' pyenchant==3.2.0 /usr/lib/python3.9/site-packages
2025-05-17T08:18:03.466655+00:00 DEBUG 'ansible_navigator.main' pygobject==3.40.1 /usr/lib64/python3.9/site-packages
2025-05-17T08:18:03.466671+00:00 DEBUG 'ansible_navigator.main' pyinotify==0.9.6 /usr/lib/python3.9/site-packages
2025-05-17T08:18:03.466688+00:00 DEBUG 'ansible_navigator.main' pyopenssl==19.1.0 /usr/lib/python3.9/site-packages
2025-05-17T08:18:03.466704+00:00 DEBUG 'ansible_navigator.main' pyparsing==2.4.7 /usr/lib/python3.9/site-packages
2025-05-17T08:18:03.466721+00:00 DEBUG 'ansible_navigator.main' pyrsistent==0.17.3 /usr/lib64/python3.9/site-packages
2025-05-17T08:18:03.466737+00:00 DEBUG 'ansible_navigator.main' pyserial==3.4 /usr/lib/python3.9/site-packages
2025-05-17T08:18:03.466753+00:00 DEBUG 'ansible_navigator.main' pysocks==1.7.1 /usr/lib/python3.9/site-packages
2025-05-17T08:18:03.466770+00:00 DEBUG 'ansible_navigator.main' python-daemon==2.3.0 /usr/lib/python3.9/site-packages
2025-05-17T08:18:03.466786+00:00 DEBUG 'ansible_navigator.main' python-dateutil==2.8.1 /usr/lib/python3.9/site-packages
2025-05-17T08:18:03.466803+00:00 DEBUG 'ansible_navigator.main' python-dmidecode==3.12.2 /usr/lib64/python3.9/site-packages
2025-05-17T08:18:03.466819+00:00 DEBUG 'ansible_navigator.main' python-linux-procfs==0.7.0 /usr/lib/python3.9/site-packages
2025-05-17T08:18:03.466836+00:00 DEBUG 'ansible_navigator.main' pytz==2021.3 /usr/lib/python3.9/site-packages
2025-05-17T08:18:03.466852+00:00 DEBUG 'ansible_navigator.main' pyudev==0.22.0 /usr/lib/python3.9/site-packages
2025-05-17T08:18:03.466872+00:00 DEBUG 'ansible_navigator.main' pyxdg==0.27 /usr/lib/python3.9/site-packages
2025-05-17T08:18:03.466890+00:00 DEBUG 'ansible_navigator.main' pyyaml==5.4.1 /usr/lib64/python3.9/site-packages
2025-05-17T08:18:03.466907+00:00 DEBUG 'ansible_navigator.main' requests==2.27.1 /usr/lib/python3.9/site-packages
2025-05-17T08:18:03.466926+00:00 DEBUG 'ansible_navigator.main' requirements-parser==0.2.0 /usr/lib/python3.9/site-packages
2025-05-17T08:18:03.466944+00:00 DEBUG 'ansible_navigator.main' resolvelib==0.5.4 /usr/lib/python3.9/site-packages
2025-05-17T08:18:03.466960+00:00 DEBUG 'ansible_navigator.main' rpm==4.16.1.3 /usr/lib64/python3.9/site-packages
2025-05-17T08:18:03.466977+00:00 DEBUG 'ansible_navigator.main' selinux==3.3 /usr/lib64/python3.9/site-packages
2025-05-17T08:18:03.466993+00:00 DEBUG 'ansible_navigator.main' sepolicy==3.3 /usr/lib/python3.9/site-packages
2025-05-17T08:18:03.467010+00:00 DEBUG 'ansible_navigator.main' setools==4.4.0 /usr/lib64/python3.9/site-packages
2025-05-17T08:18:03.467026+00:00 DEBUG 'ansible_navigator.main' setroubleshoot==1.1 /usr/lib/python3.9/site-packages
2025-05-17T08:18:03.467098+00:00 DEBUG 'ansible_navigator.main' setuptools==53.0.0 /usr/lib/python3.9/site-packages
2025-05-17T08:18:03.467117+00:00 DEBUG 'ansible_navigator.main' six==1.16.0 /usr/lib/python3.9/site-packages
2025-05-17T08:18:03.467134+00:00 DEBUG 'ansible_navigator.main' sos==4.2 /usr/lib/python3.9/site-packages
2025-05-17T08:18:03.467151+00:00 DEBUG 'ansible_navigator.main' subscription-manager==1.29.26 /usr/lib64/python3.9/site-packages
2025-05-17T08:18:03.467167+00:00 DEBUG 'ansible_navigator.main' systemd-python==234 /usr/lib64/python3.9/site-packages
2025-05-17T08:18:03.467184+00:00 DEBUG 'ansible_navigator.main' urllib3==1.26.8 /usr/lib/python3.9/site-packages
2025-05-17T08:18:03.467201+00:00 DEBUG 'ansible_navigator.main' virtualenv==20.14.1 /usr/local/lib/python3.9/site-packages
2025-05-17T08:18:03.467218+00:00 DEBUG 'ansible_navigator.main' Share directory '/usr/lib/python3.9/share/ansible_navigator' not found (development path)
2025-05-17T08:18:03.467238+00:00 DEBUG 'ansible_navigator.main' Share directory '/home/devops/.local/share/ansible_navigator' not found (userbase)
2025-05-17T08:18:03.467256+00:00 DEBUG 'ansible_navigator.main' Share directory '/usr/share/ansible_navigator' found (sys.prefix)
2025-05-17T08:18:03.467273+00:00 DEBUG 'ansible_navigator.main' Default collection_doc_cache_path set to: /home/devops/.cache/ansible-navigator/collection_doc_cache.db
2025-05-17T08:18:03.467291+00:00 DEBUG 'ansible_navigator.main' EDITOR environment variable not set
2025-05-17T08:18:03.467308+00:00 DEBUG 'ansible_navigator.main' Default editor_command set to: vi +{line_number} {filename}
2025-05-17T08:18:03.467324+00:00 DEBUG 'ansible_navigator.main' No config file set by ANSIBLE_NAVIGATOR_CONFIG
2025-05-17T08:18:03.467342+00:00 DEBUG 'ansible_navigator.main' Looking in /home/devops
2025-05-17T08:18:03.467358+00:00 DEBUG 'ansible_navigator.main' Looking for '/home/devops/.ansible-navigator.yml', '/home/devops/.ansible-navigator.yaml' and '/home/devops/.ansible-navigator.json'
2025-05-17T08:18:03.467375+00:00 DEBUG 'ansible_navigator.main' Found 0: 
2025-05-17T08:18:03.467392+00:00 DEBUG 'ansible_navigator.main' Looking in /home/devops/jenkins-ci-plt
2025-05-17T08:18:03.467409+00:00 DEBUG 'ansible_navigator.main' Looking for '/home/devops/jenkins-ci-plt/ansible-navigator.yml', '/home/devops/jenkins-ci-plt/ansible-navigator.yaml' and '/home/devops/jenkins-ci-plt/ansible-navigator.json'
2025-05-17T08:18:03.467426+00:00 DEBUG 'ansible_navigator.main' Found 1: '/home/devops/jenkins-ci-plt/ansible-navigator.yml'
2025-05-17T08:18:03.467443+00:00 DEBUG 'ansible_navigator.main' All found 1: '/home/devops/jenkins-ci-plt/ansible-navigator.yml'
2025-05-17T08:18:03.467460+00:00 DEBUG 'ansible_navigator.main' Using: /home/devops/jenkins-ci-plt/ansible-navigator.yml
2025-05-17T08:18:03.467476+00:00 DEBUG 'ansible_navigator.main' Using settings file at /home/devops/jenkins-ci-plt/ansible-navigator.yml in search path
2025-05-17T08:18:03.467498+00:00 DEBUG 'ansible_navigator.main' Command provided: '00-deploy-prep.yml'
2025-05-17T08:18:03.467515+00:00 DEBUG 'ansible_navigator.main' ansible-navigator.ansible-runner.artifact-dir not found in settings file
2025-05-17T08:18:03.467547+00:00 DEBUG 'ansible_navigator.main' ansible-navigator.ansible-runner.rotate-artifacts-count not found in settings file
2025-05-17T08:18:03.467576+00:00 DEBUG 'ansible_navigator.main' ansible-navigator.ansible-runner.timeout not found in settings file
2025-05-17T08:18:03.467593+00:00 DEBUG 'ansible_navigator.main' ansible-navigator.app not found in settings file
2025-05-17T08:18:03.467610+00:00 DEBUG 'ansible_navigator.main' ansible-navigator.ansible.cmdline not found in settings file
2025-05-17T08:18:03.467627+00:00 DEBUG 'ansible_navigator.main' ansible-navigator.collection-doc-cache-path not found in settings file
2025-05-17T08:18:03.467643+00:00 DEBUG 'ansible_navigator.main' ansible-navigator.execution-environment.container-options not found in settings file
2025-05-17T08:18:03.467660+00:00 DEBUG 'ansible_navigator.main' ansible-navigator.color.enable not found in settings file
2025-05-17T08:18:03.467676+00:00 DEBUG 'ansible_navigator.main' ansible-navigator.editor.command not found in settings file
2025-05-17T08:18:03.467693+00:00 DEBUG 'ansible_navigator.main' ansible-navigator.editor.console not found in settings file
2025-05-17T08:18:03.467710+00:00 DEBUG 'ansible_navigator.main' ansible-navigator.exec.command not found in settings file
2025-05-17T08:18:03.467726+00:00 DEBUG 'ansible_navigator.main' ansible-navigator.exec.shell not found in settings file
2025-05-17T08:18:03.467742+00:00 DEBUG 'ansible_navigator.main' ansible-navigator.execution-environment.volume-mounts not found in settings file
2025-05-17T08:18:03.467759+00:00 DEBUG 'ansible_navigator.main' ansible-navigator.ansible-builder.help not found in settings file
2025-05-17T08:18:03.467778+00:00 DEBUG 'ansible_navigator.main' ansible-navigator.ansible.config.help not found in settings file
2025-05-17T08:18:03.467801+00:00 DEBUG 'ansible_navigator.main' ansible-navigator.ansible.doc.help not found in settings file
2025-05-17T08:18:03.467820+00:00 DEBUG 'ansible_navigator.main' ansible-navigator.ansible.inventory.help not found in settings file
2025-05-17T08:18:03.467838+00:00 DEBUG 'ansible_navigator.main' ansible-navigator.ansible.playbook.help not found in settings file
2025-05-17T08:18:03.467854+00:00 DEBUG 'ansible_navigator.main' ansible-navigator.images.details not found in settings file
2025-05-17T08:18:03.467871+00:00 DEBUG 'ansible_navigator.main' ansible-navigator.ansible.inventory.entries not found in settings file
2025-05-17T08:18:03.467887+00:00 DEBUG 'ansible_navigator.main' ansible-navigator.inventory-columns not found in settings file
2025-05-17T08:18:03.467904+00:00 DEBUG 'ansible_navigator.main' ansible-navigator.ansible-lint.config not found in settings file
2025-05-17T08:18:03.467921+00:00 DEBUG 'ansible_navigator.main' ansible-navigator.ansible-lint.lintables not found in settings file
2025-05-17T08:18:03.467937+00:00 DEBUG 'ansible_navigator.main' ansible-navigator.logging.append not found in settings file
2025-05-17T08:18:03.467954+00:00 DEBUG 'ansible_navigator.main' ansible-navigator.logging.file not found in settings file
2025-05-17T08:18:03.467970+00:00 DEBUG 'ansible_navigator.main' ansible-navigator.color.osc4 not found in settings file
2025-05-17T08:18:03.467986+00:00 DEBUG 'ansible_navigator.main' ansible-navigator.execution-environment.environment-variables.pass not found in settings file
2025-05-17T08:18:03.468003+00:00 DEBUG 'ansible_navigator.main' ansible-navigator.ansible.playbook.path not found in settings file
2025-05-17T08:18:03.468019+00:00 DEBUG 'ansible_navigator.main' ansible-navigator.playbook-artifact.replay not found in settings file
2025-05-17T08:18:03.468085+00:00 DEBUG 'ansible_navigator.main' ansible-navigator.playbook-artifact.save-as not found in settings file
2025-05-17T08:18:03.468114+00:00 DEBUG 'ansible_navigator.main' ansible-navigator.ansible.doc.plugin.name not found in settings file
2025-05-17T08:18:03.468132+00:00 DEBUG 'ansible_navigator.main' ansible-navigator.ansible.doc.plugin.type not found in settings file
2025-05-17T08:18:03.468149+00:00 DEBUG 'ansible_navigator.main' ansible-navigator.execution-environment.pull.arguments not found in settings file
2025-05-17T08:18:03.468166+00:00 DEBUG 'ansible_navigator.main' ansible-navigator.settings.effective not found in settings file
2025-05-17T08:18:03.468183+00:00 DEBUG 'ansible_navigator.main' ansible-navigator.settings.sample not found in settings file
2025-05-17T08:18:03.468200+00:00 DEBUG 'ansible_navigator.main' ansible-navigator.settings.schema not found in settings file
2025-05-17T08:18:03.468216+00:00 DEBUG 'ansible_navigator.main' ansible-navigator.settings.sources not found in settings file
2025-05-17T08:18:03.468233+00:00 DEBUG 'ansible_navigator.main' ansible-navigator.time-zone not found in settings file
2025-05-17T08:18:03.468250+00:00 DEBUG 'ansible_navigator.main' ansible-navigator.ansible-builder.workdir not found in settings file
2025-05-17T08:18:03.468269+00:00 WARNING 'ansible_navigator.main' Configuration errors encountered, rolling back to previous configuration.
2025-05-17T08:18:03.468286+00:00 DEBUG 'ansible_navigator.main' Prior to rollback: ansible_runner_artifact_dir = 'Not set' (Constants/Not set)
2025-05-17T08:18:03.468303+00:00 DEBUG 'ansible_navigator.main' Prior to rollback: ansible_runner_rotate_artifacts_count = 'Not set' (Constants/Not set)
2025-05-17T08:18:03.468320+00:00 DEBUG 'ansible_navigator.main' Prior to rollback: ansible_runner_timeout = 'Not set' (Constants/Not set)
2025-05-17T08:18:03.468337+00:00 DEBUG 'ansible_navigator.main' Prior to rollback: app = 'welcome' (str/Defaults)
2025-05-17T08:18:03.468353+00:00 DEBUG 'ansible_navigator.main' Prior to rollback: cmdline = '['00-deploy-prep.yml']' (list/Command line)
2025-05-17T08:18:03.468369+00:00 DEBUG 'ansible_navigator.main' Prior to rollback: collection_doc_cache_path = '/home/devops/.cache/ansible-navigator/collection_doc_cache.db' (str/Defaults)
2025-05-17T08:18:03.468387+00:00 DEBUG 'ansible_navigator.main' Prior to rollback: config = './ansible.cfg' (str/Settings file)
2025-05-17T08:18:03.468403+00:00 DEBUG 'ansible_navigator.main' Prior to rollback: container_engine = 'podman' (str/Settings file)
2025-05-17T08:18:03.468420+00:00 DEBUG 'ansible_navigator.main' Prior to rollback: container_options = 'Not set' (Constants/Not set)
2025-05-17T08:18:03.468436+00:00 DEBUG 'ansible_navigator.main' Prior to rollback: display_color = 'True' (bool/Defaults)
2025-05-17T08:18:03.468452+00:00 DEBUG 'ansible_navigator.main' Prior to rollback: editor_command = 'vi +{line_number} {filename}' (str/Defaults)
2025-05-17T08:18:03.468469+00:00 DEBUG 'ansible_navigator.main' Prior to rollback: editor_console = 'True' (bool/Defaults)
2025-05-17T08:18:03.468485+00:00 DEBUG 'ansible_navigator.main' Prior to rollback: exec_command = '/bin/bash' (str/Defaults)
2025-05-17T08:18:03.468502+00:00 DEBUG 'ansible_navigator.main' Prior to rollback: exec_shell = 'True' (bool/Defaults)
2025-05-17T08:18:03.468518+00:00 DEBUG 'ansible_navigator.main' Prior to rollback: execution_environment = 'True' (bool/Settings file)
2025-05-17T08:18:03.468554+00:00 DEBUG 'ansible_navigator.main' Prior to rollback: execution_environment_image = 'utility.lab.example.com/ansible-automation-platform-22/ee-supported-rhel8:latest' (str/Settings file)
2025-05-17T08:18:03.468581+00:00 DEBUG 'ansible_navigator.main' Prior to rollback: execution_environment_volume_mounts = 'Not set' (Constants/Not set)
2025-05-17T08:18:03.468599+00:00 DEBUG 'ansible_navigator.main' Prior to rollback: help_builder = 'False' (bool/Defaults)
2025-05-17T08:18:03.468616+00:00 DEBUG 'ansible_navigator.main' Prior to rollback: help_config = 'False' (bool/Defaults)
2025-05-17T08:18:03.468632+00:00 DEBUG 'ansible_navigator.main' Prior to rollback: help_doc = 'False' (bool/Defaults)
2025-05-17T08:18:03.468649+00:00 DEBUG 'ansible_navigator.main' Prior to rollback: help_inventory = 'False' (bool/Defaults)
2025-05-17T08:18:03.468669+00:00 DEBUG 'ansible_navigator.main' Prior to rollback: help_playbook = 'False' (bool/Defaults)
2025-05-17T08:18:03.468686+00:00 DEBUG 'ansible_navigator.main' Prior to rollback: images_details = '['everything']' (list/Defaults)
2025-05-17T08:18:03.468703+00:00 DEBUG 'ansible_navigator.main' Prior to rollback: inventory = 'Not set' (Constants/Not set)
2025-05-17T08:18:03.468720+00:00 DEBUG 'ansible_navigator.main' Prior to rollback: inventory_column = 'Not set' (Constants/Not set)
2025-05-17T08:18:03.468736+00:00 DEBUG 'ansible_navigator.main' Prior to rollback: lint_config = 'Not set' (Constants/Not set)
2025-05-17T08:18:03.468753+00:00 DEBUG 'ansible_navigator.main' Prior to rollback: lintables = 'Not set' (Constants/Not set)
2025-05-17T08:18:03.468770+00:00 DEBUG 'ansible_navigator.main' Prior to rollback: log_append = 'True' (bool/Defaults)
2025-05-17T08:18:03.468786+00:00 DEBUG 'ansible_navigator.main' Prior to rollback: log_file = '/home/devops/jenkins-ci-plt/ansible-navigator.log' (str/Defaults)
2025-05-17T08:18:03.468803+00:00 DEBUG 'ansible_navigator.main' Prior to rollback: log_level = 'critical' (str/Settings file)
2025-05-17T08:18:03.468820+00:00 DEBUG 'ansible_navigator.main' Prior to rollback: mode = 'stdout' (str/Settings file)
2025-05-17T08:18:03.468836+00:00 DEBUG 'ansible_navigator.main' Prior to rollback: osc4 = 'True' (bool/Defaults)
2025-05-17T08:18:03.468853+00:00 DEBUG 'ansible_navigator.main' Prior to rollback: pass_environment_variable = 'Not set' (Constants/Not set)
2025-05-17T08:18:03.468869+00:00 DEBUG 'ansible_navigator.main' Prior to rollback: playbook = 'Not set' (Constants/Not set)
2025-05-17T08:18:03.468886+00:00 DEBUG 'ansible_navigator.main' Prior to rollback: playbook_artifact_enable = 'False' (bool/Settings file)
2025-05-17T08:18:03.468904+00:00 DEBUG 'ansible_navigator.main' Prior to rollback: playbook_artifact_replay = 'Not set' (Constants/Not set)
2025-05-17T08:18:03.468923+00:00 DEBUG 'ansible_navigator.main' Prior to rollback: playbook_artifact_save_as = '{playbook_dir}/{playbook_name}-artifact-{time_stamp}.json' (str/Defaults)
2025-05-17T08:18:03.468940+00:00 DEBUG 'ansible_navigator.main' Prior to rollback: plugin_name = 'Not set' (Constants/Not set)
2025-05-17T08:18:03.468957+00:00 DEBUG 'ansible_navigator.main' Prior to rollback: plugin_type = 'module' (str/Defaults)
2025-05-17T08:18:03.468974+00:00 DEBUG 'ansible_navigator.main' Prior to rollback: pull_arguments = 'Not set' (Constants/Not set)
2025-05-17T08:18:03.468991+00:00 DEBUG 'ansible_navigator.main' Prior to rollback: pull_policy = 'missing' (str/Settings file)
2025-05-17T08:18:03.469008+00:00 DEBUG 'ansible_navigator.main' Prior to rollback: set_environment_variable = '{'ANSIBLE_CONFIG': 'ansible.cfg'}' (dict/Settings file)
2025-05-17T08:18:03.469025+00:00 DEBUG 'ansible_navigator.main' Prior to rollback: settings_effective = 'False' (bool/Defaults)
2025-05-17T08:18:03.469111+00:00 DEBUG 'ansible_navigator.main' Prior to rollback: settings_sample = 'False' (bool/Defaults)
2025-05-17T08:18:03.469137+00:00 DEBUG 'ansible_navigator.main' Prior to rollback: settings_schema = 'json' (str/Defaults)
2025-05-17T08:18:03.469156+00:00 DEBUG 'ansible_navigator.main' Prior to rollback: settings_sources = 'False' (bool/Defaults)
2025-05-17T08:18:03.469173+00:00 DEBUG 'ansible_navigator.main' Prior to rollback: time_zone = 'UTC' (str/Defaults)
2025-05-17T08:18:03.469190+00:00 DEBUG 'ansible_navigator.main' Prior to rollback: workdir = '/home/devops/jenkins-ci-plt' (str/Defaults)
2025-05-17T08:18:03.469208+00:00 DEBUG 'ansible_navigator.main' After rollback: ansible_runner_artifact_dir = 'Not set' (Constants/Not set)
2025-05-17T08:18:03.469224+00:00 DEBUG 'ansible_navigator.main' After rollback: ansible_runner_rotate_artifacts_count = 'Not set' (Constants/Not set)
2025-05-17T08:18:03.469241+00:00 DEBUG 'ansible_navigator.main' After rollback: ansible_runner_timeout = 'Not set' (Constants/Not set)
2025-05-17T08:18:03.469263+00:00 DEBUG 'ansible_navigator.main' After rollback: app = 'Not set' (Constants/Not set)
2025-05-17T08:18:03.469280+00:00 DEBUG 'ansible_navigator.main' After rollback: cmdline = 'Not set' (Constants/Not set)
2025-05-17T08:18:03.469297+00:00 DEBUG 'ansible_navigator.main' After rollback: collection_doc_cache_path = 'Not set' (Constants/Not set)
2025-05-17T08:18:03.469314+00:00 DEBUG 'ansible_navigator.main' After rollback: config = 'Not set' (Constants/Not set)
2025-05-17T08:18:03.469331+00:00 DEBUG 'ansible_navigator.main' After rollback: container_engine = 'Not set' (Constants/Not set)
2025-05-17T08:18:03.469347+00:00 DEBUG 'ansible_navigator.main' After rollback: container_options = 'Not set' (Constants/Not set)
2025-05-17T08:18:03.469363+00:00 DEBUG 'ansible_navigator.main' After rollback: display_color = 'Not set' (Constants/Not set)
2025-05-17T08:18:03.469380+00:00 DEBUG 'ansible_navigator.main' After rollback: editor_command = 'Not set' (Constants/Not set)
2025-05-17T08:18:03.469396+00:00 DEBUG 'ansible_navigator.main' After rollback: editor_console = 'Not set' (Constants/Not set)
2025-05-17T08:18:03.469416+00:00 DEBUG 'ansible_navigator.main' After rollback: exec_command = 'Not set' (Constants/Not set)
2025-05-17T08:18:03.469439+00:00 DEBUG 'ansible_navigator.main' After rollback: exec_shell = 'Not set' (Constants/Not set)
2025-05-17T08:18:03.469463+00:00 DEBUG 'ansible_navigator.main' After rollback: execution_environment = 'Not set' (Constants/Not set)
2025-05-17T08:18:03.469481+00:00 DEBUG 'ansible_navigator.main' After rollback: execution_environment_image = 'Not set' (Constants/Not set)
2025-05-17T08:18:03.469499+00:00 DEBUG 'ansible_navigator.main' After rollback: execution_environment_volume_mounts = 'Not set' (Constants/Not set)
2025-05-17T08:18:03.469516+00:00 DEBUG 'ansible_navigator.main' After rollback: help_builder = 'Not set' (Constants/Not set)
2025-05-17T08:18:03.469533+00:00 DEBUG 'ansible_navigator.main' After rollback: help_config = 'Not set' (Constants/Not set)
2025-05-17T08:18:03.469593+00:00 DEBUG 'ansible_navigator.main' After rollback: help_doc = 'Not set' (Constants/Not set)
2025-05-17T08:18:03.469611+00:00 DEBUG 'ansible_navigator.main' After rollback: help_inventory = 'Not set' (Constants/Not set)
2025-05-17T08:18:03.469628+00:00 DEBUG 'ansible_navigator.main' After rollback: help_playbook = 'Not set' (Constants/Not set)
2025-05-17T08:18:03.469645+00:00 DEBUG 'ansible_navigator.main' After rollback: images_details = 'Not set' (Constants/Not set)
2025-05-17T08:18:03.469661+00:00 DEBUG 'ansible_navigator.main' After rollback: inventory = 'Not set' (Constants/Not set)
2025-05-17T08:18:03.469678+00:00 DEBUG 'ansible_navigator.main' After rollback: inventory_column = 'Not set' (Constants/Not set)
2025-05-17T08:18:03.469695+00:00 DEBUG 'ansible_navigator.main' After rollback: lint_config = 'Not set' (Constants/Not set)
2025-05-17T08:18:03.469712+00:00 DEBUG 'ansible_navigator.main' After rollback: lintables = 'Not set' (Constants/Not set)
2025-05-17T08:18:03.469728+00:00 DEBUG 'ansible_navigator.main' After rollback: log_append = 'Not set' (Constants/Not set)
2025-05-17T08:18:03.469744+00:00 DEBUG 'ansible_navigator.main' After rollback: log_file = 'Not set' (Constants/Not set)
2025-05-17T08:18:03.469761+00:00 DEBUG 'ansible_navigator.main' After rollback: log_level = 'Not set' (Constants/Not set)
2025-05-17T08:18:03.469777+00:00 DEBUG 'ansible_navigator.main' After rollback: mode = 'Not set' (Constants/Not set)
2025-05-17T08:18:03.469794+00:00 DEBUG 'ansible_navigator.main' After rollback: osc4 = 'Not set' (Constants/Not set)
2025-05-17T08:18:03.469810+00:00 DEBUG 'ansible_navigator.main' After rollback: pass_environment_variable = 'Not set' (Constants/Not set)
2025-05-17T08:18:03.469827+00:00 DEBUG 'ansible_navigator.main' After rollback: playbook = 'Not set' (Constants/Not set)
2025-05-17T08:18:03.469844+00:00 DEBUG 'ansible_navigator.main' After rollback: playbook_artifact_enable = 'Not set' (Constants/Not set)
2025-05-17T08:18:03.469860+00:00 DEBUG 'ansible_navigator.main' After rollback: playbook_artifact_replay = 'Not set' (Constants/Not set)
2025-05-17T08:18:03.469880+00:00 DEBUG 'ansible_navigator.main' After rollback: playbook_artifact_save_as = 'Not set' (Constants/Not set)
2025-05-17T08:18:03.469898+00:00 DEBUG 'ansible_navigator.main' After rollback: plugin_name = 'Not set' (Constants/Not set)
2025-05-17T08:18:03.469914+00:00 DEBUG 'ansible_navigator.main' After rollback: plugin_type = 'Not set' (Constants/Not set)
2025-05-17T08:18:03.469930+00:00 DEBUG 'ansible_navigator.main' After rollback: pull_arguments = 'Not set' (Constants/Not set)
2025-05-17T08:18:03.469947+00:00 DEBUG 'ansible_navigator.main' After rollback: pull_policy = 'Not set' (Constants/Not set)
2025-05-17T08:18:03.469963+00:00 DEBUG 'ansible_navigator.main' After rollback: set_environment_variable = 'Not set' (Constants/Not set)
2025-05-17T08:18:03.469980+00:00 DEBUG 'ansible_navigator.main' After rollback: settings_effective = 'Not set' (Constants/Not set)
2025-05-17T08:18:03.469996+00:00 DEBUG 'ansible_navigator.main' After rollback: settings_sample = 'Not set' (Constants/Not set)
2025-05-17T08:18:03.470012+00:00 DEBUG 'ansible_navigator.main' After rollback: settings_schema = 'Not set' (Constants/Not set)
2025-05-17T08:18:03.470029+00:00 DEBUG 'ansible_navigator.main' After rollback: settings_sources = 'Not set' (Constants/Not set)
2025-05-17T08:18:03.470114+00:00 DEBUG 'ansible_navigator.main' After rollback: time_zone = 'Not set' (Constants/Not set)
2025-05-17T08:18:03.470134+00:00 DEBUG 'ansible_navigator.main' After rollback: workdir = 'Not set' (Constants/Not set)
2025-05-17T08:18:03.470152+00:00 DEBUG 'ansible_navigator.main' Configuration rollback complete.
2025-05-17T08:18:03.470169+00:00 DEBUG 'ansible_navigator.main' Collection doc cache not mounted
2025-05-17T08:18:03.470192+00:00 WARNING 'ansible_navigator.main' Issues were found while applying the settings.
2025-05-17T08:18:03.470212+00:00 INFO 'ansible_navigator.main' Command provided: '00-deploy-prep.yml'
2025-05-17T08:18:03.470234+00:00 ERROR 'ansible_navigator.main' argument {subcommand} --help: invalid choice: '00-deploy-prep.yml' (choose from 'builder', 'collections', 'config', 'doc', 'exec', 'images', 'inventory', 'lint', 'replay', 'run', 'settings', 'welcome')
2025-05-17T08:18:03.470254+00:00 INFO 'ansible_navigator.main' Configuration failed, using default log file location. (/home/devops/jenkins-ci-plt/ansible-navigator.log) Log level set to debug
2025-05-17T08:18:03.470274+00:00 INFO 'ansible_navigator.main' Review the hints and log file to see what went wrong.
2025-05-18T14:47:54.006277+00:00 INFO 'ansible_navigator.setup_logger' New ansible-navigator instance, logging initialized
2025-05-18T14:47:54.007934+00:00 INFO 'ansible_navigator.setup_logger' New ansible-runner instance, logging initialized
2025-05-18T14:47:54.008134+00:00 DEBUG 'ansible_navigator.main' ansible-builder==1.1.0 /usr/lib/python3.9/site-packages
2025-05-18T14:47:54.008180+00:00 DEBUG 'ansible_navigator.main' ansible-core==2.13.0 /usr/lib/python3.9/site-packages
2025-05-18T14:47:54.008211+00:00 DEBUG 'ansible_navigator.main' ansible-navigator==2.1.0 /usr/lib/python3.9/site-packages
2025-05-18T14:47:54.008239+00:00 DEBUG 'ansible_navigator.main' ansible-runner==2.2.0 /usr/lib/python3.9/site-packages
2025-05-18T14:47:54.008266+00:00 DEBUG 'ansible_navigator.main' attrs==21.4.0 /usr/lib/python3.9/site-packages
2025-05-18T14:47:54.008294+00:00 DEBUG 'ansible_navigator.main' babel==2.9.1 /usr/lib/python3.9/site-packages
2025-05-18T14:47:54.008320+00:00 DEBUG 'ansible_navigator.main' bindep==2.10.2 /usr/lib/python3.9/site-packages
2025-05-18T14:47:54.008346+00:00 DEBUG 'ansible_navigator.main' brlapi==0.8.2 /usr/lib64/python3.9/site-packages
2025-05-18T14:47:54.008373+00:00 DEBUG 'ansible_navigator.main' certifi==2020.6.20 /usr/lib/python3.9/site-packages
2025-05-18T14:47:54.008399+00:00 DEBUG 'ansible_navigator.main' cffi==1.15.0 /usr/lib64/python3.9/site-packages
2025-05-18T14:47:54.008442+00:00 DEBUG 'ansible_navigator.main' chardet==4.0.0 /usr/lib/python3.9/site-packages
2025-05-18T14:47:54.008610+00:00 DEBUG 'ansible_navigator.main' charset-normalizer==2.0.11 /usr/lib/python3.9/site-packages
2025-05-18T14:47:54.008651+00:00 DEBUG 'ansible_navigator.main' chrome-gnome-shell==0.0.0 /usr/lib/python3.9/site-packages
2025-05-18T14:47:54.008684+00:00 DEBUG 'ansible_navigator.main' cloud-init==21.1 /usr/lib/python3.9/site-packages
2025-05-18T14:47:54.008713+00:00 DEBUG 'ansible_navigator.main' configobj==5.0.6 /usr/lib/python3.9/site-packages
2025-05-18T14:47:54.008744+00:00 DEBUG 'ansible_navigator.main' cryptography==36.0.1 /usr/lib64/python3.9/site-packages
2025-05-18T14:47:54.008772+00:00 DEBUG 'ansible_navigator.main' cupshelpers==1.0 /usr/lib/python3.9/site-packages
2025-05-18T14:47:54.008804+00:00 DEBUG 'ansible_navigator.main' dasbus==1.4 /usr/lib/python3.9/site-packages
2025-05-18T14:47:54.008829+00:00 DEBUG 'ansible_navigator.main' dbus-python==1.2.18 /usr/lib64/python3.9/site-packages
2025-05-18T14:47:54.008848+00:00 DEBUG 'ansible_navigator.main' decorator==4.4.2 /usr/lib/python3.9/site-packages
2025-05-18T14:47:54.008867+00:00 DEBUG 'ansible_navigator.main' distlib==0.3.4 /usr/local/lib/python3.9/site-packages
2025-05-18T14:47:54.008885+00:00 DEBUG 'ansible_navigator.main' distro==1.6.0 /usr/lib/python3.9/site-packages
2025-05-18T14:47:54.008903+00:00 DEBUG 'ansible_navigator.main' docutils==0.16 /usr/lib/python3.9/site-packages
2025-05-18T14:47:54.008920+00:00 DEBUG 'ansible_navigator.main' ethtool==0.15 /usr/lib64/python3.9/site-packages
2025-05-18T14:47:54.008950+00:00 DEBUG 'ansible_navigator.main' file-magic==0.4.0 /usr/lib/python3.9/site-packages
2025-05-18T14:47:54.009058+00:00 DEBUG 'ansible_navigator.main' filelock==3.7.0 /usr/local/lib/python3.9/site-packages
2025-05-18T14:47:54.009089+00:00 DEBUG 'ansible_navigator.main' gpg==1.15.1 /usr/lib64/python3.9/site-packages
2025-05-18T14:47:54.009118+00:00 DEBUG 'ansible_navigator.main' idna==3.3 /usr/lib/python3.9/site-packages
2025-05-18T14:47:54.009144+00:00 DEBUG 'ansible_navigator.main' iniparse==0.4 /usr/lib/python3.9/site-packages
2025-05-18T14:47:54.009169+00:00 DEBUG 'ansible_navigator.main' jinja2==3.0.3 /usr/lib/python3.9/site-packages
2025-05-18T14:47:54.009196+00:00 DEBUG 'ansible_navigator.main' jsonpatch==1.21 /usr/lib/python3.9/site-packages
2025-05-18T14:47:54.009223+00:00 DEBUG 'ansible_navigator.main' jsonpointer==2.0 /usr/lib/python3.9/site-packages
2025-05-18T14:47:54.009250+00:00 DEBUG 'ansible_navigator.main' jsonschema==3.2.0 /usr/lib/python3.9/site-packages
2025-05-18T14:47:54.009278+00:00 DEBUG 'ansible_navigator.main' libcomps==0.1.18 /usr/lib64/python3.9/site-packages
2025-05-18T14:47:54.009307+00:00 DEBUG 'ansible_navigator.main' lockfile==0.12.2 /usr/lib/python3.9/site-packages
2025-05-18T14:47:54.009336+00:00 DEBUG 'ansible_navigator.main' lxml==4.6.5 /usr/lib64/python3.9/site-packages
2025-05-18T14:47:54.009364+00:00 DEBUG 'ansible_navigator.main' markupsafe==2.1.0 /usr/lib64/python3.9/site-packages
2025-05-18T14:47:54.009393+00:00 DEBUG 'ansible_navigator.main' netifaces==0.10.6 /usr/lib64/python3.9/site-packages
2025-05-18T14:47:54.009423+00:00 DEBUG 'ansible_navigator.main' nftables==0.1 /usr/lib/python3.9/site-packages
2025-05-18T14:47:54.009452+00:00 DEBUG 'ansible_navigator.main' oauthlib==3.1.1 /usr/lib/python3.9/site-packages
2025-05-18T14:47:54.009540+00:00 DEBUG 'ansible_navigator.main' onigurumacffi==1.1.0 /usr/lib64/python3.9/site-packages
2025-05-18T14:47:54.009588+00:00 DEBUG 'ansible_navigator.main' packaging==21.2 /usr/lib/python3.9/site-packages
2025-05-18T14:47:54.009620+00:00 DEBUG 'ansible_navigator.main' parsley==1.3 /usr/lib/python3.9/site-packages
2025-05-18T14:47:54.009641+00:00 DEBUG 'ansible_navigator.main' pbr==5.8.1 /usr/lib/python3.9/site-packages
2025-05-18T14:47:54.009660+00:00 DEBUG 'ansible_navigator.main' perf==0.1 /usr/lib64/python3.9/site-packages
2025-05-18T14:47:54.009678+00:00 DEBUG 'ansible_navigator.main' pexpect==4.8.0 /usr/lib/python3.9/site-packages
2025-05-18T14:47:54.009696+00:00 DEBUG 'ansible_navigator.main' pip==21.2.3 /usr/lib/python3.9/site-packages
2025-05-18T14:47:54.009726+00:00 DEBUG 'ansible_navigator.main' platformdirs==2.5.2 /usr/local/lib/python3.9/site-packages
2025-05-18T14:47:54.009745+00:00 DEBUG 'ansible_navigator.main' ply==3.11 /usr/lib/python3.9/site-packages
2025-05-18T14:47:54.009763+00:00 DEBUG 'ansible_navigator.main' prettytable==0.7.2 /usr/lib/python3.9/site-packages
2025-05-18T14:47:54.009782+00:00 DEBUG 'ansible_navigator.main' psutil==5.8.0 /usr/lib64/python3.9/site-packages
2025-05-18T14:47:54.009800+00:00 DEBUG 'ansible_navigator.main' ptyprocess==0.6.0 /usr/lib/python3.9/site-packages
2025-05-18T14:47:54.009818+00:00 DEBUG 'ansible_navigator.main' pycairo==1.20.0 /usr/lib64/python3.9/site-packages
2025-05-18T14:47:54.009836+00:00 DEBUG 'ansible_navigator.main' pycparser==2.21 /usr/lib/python3.9/site-packages
2025-05-18T14:47:54.009855+00:00 DEBUG 'ansible_navigator.main' pycups==2.0.1 /usr/lib64/python3.9/site-packages
2025-05-18T14:47:54.009881+00:00 DEBUG 'ansible_navigator.main' pycurl==7.43.0.6 /usr/lib64/python3.9/site-packages
2025-05-18T14:47:54.009910+00:00 DEBUG 'ansible_navigator.main' pyenchant==3.2.0 /usr/lib/python3.9/site-packages
2025-05-18T14:47:54.009940+00:00 DEBUG 'ansible_navigator.main' pygobject==3.40.1 /usr/lib64/python3.9/site-packages
2025-05-18T14:47:54.010227+00:00 DEBUG 'ansible_navigator.main' pyinotify==0.9.6 /usr/lib/python3.9/site-packages
2025-05-18T14:47:54.010320+00:00 DEBUG 'ansible_navigator.main' pyopenssl==19.1.0 /usr/lib/python3.9/site-packages
2025-05-18T14:47:54.010354+00:00 DEBUG 'ansible_navigator.main' pyparsing==2.4.7 /usr/lib/python3.9/site-packages
2025-05-18T14:47:54.010386+00:00 DEBUG 'ansible_navigator.main' pyrsistent==0.17.3 /usr/lib64/python3.9/site-packages
2025-05-18T14:47:54.010416+00:00 DEBUG 'ansible_navigator.main' pyserial==3.4 /usr/lib/python3.9/site-packages
2025-05-18T14:47:54.010446+00:00 DEBUG 'ansible_navigator.main' pysocks==1.7.1 /usr/lib/python3.9/site-packages
2025-05-18T14:47:54.010590+00:00 DEBUG 'ansible_navigator.main' python-daemon==2.3.0 /usr/lib/python3.9/site-packages
2025-05-18T14:47:54.010643+00:00 DEBUG 'ansible_navigator.main' python-dateutil==2.8.1 /usr/lib/python3.9/site-packages
2025-05-18T14:47:54.010679+00:00 DEBUG 'ansible_navigator.main' python-dmidecode==3.12.2 /usr/lib64/python3.9/site-packages
2025-05-18T14:47:54.010709+00:00 DEBUG 'ansible_navigator.main' python-linux-procfs==0.7.0 /usr/lib/python3.9/site-packages
2025-05-18T14:47:54.010739+00:00 DEBUG 'ansible_navigator.main' pytz==2021.3 /usr/lib/python3.9/site-packages
2025-05-18T14:47:54.010772+00:00 DEBUG 'ansible_navigator.main' pyudev==0.22.0 /usr/lib/python3.9/site-packages
2025-05-18T14:47:54.010818+00:00 DEBUG 'ansible_navigator.main' pyxdg==0.27 /usr/lib/python3.9/site-packages
2025-05-18T14:47:54.010853+00:00 DEBUG 'ansible_navigator.main' pyyaml==5.4.1 /usr/lib64/python3.9/site-packages
2025-05-18T14:47:54.010883+00:00 DEBUG 'ansible_navigator.main' requests==2.27.1 /usr/lib/python3.9/site-packages
2025-05-18T14:47:54.010914+00:00 DEBUG 'ansible_navigator.main' requirements-parser==0.2.0 /usr/lib/python3.9/site-packages
2025-05-18T14:47:54.010944+00:00 DEBUG 'ansible_navigator.main' resolvelib==0.5.4 /usr/lib/python3.9/site-packages
2025-05-18T14:47:54.011026+00:00 DEBUG 'ansible_navigator.main' rpm==4.16.1.3 /usr/lib64/python3.9/site-packages
2025-05-18T14:47:54.011062+00:00 DEBUG 'ansible_navigator.main' selinux==3.3 /usr/lib64/python3.9/site-packages
2025-05-18T14:47:54.011097+00:00 DEBUG 'ansible_navigator.main' sepolicy==3.3 /usr/lib/python3.9/site-packages
2025-05-18T14:47:54.011136+00:00 DEBUG 'ansible_navigator.main' setools==4.4.0 /usr/lib64/python3.9/site-packages
2025-05-18T14:47:54.011170+00:00 DEBUG 'ansible_navigator.main' setroubleshoot==1.1 /usr/lib/python3.9/site-packages
2025-05-18T14:47:54.011197+00:00 DEBUG 'ansible_navigator.main' setuptools==53.0.0 /usr/lib/python3.9/site-packages
2025-05-18T14:47:54.011217+00:00 DEBUG 'ansible_navigator.main' six==1.16.0 /usr/lib/python3.9/site-packages
2025-05-18T14:47:54.011235+00:00 DEBUG 'ansible_navigator.main' sos==4.2 /usr/lib/python3.9/site-packages
2025-05-18T14:47:54.011361+00:00 DEBUG 'ansible_navigator.main' subscription-manager==1.29.26 /usr/lib64/python3.9/site-packages
2025-05-18T14:47:54.011382+00:00 DEBUG 'ansible_navigator.main' systemd-python==234 /usr/lib64/python3.9/site-packages
2025-05-18T14:47:54.011401+00:00 DEBUG 'ansible_navigator.main' urllib3==1.26.8 /usr/lib/python3.9/site-packages
2025-05-18T14:47:54.011419+00:00 DEBUG 'ansible_navigator.main' virtualenv==20.14.1 /usr/local/lib/python3.9/site-packages
2025-05-18T14:47:54.011437+00:00 DEBUG 'ansible_navigator.main' Share directory '/usr/lib/python3.9/share/ansible_navigator' not found (development path)
2025-05-18T14:47:54.011623+00:00 DEBUG 'ansible_navigator.main' Share directory '/home/devops/.local/share/ansible_navigator' not found (userbase)
2025-05-18T14:47:54.011688+00:00 DEBUG 'ansible_navigator.main' Share directory '/usr/share/ansible_navigator' found (sys.prefix)
2025-05-18T14:47:54.011711+00:00 DEBUG 'ansible_navigator.main' Default collection_doc_cache_path set to: /home/devops/.cache/ansible-navigator/collection_doc_cache.db
2025-05-18T14:47:54.011731+00:00 DEBUG 'ansible_navigator.main' EDITOR environment variable not set
2025-05-18T14:47:54.011771+00:00 DEBUG 'ansible_navigator.main' Default editor_command set to: vi +{line_number} {filename}
2025-05-18T14:47:54.011799+00:00 DEBUG 'ansible_navigator.main' No config file set by ANSIBLE_NAVIGATOR_CONFIG
2025-05-18T14:47:54.011819+00:00 DEBUG 'ansible_navigator.main' Looking in /home/devops
2025-05-18T14:47:54.011838+00:00 DEBUG 'ansible_navigator.main' Looking for '/home/devops/.ansible-navigator.yml', '/home/devops/.ansible-navigator.yaml' and '/home/devops/.ansible-navigator.json'
2025-05-18T14:47:54.011857+00:00 DEBUG 'ansible_navigator.main' Found 0: 
2025-05-18T14:47:54.011876+00:00 DEBUG 'ansible_navigator.main' Looking in /home/devops/jenkins-ci-plt
2025-05-18T14:47:54.011894+00:00 DEBUG 'ansible_navigator.main' Looking for '/home/devops/jenkins-ci-plt/ansible-navigator.yml', '/home/devops/jenkins-ci-plt/ansible-navigator.yaml' and '/home/devops/jenkins-ci-plt/ansible-navigator.json'
2025-05-18T14:47:54.011914+00:00 DEBUG 'ansible_navigator.main' Found 1: '/home/devops/jenkins-ci-plt/ansible-navigator.yml'
2025-05-18T14:47:54.011933+00:00 DEBUG 'ansible_navigator.main' All found 1: '/home/devops/jenkins-ci-plt/ansible-navigator.yml'
2025-05-18T14:47:54.011950+00:00 DEBUG 'ansible_navigator.main' Using: /home/devops/jenkins-ci-plt/ansible-navigator.yml
2025-05-18T14:47:54.012025+00:00 DEBUG 'ansible_navigator.main' Using settings file at /home/devops/jenkins-ci-plt/ansible-navigator.yml in search path
2025-05-18T14:47:54.012060+00:00 DEBUG 'ansible_navigator.main' Command provided: 'docs ansible.poxis.firewalld'
2025-05-18T14:47:54.012083+00:00 DEBUG 'ansible_navigator.main' ansible-navigator.ansible-runner.artifact-dir not found in settings file
2025-05-18T14:47:54.012103+00:00 DEBUG 'ansible_navigator.main' ansible-navigator.ansible-runner.rotate-artifacts-count not found in settings file
2025-05-18T14:47:54.012121+00:00 DEBUG 'ansible_navigator.main' ansible-navigator.ansible-runner.timeout not found in settings file
2025-05-18T14:47:54.012140+00:00 DEBUG 'ansible_navigator.main' ansible-navigator.app not found in settings file
2025-05-18T14:47:54.012158+00:00 DEBUG 'ansible_navigator.main' ansible-navigator.ansible.cmdline not found in settings file
2025-05-18T14:47:54.012176+00:00 DEBUG 'ansible_navigator.main' ansible-navigator.collection-doc-cache-path not found in settings file
2025-05-18T14:47:54.012195+00:00 DEBUG 'ansible_navigator.main' ansible-navigator.execution-environment.container-options not found in settings file
2025-05-18T14:47:54.012239+00:00 DEBUG 'ansible_navigator.main' ansible-navigator.color.enable not found in settings file
2025-05-18T14:47:54.012272+00:00 DEBUG 'ansible_navigator.main' ansible-navigator.editor.command not found in settings file
2025-05-18T14:47:54.012303+00:00 DEBUG 'ansible_navigator.main' ansible-navigator.editor.console not found in settings file
2025-05-18T14:47:54.012335+00:00 DEBUG 'ansible_navigator.main' ansible-navigator.exec.command not found in settings file
2025-05-18T14:47:54.012354+00:00 DEBUG 'ansible_navigator.main' ansible-navigator.exec.shell not found in settings file
2025-05-18T14:47:54.012373+00:00 DEBUG 'ansible_navigator.main' ansible-navigator.execution-environment.volume-mounts not found in settings file
2025-05-18T14:47:54.012391+00:00 DEBUG 'ansible_navigator.main' ansible-navigator.ansible-builder.help not found in settings file
2025-05-18T14:47:54.012410+00:00 DEBUG 'ansible_navigator.main' ansible-navigator.ansible.config.help not found in settings file
2025-05-18T14:47:54.012427+00:00 DEBUG 'ansible_navigator.main' ansible-navigator.ansible.doc.help not found in settings file
2025-05-18T14:47:54.012445+00:00 DEBUG 'ansible_navigator.main' ansible-navigator.ansible.inventory.help not found in settings file
2025-05-18T14:47:54.012594+00:00 DEBUG 'ansible_navigator.main' ansible-navigator.ansible.playbook.help not found in settings file
2025-05-18T14:47:54.012642+00:00 DEBUG 'ansible_navigator.main' ansible-navigator.images.details not found in settings file
2025-05-18T14:47:54.012664+00:00 DEBUG 'ansible_navigator.main' ansible-navigator.ansible.inventory.entries not found in settings file
2025-05-18T14:47:54.012683+00:00 DEBUG 'ansible_navigator.main' ansible-navigator.inventory-columns not found in settings file
2025-05-18T14:47:54.012702+00:00 DEBUG 'ansible_navigator.main' ansible-navigator.ansible-lint.config not found in settings file
2025-05-18T14:47:54.012721+00:00 DEBUG 'ansible_navigator.main' ansible-navigator.ansible-lint.lintables not found in settings file
2025-05-18T14:47:54.012739+00:00 DEBUG 'ansible_navigator.main' ansible-navigator.logging.append not found in settings file
2025-05-18T14:47:54.012757+00:00 DEBUG 'ansible_navigator.main' ansible-navigator.logging.file not found in settings file
2025-05-18T14:47:54.012774+00:00 DEBUG 'ansible_navigator.main' ansible-navigator.color.osc4 not found in settings file
2025-05-18T14:47:54.012792+00:00 DEBUG 'ansible_navigator.main' ansible-navigator.execution-environment.environment-variables.pass not found in settings file
2025-05-18T14:47:54.012810+00:00 DEBUG 'ansible_navigator.main' ansible-navigator.ansible.playbook.path not found in settings file
2025-05-18T14:47:54.012828+00:00 DEBUG 'ansible_navigator.main' ansible-navigator.playbook-artifact.replay not found in settings file
2025-05-18T14:47:54.012846+00:00 DEBUG 'ansible_navigator.main' ansible-navigator.playbook-artifact.save-as not found in settings file
2025-05-18T14:47:54.012865+00:00 DEBUG 'ansible_navigator.main' ansible-navigator.ansible.doc.plugin.name not found in settings file
2025-05-18T14:47:54.012890+00:00 DEBUG 'ansible_navigator.main' ansible-navigator.ansible.doc.plugin.type not found in settings file
2025-05-18T14:47:54.012913+00:00 DEBUG 'ansible_navigator.main' ansible-navigator.execution-environment.pull.arguments not found in settings file
2025-05-18T14:47:54.012938+00:00 DEBUG 'ansible_navigator.main' ansible-navigator.settings.effective not found in settings file
2025-05-18T14:47:54.012980+00:00 DEBUG 'ansible_navigator.main' ansible-navigator.settings.sample not found in settings file
2025-05-18T14:47:54.013029+00:00 DEBUG 'ansible_navigator.main' ansible-navigator.settings.schema not found in settings file
2025-05-18T14:47:54.013070+00:00 DEBUG 'ansible_navigator.main' ansible-navigator.settings.sources not found in settings file
2025-05-18T14:47:54.013099+00:00 DEBUG 'ansible_navigator.main' ansible-navigator.time-zone not found in settings file
2025-05-18T14:47:54.013125+00:00 DEBUG 'ansible_navigator.main' ansible-navigator.ansible-builder.workdir not found in settings file
2025-05-18T14:47:54.013155+00:00 WARNING 'ansible_navigator.main' Configuration errors encountered, rolling back to previous configuration.
2025-05-18T14:47:54.013185+00:00 DEBUG 'ansible_navigator.main' Prior to rollback: ansible_runner_artifact_dir = 'Not set' (Constants/Not set)
2025-05-18T14:47:54.013213+00:00 DEBUG 'ansible_navigator.main' Prior to rollback: ansible_runner_rotate_artifacts_count = 'Not set' (Constants/Not set)
2025-05-18T14:47:54.013250+00:00 DEBUG 'ansible_navigator.main' Prior to rollback: ansible_runner_timeout = 'Not set' (Constants/Not set)
2025-05-18T14:47:54.013278+00:00 DEBUG 'ansible_navigator.main' Prior to rollback: app = 'welcome' (str/Defaults)
2025-05-18T14:47:54.013298+00:00 DEBUG 'ansible_navigator.main' Prior to rollback: cmdline = '['docs', 'ansible.poxis.firewalld']' (list/Command line)
2025-05-18T14:47:54.013317+00:00 DEBUG 'ansible_navigator.main' Prior to rollback: collection_doc_cache_path = '/home/devops/.cache/ansible-navigator/collection_doc_cache.db' (str/Defaults)
2025-05-18T14:47:54.013336+00:00 DEBUG 'ansible_navigator.main' Prior to rollback: config = './ansible.cfg' (str/Settings file)
2025-05-18T14:47:54.013354+00:00 DEBUG 'ansible_navigator.main' Prior to rollback: container_engine = 'podman' (str/Settings file)
2025-05-18T14:47:54.013372+00:00 DEBUG 'ansible_navigator.main' Prior to rollback: container_options = 'Not set' (Constants/Not set)
2025-05-18T14:47:54.013390+00:00 DEBUG 'ansible_navigator.main' Prior to rollback: display_color = 'True' (bool/Defaults)
2025-05-18T14:47:54.013407+00:00 DEBUG 'ansible_navigator.main' Prior to rollback: editor_command = 'vi +{line_number} {filename}' (str/Defaults)
2025-05-18T14:47:54.013425+00:00 DEBUG 'ansible_navigator.main' Prior to rollback: editor_console = 'True' (bool/Defaults)
2025-05-18T14:47:54.013443+00:00 DEBUG 'ansible_navigator.main' Prior to rollback: exec_command = '/bin/bash' (str/Defaults)
2025-05-18T14:47:54.013513+00:00 DEBUG 'ansible_navigator.main' Prior to rollback: exec_shell = 'True' (bool/Defaults)
2025-05-18T14:47:54.013573+00:00 DEBUG 'ansible_navigator.main' Prior to rollback: execution_environment = 'True' (bool/Settings file)
2025-05-18T14:47:54.013599+00:00 DEBUG 'ansible_navigator.main' Prior to rollback: execution_environment_image = 'utility.lab.example.com/ansible-automation-platform-22/ee-supported-rhel8:latest' (str/Settings file)
2025-05-18T14:47:54.013620+00:00 DEBUG 'ansible_navigator.main' Prior to rollback: execution_environment_volume_mounts = 'Not set' (Constants/Not set)
2025-05-18T14:47:54.013640+00:00 DEBUG 'ansible_navigator.main' Prior to rollback: help_builder = 'False' (bool/Defaults)
2025-05-18T14:47:54.013658+00:00 DEBUG 'ansible_navigator.main' Prior to rollback: help_config = 'False' (bool/Defaults)
2025-05-18T14:47:54.013676+00:00 DEBUG 'ansible_navigator.main' Prior to rollback: help_doc = 'False' (bool/Defaults)
2025-05-18T14:47:54.013694+00:00 DEBUG 'ansible_navigator.main' Prior to rollback: help_inventory = 'False' (bool/Defaults)
2025-05-18T14:47:54.013712+00:00 DEBUG 'ansible_navigator.main' Prior to rollback: help_playbook = 'False' (bool/Defaults)
2025-05-18T14:47:54.013730+00:00 DEBUG 'ansible_navigator.main' Prior to rollback: images_details = '['everything']' (list/Defaults)
2025-05-18T14:47:54.013748+00:00 DEBUG 'ansible_navigator.main' Prior to rollback: inventory = 'Not set' (Constants/Not set)
2025-05-18T14:47:54.013765+00:00 DEBUG 'ansible_navigator.main' Prior to rollback: inventory_column = 'Not set' (Constants/Not set)
2025-05-18T14:47:54.013783+00:00 DEBUG 'ansible_navigator.main' Prior to rollback: lint_config = 'Not set' (Constants/Not set)
2025-05-18T14:47:54.013800+00:00 DEBUG 'ansible_navigator.main' Prior to rollback: lintables = 'Not set' (Constants/Not set)
2025-05-18T14:47:54.013818+00:00 DEBUG 'ansible_navigator.main' Prior to rollback: log_append = 'True' (bool/Defaults)
2025-05-18T14:47:54.013836+00:00 DEBUG 'ansible_navigator.main' Prior to rollback: log_file = '/home/devops/jenkins-ci-plt/ansible-navigator.log' (str/Defaults)
2025-05-18T14:47:54.013854+00:00 DEBUG 'ansible_navigator.main' Prior to rollback: log_level = 'critical' (str/Settings file)
2025-05-18T14:47:54.013871+00:00 DEBUG 'ansible_navigator.main' Prior to rollback: mode = 'stdout' (str/Settings file)
2025-05-18T14:47:54.013889+00:00 DEBUG 'ansible_navigator.main' Prior to rollback: osc4 = 'True' (bool/Defaults)
2025-05-18T14:47:54.013911+00:00 DEBUG 'ansible_navigator.main' Prior to rollback: pass_environment_variable = 'Not set' (Constants/Not set)
2025-05-18T14:47:54.013929+00:00 DEBUG 'ansible_navigator.main' Prior to rollback: playbook = 'Not set' (Constants/Not set)
2025-05-18T14:47:54.013947+00:00 DEBUG 'ansible_navigator.main' Prior to rollback: playbook_artifact_enable = 'False' (bool/Settings file)
2025-05-18T14:47:54.014168+00:00 DEBUG 'ansible_navigator.main' Prior to rollback: playbook_artifact_replay = 'Not set' (Constants/Not set)
2025-05-18T14:47:54.014268+00:00 DEBUG 'ansible_navigator.main' Prior to rollback: playbook_artifact_save_as = '{playbook_dir}/{playbook_name}-artifact-{time_stamp}.json' (str/Defaults)
2025-05-18T14:47:54.014322+00:00 DEBUG 'ansible_navigator.main' Prior to rollback: plugin_name = 'Not set' (Constants/Not set)
2025-05-18T14:47:54.014365+00:00 DEBUG 'ansible_navigator.main' Prior to rollback: plugin_type = 'module' (str/Defaults)
2025-05-18T14:47:54.014396+00:00 DEBUG 'ansible_navigator.main' Prior to rollback: pull_arguments = 'Not set' (Constants/Not set)
2025-05-18T14:47:54.014425+00:00 DEBUG 'ansible_navigator.main' Prior to rollback: pull_policy = 'missing' (str/Settings file)
2025-05-18T14:47:54.014517+00:00 DEBUG 'ansible_navigator.main' Prior to rollback: set_environment_variable = '{'ANSIBLE_CONFIG': 'ansible.cfg'}' (dict/Settings file)
2025-05-18T14:47:54.014574+00:00 DEBUG 'ansible_navigator.main' Prior to rollback: settings_effective = 'False' (bool/Defaults)
2025-05-18T14:47:54.014598+00:00 DEBUG 'ansible_navigator.main' Prior to rollback: settings_sample = 'False' (bool/Defaults)
2025-05-18T14:47:54.014626+00:00 DEBUG 'ansible_navigator.main' Prior to rollback: settings_schema = 'json' (str/Defaults)
2025-05-18T14:47:54.014672+00:00 DEBUG 'ansible_navigator.main' Prior to rollback: settings_sources = 'False' (bool/Defaults)
2025-05-18T14:47:54.014720+00:00 DEBUG 'ansible_navigator.main' Prior to rollback: time_zone = 'UTC' (str/Defaults)
2025-05-18T14:47:54.014743+00:00 DEBUG 'ansible_navigator.main' Prior to rollback: workdir = '/home/devops/jenkins-ci-plt' (str/Defaults)
2025-05-18T14:47:54.014762+00:00 DEBUG 'ansible_navigator.main' After rollback: ansible_runner_artifact_dir = 'Not set' (Constants/Not set)
2025-05-18T14:47:54.014780+00:00 DEBUG 'ansible_navigator.main' After rollback: ansible_runner_rotate_artifacts_count = 'Not set' (Constants/Not set)
2025-05-18T14:47:54.014797+00:00 DEBUG 'ansible_navigator.main' After rollback: ansible_runner_timeout = 'Not set' (Constants/Not set)
2025-05-18T14:47:54.014816+00:00 DEBUG 'ansible_navigator.main' After rollback: app = 'Not set' (Constants/Not set)
2025-05-18T14:47:54.014832+00:00 DEBUG 'ansible_navigator.main' After rollback: cmdline = 'Not set' (Constants/Not set)
2025-05-18T14:47:54.014849+00:00 DEBUG 'ansible_navigator.main' After rollback: collection_doc_cache_path = 'Not set' (Constants/Not set)
2025-05-18T14:47:54.014866+00:00 DEBUG 'ansible_navigator.main' After rollback: config = 'Not set' (Constants/Not set)
2025-05-18T14:47:54.014883+00:00 DEBUG 'ansible_navigator.main' After rollback: container_engine = 'Not set' (Constants/Not set)
2025-05-18T14:47:54.014901+00:00 DEBUG 'ansible_navigator.main' After rollback: container_options = 'Not set' (Constants/Not set)
2025-05-18T14:47:54.014918+00:00 DEBUG 'ansible_navigator.main' After rollback: display_color = 'Not set' (Constants/Not set)
2025-05-18T14:47:54.014936+00:00 DEBUG 'ansible_navigator.main' After rollback: editor_command = 'Not set' (Constants/Not set)
2025-05-18T14:47:54.014954+00:00 DEBUG 'ansible_navigator.main' After rollback: editor_console = 'Not set' (Constants/Not set)
2025-05-18T14:47:54.015112+00:00 DEBUG 'ansible_navigator.main' After rollback: exec_command = 'Not set' (Constants/Not set)
2025-05-18T14:47:54.015157+00:00 DEBUG 'ansible_navigator.main' After rollback: exec_shell = 'Not set' (Constants/Not set)
2025-05-18T14:47:54.015187+00:00 DEBUG 'ansible_navigator.main' After rollback: execution_environment = 'Not set' (Constants/Not set)
2025-05-18T14:47:54.015223+00:00 DEBUG 'ansible_navigator.main' After rollback: execution_environment_image = 'Not set' (Constants/Not set)
2025-05-18T14:47:54.015257+00:00 DEBUG 'ansible_navigator.main' After rollback: execution_environment_volume_mounts = 'Not set' (Constants/Not set)
2025-05-18T14:47:54.015290+00:00 DEBUG 'ansible_navigator.main' After rollback: help_builder = 'Not set' (Constants/Not set)
2025-05-18T14:47:54.015321+00:00 DEBUG 'ansible_navigator.main' After rollback: help_config = 'Not set' (Constants/Not set)
2025-05-18T14:47:54.015352+00:00 DEBUG 'ansible_navigator.main' After rollback: help_doc = 'Not set' (Constants/Not set)
2025-05-18T14:47:54.015382+00:00 DEBUG 'ansible_navigator.main' After rollback: help_inventory = 'Not set' (Constants/Not set)
2025-05-18T14:47:54.015414+00:00 DEBUG 'ansible_navigator.main' After rollback: help_playbook = 'Not set' (Constants/Not set)
2025-05-18T14:47:54.015445+00:00 DEBUG 'ansible_navigator.main' After rollback: images_details = 'Not set' (Constants/Not set)
2025-05-18T14:47:54.015539+00:00 DEBUG 'ansible_navigator.main' After rollback: inventory = 'Not set' (Constants/Not set)
2025-05-18T14:47:54.015592+00:00 DEBUG 'ansible_navigator.main' After rollback: inventory_column = 'Not set' (Constants/Not set)
2025-05-18T14:47:54.015629+00:00 DEBUG 'ansible_navigator.main' After rollback: lint_config = 'Not set' (Constants/Not set)
2025-05-18T14:47:54.015657+00:00 DEBUG 'ansible_navigator.main' After rollback: lintables = 'Not set' (Constants/Not set)
2025-05-18T14:47:54.015687+00:00 DEBUG 'ansible_navigator.main' After rollback: log_append = 'Not set' (Constants/Not set)
2025-05-18T14:47:54.015714+00:00 DEBUG 'ansible_navigator.main' After rollback: log_file = 'Not set' (Constants/Not set)
2025-05-18T14:47:54.015740+00:00 DEBUG 'ansible_navigator.main' After rollback: log_level = 'Not set' (Constants/Not set)
2025-05-18T14:47:54.015768+00:00 DEBUG 'ansible_navigator.main' After rollback: mode = 'Not set' (Constants/Not set)
2025-05-18T14:47:54.015798+00:00 DEBUG 'ansible_navigator.main' After rollback: osc4 = 'Not set' (Constants/Not set)
2025-05-18T14:47:54.015825+00:00 DEBUG 'ansible_navigator.main' After rollback: pass_environment_variable = 'Not set' (Constants/Not set)
2025-05-18T14:47:54.015851+00:00 DEBUG 'ansible_navigator.main' After rollback: playbook = 'Not set' (Constants/Not set)
2025-05-18T14:47:54.015878+00:00 DEBUG 'ansible_navigator.main' After rollback: playbook_artifact_enable = 'Not set' (Constants/Not set)
2025-05-18T14:47:54.015907+00:00 DEBUG 'ansible_navigator.main' After rollback: playbook_artifact_replay = 'Not set' (Constants/Not set)
2025-05-18T14:47:54.015935+00:00 DEBUG 'ansible_navigator.main' After rollback: playbook_artifact_save_as = 'Not set' (Constants/Not set)
2025-05-18T14:47:54.016079+00:00 DEBUG 'ansible_navigator.main' After rollback: plugin_name = 'Not set' (Constants/Not set)
2025-05-18T14:47:54.016165+00:00 DEBUG 'ansible_navigator.main' After rollback: plugin_type = 'Not set' (Constants/Not set)
2025-05-18T14:47:54.016189+00:00 DEBUG 'ansible_navigator.main' After rollback: pull_arguments = 'Not set' (Constants/Not set)
2025-05-18T14:47:54.016208+00:00 DEBUG 'ansible_navigator.main' After rollback: pull_policy = 'Not set' (Constants/Not set)
2025-05-18T14:47:54.016226+00:00 DEBUG 'ansible_navigator.main' After rollback: set_environment_variable = 'Not set' (Constants/Not set)
2025-05-18T14:47:54.016244+00:00 DEBUG 'ansible_navigator.main' After rollback: settings_effective = 'Not set' (Constants/Not set)
2025-05-18T14:47:54.016262+00:00 DEBUG 'ansible_navigator.main' After rollback: settings_sample = 'Not set' (Constants/Not set)
2025-05-18T14:47:54.016279+00:00 DEBUG 'ansible_navigator.main' After rollback: settings_schema = 'Not set' (Constants/Not set)
2025-05-18T14:47:54.016297+00:00 DEBUG 'ansible_navigator.main' After rollback: settings_sources = 'Not set' (Constants/Not set)
2025-05-18T14:47:54.016314+00:00 DEBUG 'ansible_navigator.main' After rollback: time_zone = 'Not set' (Constants/Not set)
2025-05-18T14:47:54.016349+00:00 DEBUG 'ansible_navigator.main' After rollback: workdir = 'Not set' (Constants/Not set)
2025-05-18T14:47:54.016368+00:00 DEBUG 'ansible_navigator.main' Configuration rollback complete.
2025-05-18T14:47:54.016386+00:00 DEBUG 'ansible_navigator.main' Collection doc cache not mounted
2025-05-18T14:47:54.016427+00:00 WARNING 'ansible_navigator.main' Issues were found while applying the settings.
2025-05-18T14:47:54.016448+00:00 INFO 'ansible_navigator.main' Command provided: 'docs ansible.poxis.firewalld'
2025-05-18T14:47:54.016541+00:00 ERROR 'ansible_navigator.main' argument {subcommand} --help: invalid choice: 'docs' (choose from 'builder', 'collections', 'config', 'doc', 'exec', 'images', 'inventory', 'lint', 'replay', 'run', 'settings', 'welcome')
2025-05-18T14:47:54.016584+00:00 INFO 'ansible_navigator.main' Configuration failed, using default log file location. (/home/devops/jenkins-ci-plt/ansible-navigator.log) Log level set to debug
2025-05-18T14:47:54.016614+00:00 INFO 'ansible_navigator.main' Review the hints and log file to see what went wrong.
