220625075931.691 INFO 'ansible_navigator.setup_logger' New ansible-navigator instance, logging initialized
220625075931.692 INFO 'ansible_navigator.setup_logger' New ansible-runner instance, logging initialized
220625075931.692 DEBUG 'ansible_navigator.main' Share directory '/usr/local/lib/python3.6/share/ansible_navigator' not found (development path)
220625075931.692 DEBUG 'ansible_navigator.main' Share directory '/home/kiosk/.local/share/ansible_navigator' not found (userbase)
220625075931.692 DEBUG 'ansible_navigator.main' Share directory '/usr/share/ansible_navigator' not found (sys.prefix)
220625075931.692 DEBUG 'ansible_navigator.main' Share directory '/usr/share/ansible_navigator' not found (datarootdir)
220625075931.692 DEBUG 'ansible_navigator.main' Share directory '/usr/share/ansible_navigator' not found (datadir)
220625075931.692 DEBUG 'ansible_navigator.main' Share directory '/usr/local/share/ansible_navigator' found (prefix)
220625075931.692 DEBUG 'ansible_navigator.main' Default collection_doc_cache_path set to: /home/kiosk/.cache/ansible-navigator/collection_doc_cache.db
220625075931.692 DEBUG 'ansible_navigator.main' EDITOR environment variable not set
220625075931.692 DEBUG 'ansible_navigator.main' Default editor_command set to: vi +{line_number} {filename}
220625075931.692 DEBUG 'ansible_navigator.main' No config file set by ANSIBLE_NAVIGATOR_CONFIG
220625075931.692 DEBUG 'ansible_navigator.main' Looking in /home/kiosk
220625075931.692 DEBUG 'ansible_navigator.main' Looking for '/home/kiosk/.ansible-navigator.yml', '/home/kiosk/.ansible-navigator.yaml' and '/home/kiosk/.ansible-navigator.json'
220625075931.692 DEBUG 'ansible_navigator.main' Found 0: 
220625075931.692 DEBUG 'ansible_navigator.main' Looking in /home/kiosk/backup/github/ansible-demo/do374-course-demo/chapter01/ansible-navigator-demo
220625075931.692 DEBUG 'ansible_navigator.main' Looking for '/home/kiosk/backup/github/ansible-demo/do374-course-demo/chapter01/ansible-navigator-demo/ansible-navigator.yml', '/home/kiosk/backup/github/ansible-demo/do374-course-demo/chapter01/ansible-navigator-demo/ansible-navigator.yaml' and '/home/kiosk/backup/github/ansible-demo/do374-course-demo/chapter01/ansible-navigator-demo/ansible-navigator.json'
220625075931.692 DEBUG 'ansible_navigator.main' Found 0: 
220625075931.692 DEBUG 'ansible_navigator.main' All found 0: 
220625075931.692 DEBUG 'ansible_navigator.main' Using: None
220625075931.692 DEBUG 'ansible_navigator.main' No valid settings file found, using all default values for settings.
220625075931.692 DEBUG 'ansible_navigator.main' Command provided: '-i inventory'
220625075931.692 DEBUG 'ansible_navigator.main' Completed post processing for ansible_runner_artifact_dir. (changed=False)
220625075931.692 DEBUG 'ansible_navigator.main' Completed post processing for ansible_runner_rotate_artifacts_count. (changed=False)
220625075931.692 DEBUG 'ansible_navigator.main' Completed post processing for ansible_runner_timeout. (changed=False)
220625075931.692 DEBUG 'ansible_navigator.main' Completed post processing for cmdline. (changed=False)
220625075931.692 DEBUG 'ansible_navigator.main' Completed post processing for collection_doc_cache_path. (changed=False)
220625075931.692 DEBUG 'ansible_navigator.main' Completed post processing for container_engine. (changed=True)
220625075931.692 DEBUG 'ansible_navigator.main'  before: 'auto'
220625075931.692 DEBUG 'ansible_navigator.main'  after: 'podman'
220625075931.692 DEBUG 'ansible_navigator.main' Completed post processing for container_options. (changed=False)
220625075931.692 DEBUG 'ansible_navigator.main' Completed post processing for display_color. (changed=False)
220625075931.692 DEBUG 'ansible_navigator.main' Completed post processing for editor_console. (changed=False)
220625075931.692 DEBUG 'ansible_navigator.main' Completed post processing for execution_environment. (changed=False)
220625075931.692 DEBUG 'ansible_navigator.main' Completed post processing for execution_environment_image. (changed=False)
220625075931.692 DEBUG 'ansible_navigator.main' Completed post processing for execution_environment_volume_mounts. (changed=False)
220625075931.692 DEBUG 'ansible_navigator.main' Completed post processing for help_config. (changed=False)
220625075931.692 DEBUG 'ansible_navigator.main' Completed post processing for help_doc. (changed=False)
220625075931.692 DEBUG 'ansible_navigator.main' Completed post processing for help_inventory. (changed=False)
220625075931.692 DEBUG 'ansible_navigator.main' Completed post processing for help_playbook. (changed=False)
220625075931.692 DEBUG 'ansible_navigator.main' Completed post processing for inventory. (changed=False)
220625075931.692 DEBUG 'ansible_navigator.main' Completed post processing for inventory_column. (changed=False)
220625075931.692 DEBUG 'ansible_navigator.main' Completed post processing for log_append. (changed=False)
220625075931.693 DEBUG 'ansible_navigator.main' Completed post processing for log_file. (changed=False)
220625075931.693 DEBUG 'ansible_navigator.main' Completed post processing for mode. (changed=False)
220625075931.693 DEBUG 'ansible_navigator.main' Completed post processing for osc4. (changed=False)
220625075931.693 DEBUG 'ansible_navigator.main' Completed post processing for pass_environment_variable. (changed=False)
220625075931.693 DEBUG 'ansible_navigator.main' Completed post processing for playbook. (changed=False)
220625075931.693 DEBUG 'ansible_navigator.main' Completed post processing for playbook_artifact_enable. (changed=False)
220625075931.693 DEBUG 'ansible_navigator.main' Completed post processing for playbook_artifact_replay. (changed=False)
220625075931.693 DEBUG 'ansible_navigator.main' Completed post processing for plugin_name. (changed=False)
220625075931.693 DEBUG 'ansible_navigator.main' Completed post processing for set_environment_variable. (changed=False)
220625075931.693 WARNING 'ansible_navigator.main' Configuration errors encountered, rolling back to previous configuration.
220625075931.693 DEBUG 'ansible_navigator.main' Prior to rollback: ansible_runner_artifact_dir = 'Constants.NOT_SET' (Constants/value has not been set)
220625075931.693 DEBUG 'ansible_navigator.main' Prior to rollback: ansible_runner_rotate_artifacts_count = 'Constants.NOT_SET' (Constants/value has not been set)
220625075931.693 DEBUG 'ansible_navigator.main' Prior to rollback: ansible_runner_timeout = 'Constants.NOT_SET' (Constants/value has not been set)
220625075931.693 DEBUG 'ansible_navigator.main' Prior to rollback: app = 'inventory' (str/cli parameters)
220625075931.693 DEBUG 'ansible_navigator.main' Prior to rollback: cmdline = '['-i']' (list/cli parameters)
220625075931.693 DEBUG 'ansible_navigator.main' Prior to rollback: collection_doc_cache_path = '/home/kiosk/.cache/ansible-navigator/collection_doc_cache.db' (str/default configuration value)
220625075931.693 DEBUG 'ansible_navigator.main' Prior to rollback: config = 'Constants.NOT_SET' (Constants/value has not been set)
220625075931.693 DEBUG 'ansible_navigator.main' Prior to rollback: container_engine = 'podman' (str/default configuration value)
220625075931.693 DEBUG 'ansible_navigator.main' Prior to rollback: container_options = 'Constants.NOT_SET' (Constants/value has not been set)
220625075931.693 DEBUG 'ansible_navigator.main' Prior to rollback: display_color = 'True' (bool/default configuration value)
220625075931.693 DEBUG 'ansible_navigator.main' Prior to rollback: editor_command = 'vi +{line_number} {filename}' (str/default configuration value)
220625075931.693 DEBUG 'ansible_navigator.main' Prior to rollback: editor_console = 'True' (bool/default configuration value)
220625075931.693 DEBUG 'ansible_navigator.main' Prior to rollback: execution_environment = 'True' (bool/default configuration value)
220625075931.693 DEBUG 'ansible_navigator.main' Prior to rollback: execution_environment_image = 'quay.io/ansible/ansible-navigator-demo-ee:0.6.0' (str/default configuration value)
220625075931.693 DEBUG 'ansible_navigator.main' Prior to rollback: execution_environment_volume_mounts = 'Constants.NOT_SET' (Constants/value has not been set)
220625075931.693 DEBUG 'ansible_navigator.main' Prior to rollback: help_config = 'False' (bool/default configuration value)
220625075931.693 DEBUG 'ansible_navigator.main' Prior to rollback: help_doc = 'False' (bool/default configuration value)
220625075931.693 DEBUG 'ansible_navigator.main' Prior to rollback: help_inventory = 'False' (bool/default configuration value)
220625075931.693 DEBUG 'ansible_navigator.main' Prior to rollback: help_playbook = 'False' (bool/default configuration value)
220625075931.693 DEBUG 'ansible_navigator.main' Prior to rollback: inventory = 'Constants.NOT_SET' (Constants/value has not been set)
220625075931.693 DEBUG 'ansible_navigator.main' Prior to rollback: inventory_column = 'Constants.NOT_SET' (Constants/value has not been set)
220625075931.693 DEBUG 'ansible_navigator.main' Prior to rollback: log_append = 'True' (bool/default configuration value)
220625075931.693 DEBUG 'ansible_navigator.main' Prior to rollback: log_file = '/home/kiosk/backup/github/ansible-demo/do374-course-demo/chapter01/ansible-navigator-demo/ansible-navigator.log' (str/default configuration value)
220625075931.693 DEBUG 'ansible_navigator.main' Prior to rollback: log_level = 'warning' (str/default configuration value)
220625075931.693 DEBUG 'ansible_navigator.main' Prior to rollback: mode = 'interactive' (str/default configuration value)
220625075931.693 DEBUG 'ansible_navigator.main' Prior to rollback: osc4 = 'True' (bool/default configuration value)
220625075931.693 DEBUG 'ansible_navigator.main' Prior to rollback: pass_environment_variable = 'Constants.NOT_SET' (Constants/value has not been set)
220625075931.693 DEBUG 'ansible_navigator.main' Prior to rollback: playbook = 'Constants.NOT_SET' (Constants/value has not been set)
220625075931.693 DEBUG 'ansible_navigator.main' Prior to rollback: playbook_artifact_enable = 'True' (bool/default configuration value)
220625075931.693 DEBUG 'ansible_navigator.main' Prior to rollback: playbook_artifact_replay = 'Constants.NOT_SET' (Constants/value has not been set)
220625075931.693 DEBUG 'ansible_navigator.main' Prior to rollback: playbook_artifact_save_as = '{playbook_dir}/{playbook_name}-artifact-{ts_utc}.json' (str/default configuration value)
220625075931.693 DEBUG 'ansible_navigator.main' Prior to rollback: plugin_name = 'Constants.NOT_SET' (Constants/value has not been set)
220625075931.693 DEBUG 'ansible_navigator.main' Prior to rollback: plugin_type = 'module' (str/default configuration value)
220625075931.693 DEBUG 'ansible_navigator.main' Prior to rollback: pull_policy = 'tag' (str/default configuration value)
220625075931.693 DEBUG 'ansible_navigator.main' Prior to rollback: set_environment_variable = 'Constants.NOT_SET' (Constants/value has not been set)
220625075931.693 DEBUG 'ansible_navigator.main' After rollback: ansible_runner_artifact_dir = 'Constants.NOT_SET' (Constants/value has not been set)
220625075931.693 DEBUG 'ansible_navigator.main' After rollback: ansible_runner_rotate_artifacts_count = 'Constants.NOT_SET' (Constants/value has not been set)
220625075931.694 DEBUG 'ansible_navigator.main' After rollback: ansible_runner_timeout = 'Constants.NOT_SET' (Constants/value has not been set)
220625075931.694 DEBUG 'ansible_navigator.main' After rollback: app = 'Constants.NOT_SET' (Constants/value has not been set)
220625075931.694 DEBUG 'ansible_navigator.main' After rollback: cmdline = 'Constants.NOT_SET' (Constants/value has not been set)
220625075931.694 DEBUG 'ansible_navigator.main' After rollback: collection_doc_cache_path = 'Constants.NOT_SET' (Constants/value has not been set)
220625075931.694 DEBUG 'ansible_navigator.main' After rollback: config = 'Constants.NOT_SET' (Constants/value has not been set)
220625075931.694 DEBUG 'ansible_navigator.main' After rollback: container_engine = 'Constants.NOT_SET' (Constants/value has not been set)
220625075931.694 DEBUG 'ansible_navigator.main' After rollback: container_options = 'Constants.NOT_SET' (Constants/value has not been set)
220625075931.694 DEBUG 'ansible_navigator.main' After rollback: display_color = 'Constants.NOT_SET' (Constants/value has not been set)
220625075931.694 DEBUG 'ansible_navigator.main' After rollback: editor_command = 'Constants.NOT_SET' (Constants/value has not been set)
220625075931.694 DEBUG 'ansible_navigator.main' After rollback: editor_console = 'Constants.NOT_SET' (Constants/value has not been set)
220625075931.694 DEBUG 'ansible_navigator.main' After rollback: execution_environment = 'Constants.NOT_SET' (Constants/value has not been set)
220625075931.694 DEBUG 'ansible_navigator.main' After rollback: execution_environment_image = 'Constants.NOT_SET' (Constants/value has not been set)
220625075931.694 DEBUG 'ansible_navigator.main' After rollback: execution_environment_volume_mounts = 'Constants.NOT_SET' (Constants/value has not been set)
220625075931.694 DEBUG 'ansible_navigator.main' After rollback: help_config = 'Constants.NOT_SET' (Constants/value has not been set)
220625075931.694 DEBUG 'ansible_navigator.main' After rollback: help_doc = 'Constants.NOT_SET' (Constants/value has not been set)
220625075931.694 DEBUG 'ansible_navigator.main' After rollback: help_inventory = 'Constants.NOT_SET' (Constants/value has not been set)
220625075931.694 DEBUG 'ansible_navigator.main' After rollback: help_playbook = 'Constants.NOT_SET' (Constants/value has not been set)
220625075931.694 DEBUG 'ansible_navigator.main' After rollback: inventory = 'Constants.NOT_SET' (Constants/value has not been set)
220625075931.694 DEBUG 'ansible_navigator.main' After rollback: inventory_column = 'Constants.NOT_SET' (Constants/value has not been set)
220625075931.694 DEBUG 'ansible_navigator.main' After rollback: log_append = 'Constants.NOT_SET' (Constants/value has not been set)
220625075931.694 DEBUG 'ansible_navigator.main' After rollback: log_file = 'Constants.NOT_SET' (Constants/value has not been set)
220625075931.694 DEBUG 'ansible_navigator.main' After rollback: log_level = 'Constants.NOT_SET' (Constants/value has not been set)
220625075931.694 DEBUG 'ansible_navigator.main' After rollback: mode = 'Constants.NOT_SET' (Constants/value has not been set)
220625075931.694 DEBUG 'ansible_navigator.main' After rollback: osc4 = 'Constants.NOT_SET' (Constants/value has not been set)
220625075931.694 DEBUG 'ansible_navigator.main' After rollback: pass_environment_variable = 'Constants.NOT_SET' (Constants/value has not been set)
220625075931.694 DEBUG 'ansible_navigator.main' After rollback: playbook = 'Constants.NOT_SET' (Constants/value has not been set)
220625075931.694 DEBUG 'ansible_navigator.main' After rollback: playbook_artifact_enable = 'Constants.NOT_SET' (Constants/value has not been set)
220625075931.694 DEBUG 'ansible_navigator.main' After rollback: playbook_artifact_replay = 'Constants.NOT_SET' (Constants/value has not been set)
220625075931.694 DEBUG 'ansible_navigator.main' After rollback: playbook_artifact_save_as = 'Constants.NOT_SET' (Constants/value has not been set)
220625075931.694 DEBUG 'ansible_navigator.main' After rollback: plugin_name = 'Constants.NOT_SET' (Constants/value has not been set)
220625075931.694 DEBUG 'ansible_navigator.main' After rollback: plugin_type = 'Constants.NOT_SET' (Constants/value has not been set)
220625075931.694 DEBUG 'ansible_navigator.main' After rollback: pull_policy = 'Constants.NOT_SET' (Constants/value has not been set)
220625075931.694 DEBUG 'ansible_navigator.main' After rollback: set_environment_variable = 'Constants.NOT_SET' (Constants/value has not been set)
220625075931.694 DEBUG 'ansible_navigator.main' Configuration rollback complete.
220625075931.694 ERROR 'ansible_navigator.main' Command provided: '-i inventory'
220625075931.694 ERROR 'ansible_navigator.main' An inventory is required when using the inventory subcommand
220625075931.694 INFO 'ansible_navigator.main' Try again with '-i <path to inventory>'
220625075931.694 ERROR 'ansible_navigator.main' Configuration failed, using default log file location: /home/kiosk/backup/github/ansible-demo/do374-course-demo/chapter01/ansible-navigator-demo/ansible-navigator.log. Log level set to debug
220625075931.694 INFO 'ansible_navigator.main' Review the hints and log file to see what went wrong: /home/kiosk/backup/github/ansible-demo/do374-course-demo/chapter01/ansible-navigator-demo/ansible-navigator.log
220625080059.749 INFO 'ansible_navigator.setup_logger' New ansible-navigator instance, logging initialized
220625080059.749 INFO 'ansible_navigator.setup_logger' New ansible-runner instance, logging initialized
220625080059.749 DEBUG 'ansible_navigator.main' Share directory '/usr/local/lib/python3.6/share/ansible_navigator' not found (development path)
220625080059.749 DEBUG 'ansible_navigator.main' Share directory '/home/kiosk/.local/share/ansible_navigator' not found (userbase)
220625080059.749 DEBUG 'ansible_navigator.main' Share directory '/usr/share/ansible_navigator' not found (sys.prefix)
220625080059.749 DEBUG 'ansible_navigator.main' Share directory '/usr/share/ansible_navigator' not found (datarootdir)
220625080059.749 DEBUG 'ansible_navigator.main' Share directory '/usr/share/ansible_navigator' not found (datadir)
220625080059.749 DEBUG 'ansible_navigator.main' Share directory '/usr/local/share/ansible_navigator' found (prefix)
220625080059.749 DEBUG 'ansible_navigator.main' Default collection_doc_cache_path set to: /home/kiosk/.cache/ansible-navigator/collection_doc_cache.db
220625080059.749 DEBUG 'ansible_navigator.main' EDITOR environment variable not set
220625080059.749 DEBUG 'ansible_navigator.main' Default editor_command set to: vi +{line_number} {filename}
220625080059.749 DEBUG 'ansible_navigator.main' No config file set by ANSIBLE_NAVIGATOR_CONFIG
220625080059.749 DEBUG 'ansible_navigator.main' Looking in /home/kiosk
220625080059.749 DEBUG 'ansible_navigator.main' Looking for '/home/kiosk/.ansible-navigator.yml', '/home/kiosk/.ansible-navigator.yaml' and '/home/kiosk/.ansible-navigator.json'
220625080059.749 DEBUG 'ansible_navigator.main' Found 0: 
220625080059.749 DEBUG 'ansible_navigator.main' Looking in /home/kiosk/backup/github/ansible-demo/do374-course-demo/chapter01/ansible-navigator-demo
220625080059.749 DEBUG 'ansible_navigator.main' Looking for '/home/kiosk/backup/github/ansible-demo/do374-course-demo/chapter01/ansible-navigator-demo/ansible-navigator.yml', '/home/kiosk/backup/github/ansible-demo/do374-course-demo/chapter01/ansible-navigator-demo/ansible-navigator.yaml' and '/home/kiosk/backup/github/ansible-demo/do374-course-demo/chapter01/ansible-navigator-demo/ansible-navigator.json'
220625080059.749 DEBUG 'ansible_navigator.main' Found 0: 
220625080059.749 DEBUG 'ansible_navigator.main' All found 0: 
220625080059.749 DEBUG 'ansible_navigator.main' Using: None
220625080059.749 DEBUG 'ansible_navigator.main' No valid settings file found, using all default values for settings.
220625080059.749 DEBUG 'ansible_navigator.main' Command provided: '--eei quay.io/ansible/ansible-navigator-demo-ee:0.6.0 -i inventory'
220625080059.749 DEBUG 'ansible_navigator.main' Completed post processing for ansible_runner_artifact_dir. (changed=False)
220625080059.749 DEBUG 'ansible_navigator.main' Completed post processing for ansible_runner_rotate_artifacts_count. (changed=False)
220625080059.749 DEBUG 'ansible_navigator.main' Completed post processing for ansible_runner_timeout. (changed=False)
220625080059.749 DEBUG 'ansible_navigator.main' Completed post processing for cmdline. (changed=False)
220625080059.750 DEBUG 'ansible_navigator.main' Completed post processing for collection_doc_cache_path. (changed=False)
220625080059.750 DEBUG 'ansible_navigator.main' Completed post processing for container_engine. (changed=True)
220625080059.750 DEBUG 'ansible_navigator.main'  before: 'auto'
220625080059.750 DEBUG 'ansible_navigator.main'  after: 'podman'
220625080059.750 DEBUG 'ansible_navigator.main' Completed post processing for container_options. (changed=False)
220625080059.750 DEBUG 'ansible_navigator.main' Completed post processing for display_color. (changed=False)
220625080059.750 DEBUG 'ansible_navigator.main' Completed post processing for editor_console. (changed=False)
220625080059.750 DEBUG 'ansible_navigator.main' Completed post processing for execution_environment. (changed=False)
220625080059.750 DEBUG 'ansible_navigator.main' Completed post processing for execution_environment_image. (changed=False)
220625080059.750 DEBUG 'ansible_navigator.main' Completed post processing for execution_environment_volume_mounts. (changed=False)
220625080059.750 DEBUG 'ansible_navigator.main' Completed post processing for help_config. (changed=False)
220625080059.750 DEBUG 'ansible_navigator.main' Completed post processing for help_doc. (changed=False)
220625080059.750 DEBUG 'ansible_navigator.main' Completed post processing for help_inventory. (changed=False)
220625080059.750 DEBUG 'ansible_navigator.main' Completed post processing for help_playbook. (changed=False)
220625080059.750 DEBUG 'ansible_navigator.main' Completed post processing for inventory. (changed=False)
220625080059.750 DEBUG 'ansible_navigator.main' Completed post processing for inventory_column. (changed=False)
220625080059.750 DEBUG 'ansible_navigator.main' Completed post processing for log_append. (changed=False)
220625080059.750 DEBUG 'ansible_navigator.main' Completed post processing for log_file. (changed=False)
220625080059.750 DEBUG 'ansible_navigator.main' Completed post processing for mode. (changed=False)
220625080059.750 DEBUG 'ansible_navigator.main' Completed post processing for osc4. (changed=False)
220625080059.750 DEBUG 'ansible_navigator.main' Completed post processing for pass_environment_variable. (changed=False)
220625080059.750 DEBUG 'ansible_navigator.main' Completed post processing for playbook. (changed=False)
220625080059.750 DEBUG 'ansible_navigator.main' Completed post processing for playbook_artifact_enable. (changed=False)
220625080059.750 DEBUG 'ansible_navigator.main' Completed post processing for playbook_artifact_replay. (changed=False)
220625080059.750 DEBUG 'ansible_navigator.main' Completed post processing for plugin_name. (changed=False)
220625080059.750 DEBUG 'ansible_navigator.main' Completed post processing for set_environment_variable. (changed=False)
220625080059.750 WARNING 'ansible_navigator.main' Configuration errors encountered, rolling back to previous configuration.
220625080059.750 DEBUG 'ansible_navigator.main' Prior to rollback: ansible_runner_artifact_dir = 'Constants.NOT_SET' (Constants/value has not been set)
220625080059.750 DEBUG 'ansible_navigator.main' Prior to rollback: ansible_runner_rotate_artifacts_count = 'Constants.NOT_SET' (Constants/value has not been set)
220625080059.750 DEBUG 'ansible_navigator.main' Prior to rollback: ansible_runner_timeout = 'Constants.NOT_SET' (Constants/value has not been set)
220625080059.750 DEBUG 'ansible_navigator.main' Prior to rollback: app = 'inventory' (str/cli parameters)
220625080059.750 DEBUG 'ansible_navigator.main' Prior to rollback: cmdline = '['-i']' (list/cli parameters)
220625080059.750 DEBUG 'ansible_navigator.main' Prior to rollback: collection_doc_cache_path = '/home/kiosk/.cache/ansible-navigator/collection_doc_cache.db' (str/default configuration value)
220625080059.750 DEBUG 'ansible_navigator.main' Prior to rollback: config = 'Constants.NOT_SET' (Constants/value has not been set)
220625080059.750 DEBUG 'ansible_navigator.main' Prior to rollback: container_engine = 'podman' (str/default configuration value)
220625080059.750 DEBUG 'ansible_navigator.main' Prior to rollback: container_options = 'Constants.NOT_SET' (Constants/value has not been set)
220625080059.750 DEBUG 'ansible_navigator.main' Prior to rollback: display_color = 'True' (bool/default configuration value)
220625080059.750 DEBUG 'ansible_navigator.main' Prior to rollback: editor_command = 'vi +{line_number} {filename}' (str/default configuration value)
220625080059.750 DEBUG 'ansible_navigator.main' Prior to rollback: editor_console = 'True' (bool/default configuration value)
220625080059.750 DEBUG 'ansible_navigator.main' Prior to rollback: execution_environment = 'True' (bool/default configuration value)
220625080059.750 DEBUG 'ansible_navigator.main' Prior to rollback: execution_environment_image = 'quay.io/ansible/ansible-navigator-demo-ee:0.6.0' (str/cli parameters)
220625080059.750 DEBUG 'ansible_navigator.main' Prior to rollback: execution_environment_volume_mounts = 'Constants.NOT_SET' (Constants/value has not been set)
220625080059.750 DEBUG 'ansible_navigator.main' Prior to rollback: help_config = 'False' (bool/default configuration value)
220625080059.750 DEBUG 'ansible_navigator.main' Prior to rollback: help_doc = 'False' (bool/default configuration value)
220625080059.750 DEBUG 'ansible_navigator.main' Prior to rollback: help_inventory = 'False' (bool/default configuration value)
220625080059.751 DEBUG 'ansible_navigator.main' Prior to rollback: help_playbook = 'False' (bool/default configuration value)
220625080059.751 DEBUG 'ansible_navigator.main' Prior to rollback: inventory = 'Constants.NOT_SET' (Constants/value has not been set)
220625080059.751 DEBUG 'ansible_navigator.main' Prior to rollback: inventory_column = 'Constants.NOT_SET' (Constants/value has not been set)
220625080059.751 DEBUG 'ansible_navigator.main' Prior to rollback: log_append = 'True' (bool/default configuration value)
220625080059.751 DEBUG 'ansible_navigator.main' Prior to rollback: log_file = '/home/kiosk/backup/github/ansible-demo/do374-course-demo/chapter01/ansible-navigator-demo/ansible-navigator.log' (str/default configuration value)
220625080059.751 DEBUG 'ansible_navigator.main' Prior to rollback: log_level = 'warning' (str/default configuration value)
220625080059.751 DEBUG 'ansible_navigator.main' Prior to rollback: mode = 'interactive' (str/default configuration value)
220625080059.751 DEBUG 'ansible_navigator.main' Prior to rollback: osc4 = 'True' (bool/default configuration value)
220625080059.751 DEBUG 'ansible_navigator.main' Prior to rollback: pass_environment_variable = 'Constants.NOT_SET' (Constants/value has not been set)
220625080059.751 DEBUG 'ansible_navigator.main' Prior to rollback: playbook = 'Constants.NOT_SET' (Constants/value has not been set)
220625080059.751 DEBUG 'ansible_navigator.main' Prior to rollback: playbook_artifact_enable = 'True' (bool/default configuration value)
220625080059.751 DEBUG 'ansible_navigator.main' Prior to rollback: playbook_artifact_replay = 'Constants.NOT_SET' (Constants/value has not been set)
220625080059.751 DEBUG 'ansible_navigator.main' Prior to rollback: playbook_artifact_save_as = '{playbook_dir}/{playbook_name}-artifact-{ts_utc}.json' (str/default configuration value)
220625080059.751 DEBUG 'ansible_navigator.main' Prior to rollback: plugin_name = 'Constants.NOT_SET' (Constants/value has not been set)
220625080059.751 DEBUG 'ansible_navigator.main' Prior to rollback: plugin_type = 'module' (str/default configuration value)
220625080059.751 DEBUG 'ansible_navigator.main' Prior to rollback: pull_policy = 'tag' (str/default configuration value)
220625080059.751 DEBUG 'ansible_navigator.main' Prior to rollback: set_environment_variable = 'Constants.NOT_SET' (Constants/value has not been set)
220625080059.751 DEBUG 'ansible_navigator.main' After rollback: ansible_runner_artifact_dir = 'Constants.NOT_SET' (Constants/value has not been set)
220625080059.751 DEBUG 'ansible_navigator.main' After rollback: ansible_runner_rotate_artifacts_count = 'Constants.NOT_SET' (Constants/value has not been set)
220625080059.751 DEBUG 'ansible_navigator.main' After rollback: ansible_runner_timeout = 'Constants.NOT_SET' (Constants/value has not been set)
220625080059.751 DEBUG 'ansible_navigator.main' After rollback: app = 'Constants.NOT_SET' (Constants/value has not been set)
220625080059.751 DEBUG 'ansible_navigator.main' After rollback: cmdline = 'Constants.NOT_SET' (Constants/value has not been set)
220625080059.751 DEBUG 'ansible_navigator.main' After rollback: collection_doc_cache_path = 'Constants.NOT_SET' (Constants/value has not been set)
220625080059.751 DEBUG 'ansible_navigator.main' After rollback: config = 'Constants.NOT_SET' (Constants/value has not been set)
220625080059.751 DEBUG 'ansible_navigator.main' After rollback: container_engine = 'Constants.NOT_SET' (Constants/value has not been set)
220625080059.751 DEBUG 'ansible_navigator.main' After rollback: container_options = 'Constants.NOT_SET' (Constants/value has not been set)
220625080059.751 DEBUG 'ansible_navigator.main' After rollback: display_color = 'Constants.NOT_SET' (Constants/value has not been set)
220625080059.751 DEBUG 'ansible_navigator.main' After rollback: editor_command = 'Constants.NOT_SET' (Constants/value has not been set)
220625080059.751 DEBUG 'ansible_navigator.main' After rollback: editor_console = 'Constants.NOT_SET' (Constants/value has not been set)
220625080059.751 DEBUG 'ansible_navigator.main' After rollback: execution_environment = 'Constants.NOT_SET' (Constants/value has not been set)
220625080059.751 DEBUG 'ansible_navigator.main' After rollback: execution_environment_image = 'Constants.NOT_SET' (Constants/value has not been set)
220625080059.751 DEBUG 'ansible_navigator.main' After rollback: execution_environment_volume_mounts = 'Constants.NOT_SET' (Constants/value has not been set)
220625080059.751 DEBUG 'ansible_navigator.main' After rollback: help_config = 'Constants.NOT_SET' (Constants/value has not been set)
220625080059.751 DEBUG 'ansible_navigator.main' After rollback: help_doc = 'Constants.NOT_SET' (Constants/value has not been set)
220625080059.751 DEBUG 'ansible_navigator.main' After rollback: help_inventory = 'Constants.NOT_SET' (Constants/value has not been set)
220625080059.751 DEBUG 'ansible_navigator.main' After rollback: help_playbook = 'Constants.NOT_SET' (Constants/value has not been set)
220625080059.751 DEBUG 'ansible_navigator.main' After rollback: inventory = 'Constants.NOT_SET' (Constants/value has not been set)
220625080059.751 DEBUG 'ansible_navigator.main' After rollback: inventory_column = 'Constants.NOT_SET' (Constants/value has not been set)
220625080059.751 DEBUG 'ansible_navigator.main' After rollback: log_append = 'Constants.NOT_SET' (Constants/value has not been set)
220625080059.751 DEBUG 'ansible_navigator.main' After rollback: log_file = 'Constants.NOT_SET' (Constants/value has not been set)
220625080059.751 DEBUG 'ansible_navigator.main' After rollback: log_level = 'Constants.NOT_SET' (Constants/value has not been set)
220625080059.751 DEBUG 'ansible_navigator.main' After rollback: mode = 'Constants.NOT_SET' (Constants/value has not been set)
220625080059.751 DEBUG 'ansible_navigator.main' After rollback: osc4 = 'Constants.NOT_SET' (Constants/value has not been set)
220625080059.751 DEBUG 'ansible_navigator.main' After rollback: pass_environment_variable = 'Constants.NOT_SET' (Constants/value has not been set)
220625080059.751 DEBUG 'ansible_navigator.main' After rollback: playbook = 'Constants.NOT_SET' (Constants/value has not been set)
220625080059.752 DEBUG 'ansible_navigator.main' After rollback: playbook_artifact_enable = 'Constants.NOT_SET' (Constants/value has not been set)
220625080059.752 DEBUG 'ansible_navigator.main' After rollback: playbook_artifact_replay = 'Constants.NOT_SET' (Constants/value has not been set)
220625080059.752 DEBUG 'ansible_navigator.main' After rollback: playbook_artifact_save_as = 'Constants.NOT_SET' (Constants/value has not been set)
220625080059.752 DEBUG 'ansible_navigator.main' After rollback: plugin_name = 'Constants.NOT_SET' (Constants/value has not been set)
220625080059.752 DEBUG 'ansible_navigator.main' After rollback: plugin_type = 'Constants.NOT_SET' (Constants/value has not been set)
220625080059.752 DEBUG 'ansible_navigator.main' After rollback: pull_policy = 'Constants.NOT_SET' (Constants/value has not been set)
220625080059.752 DEBUG 'ansible_navigator.main' After rollback: set_environment_variable = 'Constants.NOT_SET' (Constants/value has not been set)
220625080059.752 DEBUG 'ansible_navigator.main' Configuration rollback complete.
220625080059.752 ERROR 'ansible_navigator.main' Command provided: '--eei quay.io/ansible/ansible-navigator-demo-ee:0.6.0 -i inventory'
220625080059.752 ERROR 'ansible_navigator.main' An inventory is required when using the inventory subcommand
220625080059.752 INFO 'ansible_navigator.main' Try again with '-i <path to inventory>'
220625080059.752 ERROR 'ansible_navigator.main' Configuration failed, using default log file location: /home/kiosk/backup/github/ansible-demo/do374-course-demo/chapter01/ansible-navigator-demo/ansible-navigator.log. Log level set to debug
220625080059.752 INFO 'ansible_navigator.main' Review the hints and log file to see what went wrong: /home/kiosk/backup/github/ansible-demo/do374-course-demo/chapter01/ansible-navigator-demo/ansible-navigator.log
220625080112.434 INFO 'ansible_navigator.setup_logger' New ansible-navigator instance, logging initialized
220625080112.434 INFO 'ansible_navigator.setup_logger' New ansible-runner instance, logging initialized
220625080112.434 DEBUG 'ansible_navigator.main' Share directory '/usr/local/lib/python3.6/share/ansible_navigator' not found (development path)
220625080112.434 DEBUG 'ansible_navigator.main' Share directory '/home/kiosk/.local/share/ansible_navigator' not found (userbase)
220625080112.434 DEBUG 'ansible_navigator.main' Share directory '/usr/share/ansible_navigator' not found (sys.prefix)
220625080112.434 DEBUG 'ansible_navigator.main' Share directory '/usr/share/ansible_navigator' not found (datarootdir)
220625080112.434 DEBUG 'ansible_navigator.main' Share directory '/usr/share/ansible_navigator' not found (datadir)
220625080112.434 DEBUG 'ansible_navigator.main' Share directory '/usr/local/share/ansible_navigator' found (prefix)
220625080112.434 DEBUG 'ansible_navigator.main' Default collection_doc_cache_path set to: /home/kiosk/.cache/ansible-navigator/collection_doc_cache.db
220625080112.435 DEBUG 'ansible_navigator.main' EDITOR environment variable not set
220625080112.435 DEBUG 'ansible_navigator.main' Default editor_command set to: vi +{line_number} {filename}
220625080112.435 DEBUG 'ansible_navigator.main' No config file set by ANSIBLE_NAVIGATOR_CONFIG
220625080112.435 DEBUG 'ansible_navigator.main' Looking in /home/kiosk
220625080112.435 DEBUG 'ansible_navigator.main' Looking for '/home/kiosk/.ansible-navigator.yml', '/home/kiosk/.ansible-navigator.yaml' and '/home/kiosk/.ansible-navigator.json'
220625080112.435 DEBUG 'ansible_navigator.main' Found 0: 
220625080112.435 DEBUG 'ansible_navigator.main' Looking in /home/kiosk/backup/github/ansible-demo/do374-course-demo/chapter01/ansible-navigator-demo
220625080112.435 DEBUG 'ansible_navigator.main' Looking for '/home/kiosk/backup/github/ansible-demo/do374-course-demo/chapter01/ansible-navigator-demo/ansible-navigator.yml', '/home/kiosk/backup/github/ansible-demo/do374-course-demo/chapter01/ansible-navigator-demo/ansible-navigator.yaml' and '/home/kiosk/backup/github/ansible-demo/do374-course-demo/chapter01/ansible-navigator-demo/ansible-navigator.json'
220625080112.435 DEBUG 'ansible_navigator.main' Found 0: 
220625080112.435 DEBUG 'ansible_navigator.main' All found 0: 
220625080112.435 DEBUG 'ansible_navigator.main' Using: None
220625080112.435 DEBUG 'ansible_navigator.main' No valid settings file found, using all default values for settings.
220625080112.435 DEBUG 'ansible_navigator.main' Command provided: '-i inventory'
220625080112.435 DEBUG 'ansible_navigator.main' Completed post processing for ansible_runner_artifact_dir. (changed=False)
220625080112.435 DEBUG 'ansible_navigator.main' Completed post processing for ansible_runner_rotate_artifacts_count. (changed=False)
220625080112.435 DEBUG 'ansible_navigator.main' Completed post processing for ansible_runner_timeout. (changed=False)
220625080112.435 DEBUG 'ansible_navigator.main' Completed post processing for cmdline. (changed=False)
220625080112.435 DEBUG 'ansible_navigator.main' Completed post processing for collection_doc_cache_path. (changed=False)
220625080112.435 DEBUG 'ansible_navigator.main' Completed post processing for container_engine. (changed=True)
220625080112.435 DEBUG 'ansible_navigator.main'  before: 'auto'
220625080112.435 DEBUG 'ansible_navigator.main'  after: 'podman'
220625080112.435 DEBUG 'ansible_navigator.main' Completed post processing for container_options. (changed=False)
220625080112.435 DEBUG 'ansible_navigator.main' Completed post processing for display_color. (changed=False)
220625080112.435 DEBUG 'ansible_navigator.main' Completed post processing for editor_console. (changed=False)
220625080112.435 DEBUG 'ansible_navigator.main' Completed post processing for execution_environment. (changed=False)
220625080112.435 DEBUG 'ansible_navigator.main' Completed post processing for execution_environment_image. (changed=False)
220625080112.435 DEBUG 'ansible_navigator.main' Completed post processing for execution_environment_volume_mounts. (changed=False)
220625080112.435 DEBUG 'ansible_navigator.main' Completed post processing for help_config. (changed=False)
220625080112.435 DEBUG 'ansible_navigator.main' Completed post processing for help_doc. (changed=False)
220625080112.435 DEBUG 'ansible_navigator.main' Completed post processing for help_inventory. (changed=False)
220625080112.435 DEBUG 'ansible_navigator.main' Completed post processing for help_playbook. (changed=False)
220625080112.435 DEBUG 'ansible_navigator.main' Completed post processing for inventory. (changed=False)
220625080112.435 DEBUG 'ansible_navigator.main' Completed post processing for inventory_column. (changed=False)
220625080112.435 DEBUG 'ansible_navigator.main' Completed post processing for log_append. (changed=False)
220625080112.435 DEBUG 'ansible_navigator.main' Completed post processing for log_file. (changed=False)
220625080112.435 DEBUG 'ansible_navigator.main' Completed post processing for mode. (changed=False)
220625080112.435 DEBUG 'ansible_navigator.main' Completed post processing for osc4. (changed=False)
220625080112.435 DEBUG 'ansible_navigator.main' Completed post processing for pass_environment_variable. (changed=False)
220625080112.435 DEBUG 'ansible_navigator.main' Completed post processing for playbook. (changed=False)
220625080112.435 DEBUG 'ansible_navigator.main' Completed post processing for playbook_artifact_enable. (changed=False)
220625080112.435 DEBUG 'ansible_navigator.main' Completed post processing for playbook_artifact_replay. (changed=False)
220625080112.435 DEBUG 'ansible_navigator.main' Completed post processing for plugin_name. (changed=False)
220625080112.435 DEBUG 'ansible_navigator.main' Completed post processing for set_environment_variable. (changed=False)
220625080112.436 WARNING 'ansible_navigator.main' Configuration errors encountered, rolling back to previous configuration.
220625080112.436 DEBUG 'ansible_navigator.main' Prior to rollback: ansible_runner_artifact_dir = 'Constants.NOT_SET' (Constants/value has not been set)
220625080112.436 DEBUG 'ansible_navigator.main' Prior to rollback: ansible_runner_rotate_artifacts_count = 'Constants.NOT_SET' (Constants/value has not been set)
220625080112.436 DEBUG 'ansible_navigator.main' Prior to rollback: ansible_runner_timeout = 'Constants.NOT_SET' (Constants/value has not been set)
220625080112.436 DEBUG 'ansible_navigator.main' Prior to rollback: app = 'inventory' (str/cli parameters)
220625080112.436 DEBUG 'ansible_navigator.main' Prior to rollback: cmdline = '['-i']' (list/cli parameters)
220625080112.436 DEBUG 'ansible_navigator.main' Prior to rollback: collection_doc_cache_path = '/home/kiosk/.cache/ansible-navigator/collection_doc_cache.db' (str/default configuration value)
220625080112.436 DEBUG 'ansible_navigator.main' Prior to rollback: config = 'Constants.NOT_SET' (Constants/value has not been set)
220625080112.436 DEBUG 'ansible_navigator.main' Prior to rollback: container_engine = 'podman' (str/default configuration value)
220625080112.436 DEBUG 'ansible_navigator.main' Prior to rollback: container_options = 'Constants.NOT_SET' (Constants/value has not been set)
220625080112.436 DEBUG 'ansible_navigator.main' Prior to rollback: display_color = 'True' (bool/default configuration value)
220625080112.436 DEBUG 'ansible_navigator.main' Prior to rollback: editor_command = 'vi +{line_number} {filename}' (str/default configuration value)
220625080112.436 DEBUG 'ansible_navigator.main' Prior to rollback: editor_console = 'True' (bool/default configuration value)
220625080112.436 DEBUG 'ansible_navigator.main' Prior to rollback: execution_environment = 'True' (bool/default configuration value)
220625080112.436 DEBUG 'ansible_navigator.main' Prior to rollback: execution_environment_image = 'quay.io/ansible/ansible-navigator-demo-ee:0.6.0' (str/default configuration value)
220625080112.436 DEBUG 'ansible_navigator.main' Prior to rollback: execution_environment_volume_mounts = 'Constants.NOT_SET' (Constants/value has not been set)
220625080112.436 DEBUG 'ansible_navigator.main' Prior to rollback: help_config = 'False' (bool/default configuration value)
220625080112.436 DEBUG 'ansible_navigator.main' Prior to rollback: help_doc = 'False' (bool/default configuration value)
220625080112.436 DEBUG 'ansible_navigator.main' Prior to rollback: help_inventory = 'False' (bool/default configuration value)
220625080112.436 DEBUG 'ansible_navigator.main' Prior to rollback: help_playbook = 'False' (bool/default configuration value)
220625080112.436 DEBUG 'ansible_navigator.main' Prior to rollback: inventory = 'Constants.NOT_SET' (Constants/value has not been set)
220625080112.436 DEBUG 'ansible_navigator.main' Prior to rollback: inventory_column = 'Constants.NOT_SET' (Constants/value has not been set)
220625080112.436 DEBUG 'ansible_navigator.main' Prior to rollback: log_append = 'True' (bool/default configuration value)
220625080112.436 DEBUG 'ansible_navigator.main' Prior to rollback: log_file = '/home/kiosk/backup/github/ansible-demo/do374-course-demo/chapter01/ansible-navigator-demo/ansible-navigator.log' (str/default configuration value)
220625080112.436 DEBUG 'ansible_navigator.main' Prior to rollback: log_level = 'warning' (str/default configuration value)
220625080112.436 DEBUG 'ansible_navigator.main' Prior to rollback: mode = 'interactive' (str/default configuration value)
220625080112.436 DEBUG 'ansible_navigator.main' Prior to rollback: osc4 = 'True' (bool/default configuration value)
220625080112.436 DEBUG 'ansible_navigator.main' Prior to rollback: pass_environment_variable = 'Constants.NOT_SET' (Constants/value has not been set)
220625080112.436 DEBUG 'ansible_navigator.main' Prior to rollback: playbook = 'Constants.NOT_SET' (Constants/value has not been set)
220625080112.436 DEBUG 'ansible_navigator.main' Prior to rollback: playbook_artifact_enable = 'True' (bool/default configuration value)
220625080112.436 DEBUG 'ansible_navigator.main' Prior to rollback: playbook_artifact_replay = 'Constants.NOT_SET' (Constants/value has not been set)
220625080112.436 DEBUG 'ansible_navigator.main' Prior to rollback: playbook_artifact_save_as = '{playbook_dir}/{playbook_name}-artifact-{ts_utc}.json' (str/default configuration value)
220625080112.436 DEBUG 'ansible_navigator.main' Prior to rollback: plugin_name = 'Constants.NOT_SET' (Constants/value has not been set)
220625080112.436 DEBUG 'ansible_navigator.main' Prior to rollback: plugin_type = 'module' (str/default configuration value)
220625080112.436 DEBUG 'ansible_navigator.main' Prior to rollback: pull_policy = 'tag' (str/default configuration value)
220625080112.436 DEBUG 'ansible_navigator.main' Prior to rollback: set_environment_variable = 'Constants.NOT_SET' (Constants/value has not been set)
220625080112.436 DEBUG 'ansible_navigator.main' After rollback: ansible_runner_artifact_dir = 'Constants.NOT_SET' (Constants/value has not been set)
220625080112.436 DEBUG 'ansible_navigator.main' After rollback: ansible_runner_rotate_artifacts_count = 'Constants.NOT_SET' (Constants/value has not been set)
220625080112.436 DEBUG 'ansible_navigator.main' After rollback: ansible_runner_timeout = 'Constants.NOT_SET' (Constants/value has not been set)
220625080112.436 DEBUG 'ansible_navigator.main' After rollback: app = 'Constants.NOT_SET' (Constants/value has not been set)
220625080112.436 DEBUG 'ansible_navigator.main' After rollback: cmdline = 'Constants.NOT_SET' (Constants/value has not been set)
220625080112.436 DEBUG 'ansible_navigator.main' After rollback: collection_doc_cache_path = 'Constants.NOT_SET' (Constants/value has not been set)
220625080112.436 DEBUG 'ansible_navigator.main' After rollback: config = 'Constants.NOT_SET' (Constants/value has not been set)
220625080112.436 DEBUG 'ansible_navigator.main' After rollback: container_engine = 'Constants.NOT_SET' (Constants/value has not been set)
220625080112.436 DEBUG 'ansible_navigator.main' After rollback: container_options = 'Constants.NOT_SET' (Constants/value has not been set)
220625080112.436 DEBUG 'ansible_navigator.main' After rollback: display_color = 'Constants.NOT_SET' (Constants/value has not been set)
220625080112.437 DEBUG 'ansible_navigator.main' After rollback: editor_command = 'Constants.NOT_SET' (Constants/value has not been set)
220625080112.437 DEBUG 'ansible_navigator.main' After rollback: editor_console = 'Constants.NOT_SET' (Constants/value has not been set)
220625080112.437 DEBUG 'ansible_navigator.main' After rollback: execution_environment = 'Constants.NOT_SET' (Constants/value has not been set)
220625080112.437 DEBUG 'ansible_navigator.main' After rollback: execution_environment_image = 'Constants.NOT_SET' (Constants/value has not been set)
220625080112.437 DEBUG 'ansible_navigator.main' After rollback: execution_environment_volume_mounts = 'Constants.NOT_SET' (Constants/value has not been set)
220625080112.437 DEBUG 'ansible_navigator.main' After rollback: help_config = 'Constants.NOT_SET' (Constants/value has not been set)
220625080112.437 DEBUG 'ansible_navigator.main' After rollback: help_doc = 'Constants.NOT_SET' (Constants/value has not been set)
220625080112.437 DEBUG 'ansible_navigator.main' After rollback: help_inventory = 'Constants.NOT_SET' (Constants/value has not been set)
220625080112.437 DEBUG 'ansible_navigator.main' After rollback: help_playbook = 'Constants.NOT_SET' (Constants/value has not been set)
220625080112.437 DEBUG 'ansible_navigator.main' After rollback: inventory = 'Constants.NOT_SET' (Constants/value has not been set)
220625080112.437 DEBUG 'ansible_navigator.main' After rollback: inventory_column = 'Constants.NOT_SET' (Constants/value has not been set)
220625080112.437 DEBUG 'ansible_navigator.main' After rollback: log_append = 'Constants.NOT_SET' (Constants/value has not been set)
220625080112.437 DEBUG 'ansible_navigator.main' After rollback: log_file = 'Constants.NOT_SET' (Constants/value has not been set)
220625080112.437 DEBUG 'ansible_navigator.main' After rollback: log_level = 'Constants.NOT_SET' (Constants/value has not been set)
220625080112.437 DEBUG 'ansible_navigator.main' After rollback: mode = 'Constants.NOT_SET' (Constants/value has not been set)
220625080112.437 DEBUG 'ansible_navigator.main' After rollback: osc4 = 'Constants.NOT_SET' (Constants/value has not been set)
220625080112.437 DEBUG 'ansible_navigator.main' After rollback: pass_environment_variable = 'Constants.NOT_SET' (Constants/value has not been set)
220625080112.437 DEBUG 'ansible_navigator.main' After rollback: playbook = 'Constants.NOT_SET' (Constants/value has not been set)
220625080112.437 DEBUG 'ansible_navigator.main' After rollback: playbook_artifact_enable = 'Constants.NOT_SET' (Constants/value has not been set)
220625080112.437 DEBUG 'ansible_navigator.main' After rollback: playbook_artifact_replay = 'Constants.NOT_SET' (Constants/value has not been set)
220625080112.437 DEBUG 'ansible_navigator.main' After rollback: playbook_artifact_save_as = 'Constants.NOT_SET' (Constants/value has not been set)
220625080112.437 DEBUG 'ansible_navigator.main' After rollback: plugin_name = 'Constants.NOT_SET' (Constants/value has not been set)
220625080112.437 DEBUG 'ansible_navigator.main' After rollback: plugin_type = 'Constants.NOT_SET' (Constants/value has not been set)
220625080112.437 DEBUG 'ansible_navigator.main' After rollback: pull_policy = 'Constants.NOT_SET' (Constants/value has not been set)
220625080112.437 DEBUG 'ansible_navigator.main' After rollback: set_environment_variable = 'Constants.NOT_SET' (Constants/value has not been set)
220625080112.437 DEBUG 'ansible_navigator.main' Configuration rollback complete.
220625080112.437 ERROR 'ansible_navigator.main' Command provided: '-i inventory'
220625080112.437 ERROR 'ansible_navigator.main' An inventory is required when using the inventory subcommand
220625080112.437 INFO 'ansible_navigator.main' Try again with '-i <path to inventory>'
220625080112.437 ERROR 'ansible_navigator.main' Configuration failed, using default log file location: /home/kiosk/backup/github/ansible-demo/do374-course-demo/chapter01/ansible-navigator-demo/ansible-navigator.log. Log level set to debug
220625080112.437 INFO 'ansible_navigator.main' Review the hints and log file to see what went wrong: /home/kiosk/backup/github/ansible-demo/do374-course-demo/chapter01/ansible-navigator-demo/ansible-navigator.log
220625080153.838 INFO 'ansible_navigator.setup_logger' New ansible-navigator instance, logging initialized
220625080153.838 INFO 'ansible_navigator.setup_logger' New ansible-runner instance, logging initialized
220625080153.838 DEBUG 'ansible_navigator.main' Share directory '/usr/local/lib/python3.6/share/ansible_navigator' not found (development path)
220625080153.838 DEBUG 'ansible_navigator.main' Share directory '/home/kiosk/.local/share/ansible_navigator' not found (userbase)
220625080153.838 DEBUG 'ansible_navigator.main' Share directory '/usr/share/ansible_navigator' not found (sys.prefix)
220625080153.838 DEBUG 'ansible_navigator.main' Share directory '/usr/share/ansible_navigator' not found (datarootdir)
220625080153.838 DEBUG 'ansible_navigator.main' Share directory '/usr/share/ansible_navigator' not found (datadir)
220625080153.838 DEBUG 'ansible_navigator.main' Share directory '/usr/local/share/ansible_navigator' found (prefix)
220625080153.838 DEBUG 'ansible_navigator.main' Default collection_doc_cache_path set to: /home/kiosk/.cache/ansible-navigator/collection_doc_cache.db
220625080153.838 DEBUG 'ansible_navigator.main' EDITOR environment variable not set
220625080153.839 DEBUG 'ansible_navigator.main' Default editor_command set to: vi +{line_number} {filename}
220625080153.839 DEBUG 'ansible_navigator.main' No config file set by ANSIBLE_NAVIGATOR_CONFIG
220625080153.839 DEBUG 'ansible_navigator.main' Looking in /home/kiosk
220625080153.839 DEBUG 'ansible_navigator.main' Looking for '/home/kiosk/.ansible-navigator.yml', '/home/kiosk/.ansible-navigator.yaml' and '/home/kiosk/.ansible-navigator.json'
220625080153.839 DEBUG 'ansible_navigator.main' Found 0: 
220625080153.839 DEBUG 'ansible_navigator.main' Looking in /home/kiosk/backup/github/ansible-demo/do374-course-demo/chapter01/ansible-navigator-demo
220625080153.839 DEBUG 'ansible_navigator.main' Looking for '/home/kiosk/backup/github/ansible-demo/do374-course-demo/chapter01/ansible-navigator-demo/ansible-navigator.yml', '/home/kiosk/backup/github/ansible-demo/do374-course-demo/chapter01/ansible-navigator-demo/ansible-navigator.yaml' and '/home/kiosk/backup/github/ansible-demo/do374-course-demo/chapter01/ansible-navigator-demo/ansible-navigator.json'
220625080153.839 DEBUG 'ansible_navigator.main' Found 0: 
220625080153.839 DEBUG 'ansible_navigator.main' All found 0: 
220625080153.839 DEBUG 'ansible_navigator.main' Using: None
220625080153.839 DEBUG 'ansible_navigator.main' No valid settings file found, using all default values for settings.
220625080153.839 DEBUG 'ansible_navigator.main' Command provided: 'help inventory'
220625080153.839 WARNING 'ansible_navigator.main' Configuration errors encountered, rolling back to previous configuration.
220625080153.839 DEBUG 'ansible_navigator.main' Prior to rollback: ansible_runner_artifact_dir = 'Constants.NOT_SET' (Constants/value has not been set)
220625080153.839 DEBUG 'ansible_navigator.main' Prior to rollback: ansible_runner_rotate_artifacts_count = 'Constants.NOT_SET' (Constants/value has not been set)
220625080153.839 DEBUG 'ansible_navigator.main' Prior to rollback: ansible_runner_timeout = 'Constants.NOT_SET' (Constants/value has not been set)
220625080153.839 DEBUG 'ansible_navigator.main' Prior to rollback: app = 'welcome' (str/default configuration value)
220625080153.839 DEBUG 'ansible_navigator.main' Prior to rollback: cmdline = 'Constants.NOT_SET' (Constants/value has not been set)
220625080153.839 DEBUG 'ansible_navigator.main' Prior to rollback: collection_doc_cache_path = '/home/kiosk/.cache/ansible-navigator/collection_doc_cache.db' (str/default configuration value)
220625080153.839 DEBUG 'ansible_navigator.main' Prior to rollback: config = 'Constants.NOT_SET' (Constants/value has not been set)
220625080153.839 DEBUG 'ansible_navigator.main' Prior to rollback: container_engine = 'auto' (str/default configuration value)
220625080153.839 DEBUG 'ansible_navigator.main' Prior to rollback: container_options = 'Constants.NOT_SET' (Constants/value has not been set)
220625080153.839 DEBUG 'ansible_navigator.main' Prior to rollback: display_color = 'True' (bool/default configuration value)
220625080153.839 DEBUG 'ansible_navigator.main' Prior to rollback: editor_command = 'vi +{line_number} {filename}' (str/default configuration value)
220625080153.839 DEBUG 'ansible_navigator.main' Prior to rollback: editor_console = 'True' (bool/default configuration value)
220625080153.839 DEBUG 'ansible_navigator.main' Prior to rollback: execution_environment = 'True' (bool/default configuration value)
220625080153.839 DEBUG 'ansible_navigator.main' Prior to rollback: execution_environment_image = 'quay.io/ansible/ansible-navigator-demo-ee:0.6.0' (str/default configuration value)
220625080153.839 DEBUG 'ansible_navigator.main' Prior to rollback: execution_environment_volume_mounts = 'Constants.NOT_SET' (Constants/value has not been set)
220625080153.839 DEBUG 'ansible_navigator.main' Prior to rollback: help_config = 'False' (bool/default configuration value)
220625080153.839 DEBUG 'ansible_navigator.main' Prior to rollback: help_doc = 'False' (bool/default configuration value)
220625080153.839 DEBUG 'ansible_navigator.main' Prior to rollback: help_inventory = 'False' (bool/default configuration value)
220625080153.839 DEBUG 'ansible_navigator.main' Prior to rollback: help_playbook = 'False' (bool/default configuration value)
220625080153.839 DEBUG 'ansible_navigator.main' Prior to rollback: inventory = 'Constants.NOT_SET' (Constants/value has not been set)
220625080153.839 DEBUG 'ansible_navigator.main' Prior to rollback: inventory_column = 'Constants.NOT_SET' (Constants/value has not been set)
220625080153.839 DEBUG 'ansible_navigator.main' Prior to rollback: log_append = 'True' (bool/default configuration value)
220625080153.839 DEBUG 'ansible_navigator.main' Prior to rollback: log_file = '/home/kiosk/backup/github/ansible-demo/do374-course-demo/chapter01/ansible-navigator-demo/ansible-navigator.log' (str/default configuration value)
220625080153.839 DEBUG 'ansible_navigator.main' Prior to rollback: log_level = 'warning' (str/default configuration value)
220625080153.839 DEBUG 'ansible_navigator.main' Prior to rollback: mode = 'interactive' (str/default configuration value)
220625080153.839 DEBUG 'ansible_navigator.main' Prior to rollback: osc4 = 'True' (bool/default configuration value)
220625080153.839 DEBUG 'ansible_navigator.main' Prior to rollback: pass_environment_variable = 'Constants.NOT_SET' (Constants/value has not been set)
220625080153.839 DEBUG 'ansible_navigator.main' Prior to rollback: playbook = 'Constants.NOT_SET' (Constants/value has not been set)
220625080153.839 DEBUG 'ansible_navigator.main' Prior to rollback: playbook_artifact_enable = 'True' (bool/default configuration value)
220625080153.839 DEBUG 'ansible_navigator.main' Prior to rollback: playbook_artifact_replay = 'Constants.NOT_SET' (Constants/value has not been set)
220625080153.839 DEBUG 'ansible_navigator.main' Prior to rollback: playbook_artifact_save_as = '{playbook_dir}/{playbook_name}-artifact-{ts_utc}.json' (str/default configuration value)
220625080153.839 DEBUG 'ansible_navigator.main' Prior to rollback: plugin_name = 'Constants.NOT_SET' (Constants/value has not been set)
220625080153.839 DEBUG 'ansible_navigator.main' Prior to rollback: plugin_type = 'module' (str/default configuration value)
220625080153.839 DEBUG 'ansible_navigator.main' Prior to rollback: pull_policy = 'tag' (str/default configuration value)
220625080153.840 DEBUG 'ansible_navigator.main' Prior to rollback: set_environment_variable = 'Constants.NOT_SET' (Constants/value has not been set)
220625080153.840 DEBUG 'ansible_navigator.main' After rollback: ansible_runner_artifact_dir = 'Constants.NOT_SET' (Constants/value has not been set)
220625080153.840 DEBUG 'ansible_navigator.main' After rollback: ansible_runner_rotate_artifacts_count = 'Constants.NOT_SET' (Constants/value has not been set)
220625080153.840 DEBUG 'ansible_navigator.main' After rollback: ansible_runner_timeout = 'Constants.NOT_SET' (Constants/value has not been set)
220625080153.840 DEBUG 'ansible_navigator.main' After rollback: app = 'Constants.NOT_SET' (Constants/value has not been set)
220625080153.840 DEBUG 'ansible_navigator.main' After rollback: cmdline = 'Constants.NOT_SET' (Constants/value has not been set)
220625080153.840 DEBUG 'ansible_navigator.main' After rollback: collection_doc_cache_path = 'Constants.NOT_SET' (Constants/value has not been set)
220625080153.840 DEBUG 'ansible_navigator.main' After rollback: config = 'Constants.NOT_SET' (Constants/value has not been set)
220625080153.840 DEBUG 'ansible_navigator.main' After rollback: container_engine = 'Constants.NOT_SET' (Constants/value has not been set)
220625080153.840 DEBUG 'ansible_navigator.main' After rollback: container_options = 'Constants.NOT_SET' (Constants/value has not been set)
220625080153.840 DEBUG 'ansible_navigator.main' After rollback: display_color = 'Constants.NOT_SET' (Constants/value has not been set)
220625080153.840 DEBUG 'ansible_navigator.main' After rollback: editor_command = 'Constants.NOT_SET' (Constants/value has not been set)
220625080153.840 DEBUG 'ansible_navigator.main' After rollback: editor_console = 'Constants.NOT_SET' (Constants/value has not been set)
220625080153.840 DEBUG 'ansible_navigator.main' After rollback: execution_environment = 'Constants.NOT_SET' (Constants/value has not been set)
220625080153.840 DEBUG 'ansible_navigator.main' After rollback: execution_environment_image = 'Constants.NOT_SET' (Constants/value has not been set)
220625080153.840 DEBUG 'ansible_navigator.main' After rollback: execution_environment_volume_mounts = 'Constants.NOT_SET' (Constants/value has not been set)
220625080153.840 DEBUG 'ansible_navigator.main' After rollback: help_config = 'Constants.NOT_SET' (Constants/value has not been set)
220625080153.840 DEBUG 'ansible_navigator.main' After rollback: help_doc = 'Constants.NOT_SET' (Constants/value has not been set)
220625080153.840 DEBUG 'ansible_navigator.main' After rollback: help_inventory = 'Constants.NOT_SET' (Constants/value has not been set)
220625080153.840 DEBUG 'ansible_navigator.main' After rollback: help_playbook = 'Constants.NOT_SET' (Constants/value has not been set)
220625080153.840 DEBUG 'ansible_navigator.main' After rollback: inventory = 'Constants.NOT_SET' (Constants/value has not been set)
220625080153.840 DEBUG 'ansible_navigator.main' After rollback: inventory_column = 'Constants.NOT_SET' (Constants/value has not been set)
220625080153.840 DEBUG 'ansible_navigator.main' After rollback: log_append = 'Constants.NOT_SET' (Constants/value has not been set)
220625080153.840 DEBUG 'ansible_navigator.main' After rollback: log_file = 'Constants.NOT_SET' (Constants/value has not been set)
220625080153.840 DEBUG 'ansible_navigator.main' After rollback: log_level = 'Constants.NOT_SET' (Constants/value has not been set)
220625080153.840 DEBUG 'ansible_navigator.main' After rollback: mode = 'Constants.NOT_SET' (Constants/value has not been set)
220625080153.840 DEBUG 'ansible_navigator.main' After rollback: osc4 = 'Constants.NOT_SET' (Constants/value has not been set)
220625080153.840 DEBUG 'ansible_navigator.main' After rollback: pass_environment_variable = 'Constants.NOT_SET' (Constants/value has not been set)
220625080153.840 DEBUG 'ansible_navigator.main' After rollback: playbook = 'Constants.NOT_SET' (Constants/value has not been set)
220625080153.840 DEBUG 'ansible_navigator.main' After rollback: playbook_artifact_enable = 'Constants.NOT_SET' (Constants/value has not been set)
220625080153.840 DEBUG 'ansible_navigator.main' After rollback: playbook_artifact_replay = 'Constants.NOT_SET' (Constants/value has not been set)
220625080153.840 DEBUG 'ansible_navigator.main' After rollback: playbook_artifact_save_as = 'Constants.NOT_SET' (Constants/value has not been set)
220625080153.840 DEBUG 'ansible_navigator.main' After rollback: plugin_name = 'Constants.NOT_SET' (Constants/value has not been set)
220625080153.840 DEBUG 'ansible_navigator.main' After rollback: plugin_type = 'Constants.NOT_SET' (Constants/value has not been set)
220625080153.840 DEBUG 'ansible_navigator.main' After rollback: pull_policy = 'Constants.NOT_SET' (Constants/value has not been set)
220625080153.840 DEBUG 'ansible_navigator.main' After rollback: set_environment_variable = 'Constants.NOT_SET' (Constants/value has not been set)
220625080153.840 DEBUG 'ansible_navigator.main' Configuration rollback complete.
220625080153.840 ERROR 'ansible_navigator.main' Command provided: 'help inventory'
220625080153.840 ERROR 'ansible_navigator.main' argument {subcommand} --help: invalid choice: 'help' (choose from 'collections', 'config', 'doc', 'images', 'inventory', 'replay', 'run', 'welcome')
220625080153.840 ERROR 'ansible_navigator.main' Configuration failed, using default log file location: /home/kiosk/backup/github/ansible-demo/do374-course-demo/chapter01/ansible-navigator-demo/ansible-navigator.log. Log level set to debug
220625080153.840 INFO 'ansible_navigator.main' Review the hints and log file to see what went wrong: /home/kiosk/backup/github/ansible-demo/do374-course-demo/chapter01/ansible-navigator-demo/ansible-navigator.log
220625080318.519 INFO 'ansible_navigator.setup_logger' New ansible-navigator instance, logging initialized
220625080318.520 INFO 'ansible_navigator.setup_logger' New ansible-runner instance, logging initialized
220625080318.520 DEBUG 'ansible_navigator.main' Share directory '/usr/local/lib/python3.6/share/ansible_navigator' not found (development path)
220625080318.520 DEBUG 'ansible_navigator.main' Share directory '/home/kiosk/.local/share/ansible_navigator' not found (userbase)
220625080318.520 DEBUG 'ansible_navigator.main' Share directory '/usr/share/ansible_navigator' not found (sys.prefix)
220625080318.520 DEBUG 'ansible_navigator.main' Share directory '/usr/share/ansible_navigator' not found (datarootdir)
220625080318.520 DEBUG 'ansible_navigator.main' Share directory '/usr/share/ansible_navigator' not found (datadir)
220625080318.520 DEBUG 'ansible_navigator.main' Share directory '/usr/local/share/ansible_navigator' found (prefix)
220625080318.520 DEBUG 'ansible_navigator.main' Default collection_doc_cache_path set to: /home/kiosk/.cache/ansible-navigator/collection_doc_cache.db
220625080318.520 DEBUG 'ansible_navigator.main' EDITOR environment variable not set
220625080318.520 DEBUG 'ansible_navigator.main' Default editor_command set to: vi +{line_number} {filename}
220625080318.520 DEBUG 'ansible_navigator.main' No config file set by ANSIBLE_NAVIGATOR_CONFIG
220625080318.520 DEBUG 'ansible_navigator.main' Looking in /home/kiosk
220625080318.520 DEBUG 'ansible_navigator.main' Looking for '/home/kiosk/.ansible-navigator.yml', '/home/kiosk/.ansible-navigator.yaml' and '/home/kiosk/.ansible-navigator.json'
220625080318.520 DEBUG 'ansible_navigator.main' Found 0: 
220625080318.520 DEBUG 'ansible_navigator.main' Looking in /home/kiosk/backup/github/ansible-demo/do374-course-demo/chapter01/ansible-navigator-demo
220625080318.520 DEBUG 'ansible_navigator.main' Looking for '/home/kiosk/backup/github/ansible-demo/do374-course-demo/chapter01/ansible-navigator-demo/ansible-navigator.yml', '/home/kiosk/backup/github/ansible-demo/do374-course-demo/chapter01/ansible-navigator-demo/ansible-navigator.yaml' and '/home/kiosk/backup/github/ansible-demo/do374-course-demo/chapter01/ansible-navigator-demo/ansible-navigator.json'
220625080318.520 DEBUG 'ansible_navigator.main' Found 0: 
220625080318.520 DEBUG 'ansible_navigator.main' All found 0: 
220625080318.520 DEBUG 'ansible_navigator.main' Using: None
220625080318.520 DEBUG 'ansible_navigator.main' No valid settings file found, using all default values for settings.
220625080318.520 DEBUG 'ansible_navigator.main' Command provided: 'open'
220625080318.520 WARNING 'ansible_navigator.main' Configuration errors encountered, rolling back to previous configuration.
220625080318.520 DEBUG 'ansible_navigator.main' Prior to rollback: ansible_runner_artifact_dir = 'Constants.NOT_SET' (Constants/value has not been set)
220625080318.520 DEBUG 'ansible_navigator.main' Prior to rollback: ansible_runner_rotate_artifacts_count = 'Constants.NOT_SET' (Constants/value has not been set)
220625080318.520 DEBUG 'ansible_navigator.main' Prior to rollback: ansible_runner_timeout = 'Constants.NOT_SET' (Constants/value has not been set)
220625080318.520 DEBUG 'ansible_navigator.main' Prior to rollback: app = 'welcome' (str/default configuration value)
220625080318.520 DEBUG 'ansible_navigator.main' Prior to rollback: cmdline = 'Constants.NOT_SET' (Constants/value has not been set)
220625080318.520 DEBUG 'ansible_navigator.main' Prior to rollback: collection_doc_cache_path = '/home/kiosk/.cache/ansible-navigator/collection_doc_cache.db' (str/default configuration value)
220625080318.520 DEBUG 'ansible_navigator.main' Prior to rollback: config = 'Constants.NOT_SET' (Constants/value has not been set)
220625080318.520 DEBUG 'ansible_navigator.main' Prior to rollback: container_engine = 'auto' (str/default configuration value)
220625080318.520 DEBUG 'ansible_navigator.main' Prior to rollback: container_options = 'Constants.NOT_SET' (Constants/value has not been set)
220625080318.520 DEBUG 'ansible_navigator.main' Prior to rollback: display_color = 'True' (bool/default configuration value)
220625080318.520 DEBUG 'ansible_navigator.main' Prior to rollback: editor_command = 'vi +{line_number} {filename}' (str/default configuration value)
220625080318.520 DEBUG 'ansible_navigator.main' Prior to rollback: editor_console = 'True' (bool/default configuration value)
220625080318.520 DEBUG 'ansible_navigator.main' Prior to rollback: execution_environment = 'True' (bool/default configuration value)
220625080318.520 DEBUG 'ansible_navigator.main' Prior to rollback: execution_environment_image = 'quay.io/ansible/ansible-navigator-demo-ee:0.6.0' (str/default configuration value)
220625080318.521 DEBUG 'ansible_navigator.main' Prior to rollback: execution_environment_volume_mounts = 'Constants.NOT_SET' (Constants/value has not been set)
220625080318.521 DEBUG 'ansible_navigator.main' Prior to rollback: help_config = 'False' (bool/default configuration value)
220625080318.521 DEBUG 'ansible_navigator.main' Prior to rollback: help_doc = 'False' (bool/default configuration value)
220625080318.521 DEBUG 'ansible_navigator.main' Prior to rollback: help_inventory = 'False' (bool/default configuration value)
220625080318.521 DEBUG 'ansible_navigator.main' Prior to rollback: help_playbook = 'False' (bool/default configuration value)
220625080318.521 DEBUG 'ansible_navigator.main' Prior to rollback: inventory = 'Constants.NOT_SET' (Constants/value has not been set)
220625080318.521 DEBUG 'ansible_navigator.main' Prior to rollback: inventory_column = 'Constants.NOT_SET' (Constants/value has not been set)
220625080318.521 DEBUG 'ansible_navigator.main' Prior to rollback: log_append = 'True' (bool/default configuration value)
220625080318.521 DEBUG 'ansible_navigator.main' Prior to rollback: log_file = '/home/kiosk/backup/github/ansible-demo/do374-course-demo/chapter01/ansible-navigator-demo/ansible-navigator.log' (str/default configuration value)
220625080318.521 DEBUG 'ansible_navigator.main' Prior to rollback: log_level = 'warning' (str/default configuration value)
220625080318.521 DEBUG 'ansible_navigator.main' Prior to rollback: mode = 'interactive' (str/default configuration value)
220625080318.521 DEBUG 'ansible_navigator.main' Prior to rollback: osc4 = 'True' (bool/default configuration value)
220625080318.521 DEBUG 'ansible_navigator.main' Prior to rollback: pass_environment_variable = 'Constants.NOT_SET' (Constants/value has not been set)
220625080318.521 DEBUG 'ansible_navigator.main' Prior to rollback: playbook = 'Constants.NOT_SET' (Constants/value has not been set)
220625080318.521 DEBUG 'ansible_navigator.main' Prior to rollback: playbook_artifact_enable = 'True' (bool/default configuration value)
220625080318.521 DEBUG 'ansible_navigator.main' Prior to rollback: playbook_artifact_replay = 'Constants.NOT_SET' (Constants/value has not been set)
220625080318.521 DEBUG 'ansible_navigator.main' Prior to rollback: playbook_artifact_save_as = '{playbook_dir}/{playbook_name}-artifact-{ts_utc}.json' (str/default configuration value)
220625080318.521 DEBUG 'ansible_navigator.main' Prior to rollback: plugin_name = 'Constants.NOT_SET' (Constants/value has not been set)
220625080318.521 DEBUG 'ansible_navigator.main' Prior to rollback: plugin_type = 'module' (str/default configuration value)
220625080318.521 DEBUG 'ansible_navigator.main' Prior to rollback: pull_policy = 'tag' (str/default configuration value)
220625080318.521 DEBUG 'ansible_navigator.main' Prior to rollback: set_environment_variable = 'Constants.NOT_SET' (Constants/value has not been set)
220625080318.521 DEBUG 'ansible_navigator.main' After rollback: ansible_runner_artifact_dir = 'Constants.NOT_SET' (Constants/value has not been set)
220625080318.521 DEBUG 'ansible_navigator.main' After rollback: ansible_runner_rotate_artifacts_count = 'Constants.NOT_SET' (Constants/value has not been set)
220625080318.521 DEBUG 'ansible_navigator.main' After rollback: ansible_runner_timeout = 'Constants.NOT_SET' (Constants/value has not been set)
220625080318.521 DEBUG 'ansible_navigator.main' After rollback: app = 'Constants.NOT_SET' (Constants/value has not been set)
220625080318.521 DEBUG 'ansible_navigator.main' After rollback: cmdline = 'Constants.NOT_SET' (Constants/value has not been set)
220625080318.521 DEBUG 'ansible_navigator.main' After rollback: collection_doc_cache_path = 'Constants.NOT_SET' (Constants/value has not been set)
220625080318.521 DEBUG 'ansible_navigator.main' After rollback: config = 'Constants.NOT_SET' (Constants/value has not been set)
220625080318.521 DEBUG 'ansible_navigator.main' After rollback: container_engine = 'Constants.NOT_SET' (Constants/value has not been set)
220625080318.521 DEBUG 'ansible_navigator.main' After rollback: container_options = 'Constants.NOT_SET' (Constants/value has not been set)
220625080318.521 DEBUG 'ansible_navigator.main' After rollback: display_color = 'Constants.NOT_SET' (Constants/value has not been set)
220625080318.521 DEBUG 'ansible_navigator.main' After rollback: editor_command = 'Constants.NOT_SET' (Constants/value has not been set)
220625080318.521 DEBUG 'ansible_navigator.main' After rollback: editor_console = 'Constants.NOT_SET' (Constants/value has not been set)
220625080318.521 DEBUG 'ansible_navigator.main' After rollback: execution_environment = 'Constants.NOT_SET' (Constants/value has not been set)
220625080318.521 DEBUG 'ansible_navigator.main' After rollback: execution_environment_image = 'Constants.NOT_SET' (Constants/value has not been set)
220625080318.521 DEBUG 'ansible_navigator.main' After rollback: execution_environment_volume_mounts = 'Constants.NOT_SET' (Constants/value has not been set)
220625080318.521 DEBUG 'ansible_navigator.main' After rollback: help_config = 'Constants.NOT_SET' (Constants/value has not been set)
220625080318.521 DEBUG 'ansible_navigator.main' After rollback: help_doc = 'Constants.NOT_SET' (Constants/value has not been set)
220625080318.521 DEBUG 'ansible_navigator.main' After rollback: help_inventory = 'Constants.NOT_SET' (Constants/value has not been set)
220625080318.521 DEBUG 'ansible_navigator.main' After rollback: help_playbook = 'Constants.NOT_SET' (Constants/value has not been set)
220625080318.521 DEBUG 'ansible_navigator.main' After rollback: inventory = 'Constants.NOT_SET' (Constants/value has not been set)
220625080318.521 DEBUG 'ansible_navigator.main' After rollback: inventory_column = 'Constants.NOT_SET' (Constants/value has not been set)
220625080318.521 DEBUG 'ansible_navigator.main' After rollback: log_append = 'Constants.NOT_SET' (Constants/value has not been set)
220625080318.522 DEBUG 'ansible_navigator.main' After rollback: log_file = 'Constants.NOT_SET' (Constants/value has not been set)
220625080318.522 DEBUG 'ansible_navigator.main' After rollback: log_level = 'Constants.NOT_SET' (Constants/value has not been set)
220625080318.522 DEBUG 'ansible_navigator.main' After rollback: mode = 'Constants.NOT_SET' (Constants/value has not been set)
220625080318.522 DEBUG 'ansible_navigator.main' After rollback: osc4 = 'Constants.NOT_SET' (Constants/value has not been set)
220625080318.522 DEBUG 'ansible_navigator.main' After rollback: pass_environment_variable = 'Constants.NOT_SET' (Constants/value has not been set)
220625080318.522 DEBUG 'ansible_navigator.main' After rollback: playbook = 'Constants.NOT_SET' (Constants/value has not been set)
220625080318.522 DEBUG 'ansible_navigator.main' After rollback: playbook_artifact_enable = 'Constants.NOT_SET' (Constants/value has not been set)
220625080318.522 DEBUG 'ansible_navigator.main' After rollback: playbook_artifact_replay = 'Constants.NOT_SET' (Constants/value has not been set)
220625080318.522 DEBUG 'ansible_navigator.main' After rollback: playbook_artifact_save_as = 'Constants.NOT_SET' (Constants/value has not been set)
220625080318.522 DEBUG 'ansible_navigator.main' After rollback: plugin_name = 'Constants.NOT_SET' (Constants/value has not been set)
220625080318.522 DEBUG 'ansible_navigator.main' After rollback: plugin_type = 'Constants.NOT_SET' (Constants/value has not been set)
220625080318.522 DEBUG 'ansible_navigator.main' After rollback: pull_policy = 'Constants.NOT_SET' (Constants/value has not been set)
220625080318.522 DEBUG 'ansible_navigator.main' After rollback: set_environment_variable = 'Constants.NOT_SET' (Constants/value has not been set)
220625080318.522 DEBUG 'ansible_navigator.main' Configuration rollback complete.
220625080318.522 ERROR 'ansible_navigator.main' Command provided: 'open'
220625080318.522 ERROR 'ansible_navigator.main' argument {subcommand} --help: invalid choice: 'open' (choose from 'collections', 'config', 'doc', 'images', 'inventory', 'replay', 'run', 'welcome')
220625080318.522 ERROR 'ansible_navigator.main' Configuration failed, using default log file location: /home/kiosk/backup/github/ansible-demo/do374-course-demo/chapter01/ansible-navigator-demo/ansible-navigator.log. Log level set to debug
220625080318.522 INFO 'ansible_navigator.main' Review the hints and log file to see what went wrong: /home/kiosk/backup/github/ansible-demo/do374-course-demo/chapter01/ansible-navigator-demo/ansible-navigator.log
220625080349.112 INFO 'ansible_navigator.setup_logger' New ansible-navigator instance, logging initialized
220625080349.112 INFO 'ansible_navigator.setup_logger' New ansible-runner instance, logging initialized
220625080349.112 DEBUG 'ansible_navigator.main' Share directory '/usr/local/lib/python3.6/share/ansible_navigator' not found (development path)
220625080349.112 DEBUG 'ansible_navigator.main' Share directory '/home/kiosk/.local/share/ansible_navigator' not found (userbase)
220625080349.112 DEBUG 'ansible_navigator.main' Share directory '/usr/share/ansible_navigator' not found (sys.prefix)
220625080349.112 DEBUG 'ansible_navigator.main' Share directory '/usr/share/ansible_navigator' not found (datarootdir)
220625080349.112 DEBUG 'ansible_navigator.main' Share directory '/usr/share/ansible_navigator' not found (datadir)
220625080349.112 DEBUG 'ansible_navigator.main' Share directory '/usr/local/share/ansible_navigator' found (prefix)
220625080349.112 DEBUG 'ansible_navigator.main' Default collection_doc_cache_path set to: /home/kiosk/.cache/ansible-navigator/collection_doc_cache.db
220625080349.112 DEBUG 'ansible_navigator.main' EDITOR environment variable not set
220625080349.112 DEBUG 'ansible_navigator.main' Default editor_command set to: vi +{line_number} {filename}
220625080349.112 DEBUG 'ansible_navigator.main' No config file set by ANSIBLE_NAVIGATOR_CONFIG
220625080349.112 DEBUG 'ansible_navigator.main' Looking in /home/kiosk
220625080349.112 DEBUG 'ansible_navigator.main' Looking for '/home/kiosk/.ansible-navigator.yml', '/home/kiosk/.ansible-navigator.yaml' and '/home/kiosk/.ansible-navigator.json'
220625080349.112 DEBUG 'ansible_navigator.main' Found 0: 
220625080349.112 DEBUG 'ansible_navigator.main' Looking in /home/kiosk/backup/github/ansible-demo/do374-course-demo/chapter01/ansible-navigator-demo
220625080349.112 DEBUG 'ansible_navigator.main' Looking for '/home/kiosk/backup/github/ansible-demo/do374-course-demo/chapter01/ansible-navigator-demo/ansible-navigator.yml', '/home/kiosk/backup/github/ansible-demo/do374-course-demo/chapter01/ansible-navigator-demo/ansible-navigator.yaml' and '/home/kiosk/backup/github/ansible-demo/do374-course-demo/chapter01/ansible-navigator-demo/ansible-navigator.json'
220625080349.112 DEBUG 'ansible_navigator.main' Found 0: 
220625080349.112 DEBUG 'ansible_navigator.main' All found 0: 
220625080349.112 DEBUG 'ansible_navigator.main' Using: None
220625080349.112 DEBUG 'ansible_navigator.main' No valid settings file found, using all default values for settings.
220625080349.112 DEBUG 'ansible_navigator.main' Command provided: 'open --eei quay.io/ansible/ansible-navigator-demo-ee:0.6.0'
220625080349.113 WARNING 'ansible_navigator.main' Configuration errors encountered, rolling back to previous configuration.
220625080349.113 DEBUG 'ansible_navigator.main' Prior to rollback: ansible_runner_artifact_dir = 'Constants.NOT_SET' (Constants/value has not been set)
220625080349.113 DEBUG 'ansible_navigator.main' Prior to rollback: ansible_runner_rotate_artifacts_count = 'Constants.NOT_SET' (Constants/value has not been set)
220625080349.113 DEBUG 'ansible_navigator.main' Prior to rollback: ansible_runner_timeout = 'Constants.NOT_SET' (Constants/value has not been set)
220625080349.113 DEBUG 'ansible_navigator.main' Prior to rollback: app = 'welcome' (str/default configuration value)
220625080349.113 DEBUG 'ansible_navigator.main' Prior to rollback: cmdline = 'Constants.NOT_SET' (Constants/value has not been set)
220625080349.113 DEBUG 'ansible_navigator.main' Prior to rollback: collection_doc_cache_path = '/home/kiosk/.cache/ansible-navigator/collection_doc_cache.db' (str/default configuration value)
220625080349.113 DEBUG 'ansible_navigator.main' Prior to rollback: config = 'Constants.NOT_SET' (Constants/value has not been set)
220625080349.113 DEBUG 'ansible_navigator.main' Prior to rollback: container_engine = 'auto' (str/default configuration value)
220625080349.113 DEBUG 'ansible_navigator.main' Prior to rollback: container_options = 'Constants.NOT_SET' (Constants/value has not been set)
220625080349.113 DEBUG 'ansible_navigator.main' Prior to rollback: display_color = 'True' (bool/default configuration value)
220625080349.113 DEBUG 'ansible_navigator.main' Prior to rollback: editor_command = 'vi +{line_number} {filename}' (str/default configuration value)
220625080349.113 DEBUG 'ansible_navigator.main' Prior to rollback: editor_console = 'True' (bool/default configuration value)
220625080349.113 DEBUG 'ansible_navigator.main' Prior to rollback: execution_environment = 'True' (bool/default configuration value)
220625080349.113 DEBUG 'ansible_navigator.main' Prior to rollback: execution_environment_image = 'quay.io/ansible/ansible-navigator-demo-ee:0.6.0' (str/default configuration value)
220625080349.113 DEBUG 'ansible_navigator.main' Prior to rollback: execution_environment_volume_mounts = 'Constants.NOT_SET' (Constants/value has not been set)
220625080349.113 DEBUG 'ansible_navigator.main' Prior to rollback: help_config = 'False' (bool/default configuration value)
220625080349.113 DEBUG 'ansible_navigator.main' Prior to rollback: help_doc = 'False' (bool/default configuration value)
220625080349.113 DEBUG 'ansible_navigator.main' Prior to rollback: help_inventory = 'False' (bool/default configuration value)
220625080349.113 DEBUG 'ansible_navigator.main' Prior to rollback: help_playbook = 'False' (bool/default configuration value)
220625080349.113 DEBUG 'ansible_navigator.main' Prior to rollback: inventory = 'Constants.NOT_SET' (Constants/value has not been set)
220625080349.113 DEBUG 'ansible_navigator.main' Prior to rollback: inventory_column = 'Constants.NOT_SET' (Constants/value has not been set)
220625080349.113 DEBUG 'ansible_navigator.main' Prior to rollback: log_append = 'True' (bool/default configuration value)
220625080349.113 DEBUG 'ansible_navigator.main' Prior to rollback: log_file = '/home/kiosk/backup/github/ansible-demo/do374-course-demo/chapter01/ansible-navigator-demo/ansible-navigator.log' (str/default configuration value)
220625080349.113 DEBUG 'ansible_navigator.main' Prior to rollback: log_level = 'warning' (str/default configuration value)
220625080349.113 DEBUG 'ansible_navigator.main' Prior to rollback: mode = 'interactive' (str/default configuration value)
220625080349.113 DEBUG 'ansible_navigator.main' Prior to rollback: osc4 = 'True' (bool/default configuration value)
220625080349.113 DEBUG 'ansible_navigator.main' Prior to rollback: pass_environment_variable = 'Constants.NOT_SET' (Constants/value has not been set)
220625080349.113 DEBUG 'ansible_navigator.main' Prior to rollback: playbook = 'Constants.NOT_SET' (Constants/value has not been set)
220625080349.113 DEBUG 'ansible_navigator.main' Prior to rollback: playbook_artifact_enable = 'True' (bool/default configuration value)
220625080349.113 DEBUG 'ansible_navigator.main' Prior to rollback: playbook_artifact_replay = 'Constants.NOT_SET' (Constants/value has not been set)
220625080349.113 DEBUG 'ansible_navigator.main' Prior to rollback: playbook_artifact_save_as = '{playbook_dir}/{playbook_name}-artifact-{ts_utc}.json' (str/default configuration value)
220625080349.113 DEBUG 'ansible_navigator.main' Prior to rollback: plugin_name = 'Constants.NOT_SET' (Constants/value has not been set)
220625080349.113 DEBUG 'ansible_navigator.main' Prior to rollback: plugin_type = 'module' (str/default configuration value)
220625080349.113 DEBUG 'ansible_navigator.main' Prior to rollback: pull_policy = 'tag' (str/default configuration value)
220625080349.113 DEBUG 'ansible_navigator.main' Prior to rollback: set_environment_variable = 'Constants.NOT_SET' (Constants/value has not been set)
220625080349.113 DEBUG 'ansible_navigator.main' After rollback: ansible_runner_artifact_dir = 'Constants.NOT_SET' (Constants/value has not been set)
220625080349.113 DEBUG 'ansible_navigator.main' After rollback: ansible_runner_rotate_artifacts_count = 'Constants.NOT_SET' (Constants/value has not been set)
220625080349.113 DEBUG 'ansible_navigator.main' After rollback: ansible_runner_timeout = 'Constants.NOT_SET' (Constants/value has not been set)
220625080349.113 DEBUG 'ansible_navigator.main' After rollback: app = 'Constants.NOT_SET' (Constants/value has not been set)
220625080349.113 DEBUG 'ansible_navigator.main' After rollback: cmdline = 'Constants.NOT_SET' (Constants/value has not been set)
220625080349.113 DEBUG 'ansible_navigator.main' After rollback: collection_doc_cache_path = 'Constants.NOT_SET' (Constants/value has not been set)
220625080349.113 DEBUG 'ansible_navigator.main' After rollback: config = 'Constants.NOT_SET' (Constants/value has not been set)
220625080349.113 DEBUG 'ansible_navigator.main' After rollback: container_engine = 'Constants.NOT_SET' (Constants/value has not been set)
220625080349.113 DEBUG 'ansible_navigator.main' After rollback: container_options = 'Constants.NOT_SET' (Constants/value has not been set)
220625080349.113 DEBUG 'ansible_navigator.main' After rollback: display_color = 'Constants.NOT_SET' (Constants/value has not been set)
220625080349.114 DEBUG 'ansible_navigator.main' After rollback: editor_command = 'Constants.NOT_SET' (Constants/value has not been set)
220625080349.114 DEBUG 'ansible_navigator.main' After rollback: editor_console = 'Constants.NOT_SET' (Constants/value has not been set)
220625080349.114 DEBUG 'ansible_navigator.main' After rollback: execution_environment = 'Constants.NOT_SET' (Constants/value has not been set)
220625080349.114 DEBUG 'ansible_navigator.main' After rollback: execution_environment_image = 'Constants.NOT_SET' (Constants/value has not been set)
220625080349.114 DEBUG 'ansible_navigator.main' After rollback: execution_environment_volume_mounts = 'Constants.NOT_SET' (Constants/value has not been set)
220625080349.114 DEBUG 'ansible_navigator.main' After rollback: help_config = 'Constants.NOT_SET' (Constants/value has not been set)
220625080349.114 DEBUG 'ansible_navigator.main' After rollback: help_doc = 'Constants.NOT_SET' (Constants/value has not been set)
220625080349.114 DEBUG 'ansible_navigator.main' After rollback: help_inventory = 'Constants.NOT_SET' (Constants/value has not been set)
220625080349.114 DEBUG 'ansible_navigator.main' After rollback: help_playbook = 'Constants.NOT_SET' (Constants/value has not been set)
220625080349.114 DEBUG 'ansible_navigator.main' After rollback: inventory = 'Constants.NOT_SET' (Constants/value has not been set)
220625080349.114 DEBUG 'ansible_navigator.main' After rollback: inventory_column = 'Constants.NOT_SET' (Constants/value has not been set)
220625080349.114 DEBUG 'ansible_navigator.main' After rollback: log_append = 'Constants.NOT_SET' (Constants/value has not been set)
220625080349.114 DEBUG 'ansible_navigator.main' After rollback: log_file = 'Constants.NOT_SET' (Constants/value has not been set)
220625080349.114 DEBUG 'ansible_navigator.main' After rollback: log_level = 'Constants.NOT_SET' (Constants/value has not been set)
220625080349.114 DEBUG 'ansible_navigator.main' After rollback: mode = 'Constants.NOT_SET' (Constants/value has not been set)
220625080349.114 DEBUG 'ansible_navigator.main' After rollback: osc4 = 'Constants.NOT_SET' (Constants/value has not been set)
220625080349.114 DEBUG 'ansible_navigator.main' After rollback: pass_environment_variable = 'Constants.NOT_SET' (Constants/value has not been set)
220625080349.114 DEBUG 'ansible_navigator.main' After rollback: playbook = 'Constants.NOT_SET' (Constants/value has not been set)
220625080349.114 DEBUG 'ansible_navigator.main' After rollback: playbook_artifact_enable = 'Constants.NOT_SET' (Constants/value has not been set)
220625080349.114 DEBUG 'ansible_navigator.main' After rollback: playbook_artifact_replay = 'Constants.NOT_SET' (Constants/value has not been set)
220625080349.114 DEBUG 'ansible_navigator.main' After rollback: playbook_artifact_save_as = 'Constants.NOT_SET' (Constants/value has not been set)
220625080349.114 DEBUG 'ansible_navigator.main' After rollback: plugin_name = 'Constants.NOT_SET' (Constants/value has not been set)
220625080349.114 DEBUG 'ansible_navigator.main' After rollback: plugin_type = 'Constants.NOT_SET' (Constants/value has not been set)
220625080349.114 DEBUG 'ansible_navigator.main' After rollback: pull_policy = 'Constants.NOT_SET' (Constants/value has not been set)
220625080349.114 DEBUG 'ansible_navigator.main' After rollback: set_environment_variable = 'Constants.NOT_SET' (Constants/value has not been set)
220625080349.114 DEBUG 'ansible_navigator.main' Configuration rollback complete.
220625080349.114 ERROR 'ansible_navigator.main' Command provided: 'open --eei quay.io/ansible/ansible-navigator-demo-ee:0.6.0'
220625080349.114 ERROR 'ansible_navigator.main' argument {subcommand} --help: invalid choice: 'open' (choose from 'collections', 'config', 'doc', 'images', 'inventory', 'replay', 'run', 'welcome')
220625080349.114 ERROR 'ansible_navigator.main' Configuration failed, using default log file location: /home/kiosk/backup/github/ansible-demo/do374-course-demo/chapter01/ansible-navigator-demo/ansible-navigator.log. Log level set to debug
220625080349.114 INFO 'ansible_navigator.main' Review the hints and log file to see what went wrong: /home/kiosk/backup/github/ansible-demo/do374-course-demo/chapter01/ansible-navigator-demo/ansible-navigator.log
