2023-05-15T16:15:05.168507+00:00 INFO 'ansible_navigator.setup_logger' New ansible-navigator instance, logging initialized
2023-05-15T16:15:05.168699+00:00 INFO 'ansible_navigator.setup_logger' New ansible-runner instance, logging initialized
2023-05-15T16:15:05.168729+00:00 DEBUG 'ansible_navigator.main' Jinja2==3.1.2 
2023-05-15T16:15:05.168750+00:00 DEBUG 'ansible_navigator.main' MarkupSafe==2.1.2 
2023-05-15T16:15:05.168768+00:00 DEBUG 'ansible_navigator.main' Parsley==1.3 
2023-05-15T16:15:05.168786+00:00 DEBUG 'ansible_navigator.main' PySocks==1.7.1 
2023-05-15T16:15:05.168804+00:00 DEBUG 'ansible_navigator.main' PyYAML==5.4.1 
2023-05-15T16:15:05.168821+00:00 DEBUG 'ansible_navigator.main' ansible-builder==3.0.0rc2 
2023-05-15T16:15:05.168838+00:00 DEBUG 'ansible_navigator.main' ansible-core==2.13.3 
2023-05-15T16:15:05.168855+00:00 DEBUG 'ansible_navigator.main' ansible-navigator==3.2.0 
2023-05-15T16:15:05.168872+00:00 DEBUG 'ansible_navigator.main' ansible-runner==2.3.2 
2023-05-15T16:15:05.168889+00:00 DEBUG 'ansible_navigator.main' argcomplete==1.12.0 /usr/lib/python3.9/site-packages/argcomplete/__init__.py
2023-05-15T16:15:05.168906+00:00 DEBUG 'ansible_navigator.main' attrs==23.1.0 /home/kiosk/.local/lib/python3.9/site-packages/attrs/__init__.py
2023-05-15T16:15:05.168924+00:00 DEBUG 'ansible_navigator.main' bindep==2.11.0 /home/kiosk/.local/lib/python3.9/site-packages/bindep/__init__.py
2023-05-15T16:15:05.168941+00:00 DEBUG 'ansible_navigator.main' cffi==1.14.5 /usr/lib64/python3.9/site-packages/cffi/__init__.py
2023-05-15T16:15:05.168958+00:00 DEBUG 'ansible_navigator.main' chardet==4.0.0 /usr/lib/python3.9/site-packages/chardet/__init__.py
2023-05-15T16:15:05.168975+00:00 DEBUG 'ansible_navigator.main' configshell-fb==1.1.28 
2023-05-15T16:15:05.169027+00:00 DEBUG 'ansible_navigator.main' cryptography==36.0.1 /usr/lib64/python3.9/site-packages/cryptography/__init__.py
2023-05-15T16:15:05.169046+00:00 DEBUG 'ansible_navigator.main' dasbus==1.4 /usr/lib/python3.9/site-packages/dasbus/__init__.py
2023-05-15T16:15:05.169063+00:00 DEBUG 'ansible_navigator.main' dbus-python==1.2.18 
2023-05-15T16:15:05.169080+00:00 DEBUG 'ansible_navigator.main' decorator==4.4.2 /usr/lib/python3.9/site-packages/decorator.py
2023-05-15T16:15:05.169097+00:00 DEBUG 'ansible_navigator.main' distro==1.8.0 /home/kiosk/.local/lib/python3.9/site-packages/distro/__init__.py
2023-05-15T16:15:05.169115+00:00 DEBUG 'ansible_navigator.main' docutils==0.20 /home/kiosk/.local/lib/python3.9/site-packages/docutils/__init__.py
2023-05-15T16:15:05.169132+00:00 DEBUG 'ansible_navigator.main' ethtool==0.15 /usr/lib64/python3.9/site-packages/ethtool.cpython-39-x86_64-linux-gnu.so
2023-05-15T16:15:05.169148+00:00 DEBUG 'ansible_navigator.main' file-magic==0.4.0 
2023-05-15T16:15:05.169165+00:00 DEBUG 'ansible_navigator.main' idna==2.10 /usr/lib/python3.9/site-packages/idna/__init__.py
2023-05-15T16:15:05.169183+00:00 DEBUG 'ansible_navigator.main' importlib-metadata==6.6.0 
2023-05-15T16:15:05.169199+00:00 DEBUG 'ansible_navigator.main' iniparse==0.4 /usr/lib/python3.9/site-packages/iniparse/__init__.py
2023-05-15T16:15:05.169216+00:00 DEBUG 'ansible_navigator.main' jsonschema==4.17.3 /home/kiosk/.local/lib/python3.9/site-packages/jsonschema/__init__.py
2023-05-15T16:15:05.169233+00:00 DEBUG 'ansible_navigator.main' lockfile==0.12.2 /home/kiosk/.local/lib/python3.9/site-packages/lockfile/__init__.py
2023-05-15T16:15:05.169250+00:00 DEBUG 'ansible_navigator.main' lxml==4.6.5 /usr/lib64/python3.9/site-packages/lxml/__init__.py
2023-05-15T16:15:05.169267+00:00 DEBUG 'ansible_navigator.main' onigurumacffi==1.2.0 /home/kiosk/.local/lib/python3.9/site-packages/onigurumacffi.py
2023-05-15T16:15:05.169284+00:00 DEBUG 'ansible_navigator.main' packaging==20.9 /usr/lib/python3.9/site-packages/packaging/__init__.py
2023-05-15T16:15:05.169302+00:00 DEBUG 'ansible_navigator.main' pbr==5.11.1 /home/kiosk/.local/lib/python3.9/site-packages/pbr/__init__.py
2023-05-15T16:15:05.169318+00:00 DEBUG 'ansible_navigator.main' pip==21.2.3 /usr/lib/python3.9/site-packages/pip/__init__.py
2023-05-15T16:15:05.169340+00:00 DEBUG 'ansible_navigator.main' ply==3.11 /usr/lib/python3.9/site-packages/ply/__init__.py
2023-05-15T16:15:05.169358+00:00 DEBUG 'ansible_navigator.main' psutil==5.8.0 /usr/lib64/python3.9/site-packages/psutil/__init__.py
2023-05-15T16:15:05.169376+00:00 DEBUG 'ansible_navigator.main' pycairo==1.20.0 
2023-05-15T16:15:05.169393+00:00 DEBUG 'ansible_navigator.main' pycparser==2.20 /usr/lib/python3.9/site-packages/pycparser/__init__.py
2023-05-15T16:15:05.169410+00:00 DEBUG 'ansible_navigator.main' pyenchant==3.2.0 
2023-05-15T16:15:05.169427+00:00 DEBUG 'ansible_navigator.main' pyinotify==0.9.6 /usr/lib/python3.9/site-packages/pyinotify.py
2023-05-15T16:15:05.169444+00:00 DEBUG 'ansible_navigator.main' pyparsing==2.4.7 /usr/lib/python3.9/site-packages/pyparsing.py
2023-05-15T16:15:05.169461+00:00 DEBUG 'ansible_navigator.main' pyrsistent==0.19.3 /home/kiosk/.local/lib/python3.9/site-packages/pyrsistent/__init__.py
2023-05-15T16:15:05.169478+00:00 DEBUG 'ansible_navigator.main' python-daemon==3.0.1 
2023-05-15T16:15:05.169495+00:00 DEBUG 'ansible_navigator.main' python-dateutil==2.8.1 
2023-05-15T16:15:05.169512+00:00 DEBUG 'ansible_navigator.main' pyudev==0.22.0 /usr/lib/python3.9/site-packages/pyudev/__init__.py
2023-05-15T16:15:05.169528+00:00 DEBUG 'ansible_navigator.main' pyxdg==0.27 
2023-05-15T16:15:05.169546+00:00 DEBUG 'ansible_navigator.main' requests==2.25.1 /usr/lib/python3.9/site-packages/requests/__init__.py
2023-05-15T16:15:05.169563+00:00 DEBUG 'ansible_navigator.main' requirements-parser==0.5.0 
2023-05-15T16:15:05.169580+00:00 DEBUG 'ansible_navigator.main' resolvelib==0.5.4 /usr/lib/python3.9/site-packages/resolvelib/__init__.py
2023-05-15T16:15:05.169597+00:00 DEBUG 'ansible_navigator.main' rtslib-fb==2.1.74 
2023-05-15T16:15:05.169614+00:00 DEBUG 'ansible_navigator.main' setools==4.4.0 /usr/lib64/python3.9/site-packages/setools/__init__.py
2023-05-15T16:15:05.169631+00:00 DEBUG 'ansible_navigator.main' setuptools==67.7.2 /home/kiosk/.local/lib/python3.9/site-packages/setuptools/__init__.py
2023-05-15T16:15:05.169648+00:00 DEBUG 'ansible_navigator.main' six==1.15.0 /usr/lib/python3.9/site-packages/six.py
2023-05-15T16:15:05.169666+00:00 DEBUG 'ansible_navigator.main' subscription-manager==1.29.26 
2023-05-15T16:15:05.169683+00:00 DEBUG 'ansible_navigator.main' targetcli-fb==2.1.53 
2023-05-15T16:15:05.169700+00:00 DEBUG 'ansible_navigator.main' types-setuptools==67.7.0.2 
2023-05-15T16:15:05.169717+00:00 DEBUG 'ansible_navigator.main' tzdata==2023.3 /home/kiosk/.local/lib/python3.9/site-packages/tzdata/__init__.py
2023-05-15T16:15:05.169733+00:00 DEBUG 'ansible_navigator.main' urllib3==1.26.5 /usr/lib/python3.9/site-packages/urllib3/__init__.py
2023-05-15T16:15:05.169750+00:00 DEBUG 'ansible_navigator.main' urwid==2.1.2 /usr/lib64/python3.9/site-packages/urwid/__init__.py
2023-05-15T16:15:05.169767+00:00 DEBUG 'ansible_navigator.main' virt-who==1.31.22 
2023-05-15T16:15:05.169784+00:00 DEBUG 'ansible_navigator.main' zipp==3.15.0 /home/kiosk/.local/lib/python3.9/site-packages/zipp/__init__.py
2023-05-15T16:15:05.169802+00:00 DEBUG 'ansible_navigator.main' Default collection_doc_cache_path set to: /home/kiosk/.cache/ansible-navigator/collection_doc_cache.db
2023-05-15T16:15:05.169819+00:00 DEBUG 'ansible_navigator.main' EDITOR environment variable not set
2023-05-15T16:15:05.169837+00:00 DEBUG 'ansible_navigator.main' Default editor_command set to: vi +{line_number} {filename}
2023-05-15T16:15:05.169854+00:00 DEBUG 'ansible_navigator.main' No config file set by ANSIBLE_NAVIGATOR_CONFIG
2023-05-15T16:15:05.169871+00:00 DEBUG 'ansible_navigator.main' Looking in /home/kiosk
2023-05-15T16:15:05.169888+00:00 DEBUG 'ansible_navigator.main' Looking for '/home/kiosk/.ansible-navigator.yml', '/home/kiosk/.ansible-navigator.yaml' and '/home/kiosk/.ansible-navigator.json'
2023-05-15T16:15:05.169905+00:00 DEBUG 'ansible_navigator.main' Found 0: 
2023-05-15T16:15:05.169922+00:00 DEBUG 'ansible_navigator.main' Looking in /home/kiosk/backup/github.com/ansible-demo/rh294-rhel9-course-demo/file-modules-sample
2023-05-15T16:15:05.169942+00:00 DEBUG 'ansible_navigator.main' Looking for '/home/kiosk/backup/github.com/ansible-demo/rh294-rhel9-course-demo/file-modules-sample/ansible-navigator.yml', '/home/kiosk/backup/github.com/ansible-demo/rh294-rhel9-course-demo/file-modules-sample/ansible-navigator.yaml' and '/home/kiosk/backup/github.com/ansible-demo/rh294-rhel9-course-demo/file-modules-sample/ansible-navigator.json'
2023-05-15T16:15:05.169960+00:00 DEBUG 'ansible_navigator.main' Found 1: '/home/kiosk/backup/github.com/ansible-demo/rh294-rhel9-course-demo/file-modules-sample/ansible-navigator.yml'
2023-05-15T16:15:05.169978+00:00 DEBUG 'ansible_navigator.main' All found 1: '/home/kiosk/backup/github.com/ansible-demo/rh294-rhel9-course-demo/file-modules-sample/ansible-navigator.yml'
2023-05-15T16:15:05.170040+00:00 DEBUG 'ansible_navigator.main' Using: /home/kiosk/backup/github.com/ansible-demo/rh294-rhel9-course-demo/file-modules-sample/ansible-navigator.yml
2023-05-15T16:15:05.170058+00:00 DEBUG 'ansible_navigator.main' Using settings file at /home/kiosk/backup/github.com/ansible-demo/rh294-rhel9-course-demo/file-modules-sample/ansible-navigator.yml in search path
2023-05-15T16:15:05.170076+00:00 DEBUG 'ansible_navigator.main' Command provided: 'doc'
2023-05-15T16:15:05.170093+00:00 DEBUG 'ansible_navigator.main' ansible-navigator.ansible-runner.artifact-dir not found in settings file
2023-05-15T16:15:05.170111+00:00 DEBUG 'ansible_navigator.main' ansible-navigator.ansible-runner.rotate-artifacts-count not found in settings file
2023-05-15T16:15:05.170128+00:00 DEBUG 'ansible_navigator.main' ansible-navigator.ansible-runner.timeout not found in settings file
2023-05-15T16:15:05.170145+00:00 DEBUG 'ansible_navigator.main' ansible-navigator.ansible-runner.job-events not found in settings file
2023-05-15T16:15:05.170162+00:00 DEBUG 'ansible_navigator.main' ansible-navigator.app not found in settings file
2023-05-15T16:15:05.170179+00:00 DEBUG 'ansible_navigator.main' ansible-navigator.ansible.cmdline not found in settings file
2023-05-15T16:15:05.170196+00:00 DEBUG 'ansible_navigator.main' ansible-navigator.collection-doc-cache-path not found in settings file
2023-05-15T16:15:05.170213+00:00 DEBUG 'ansible_navigator.main' ansible-navigator.execution-environment.container-options not found in settings file
2023-05-15T16:15:05.170231+00:00 DEBUG 'ansible_navigator.main' ansible-navigator.color.enable not found in settings file
2023-05-15T16:15:05.170248+00:00 DEBUG 'ansible_navigator.main' ansible-navigator.editor.command not found in settings file
2023-05-15T16:15:05.170264+00:00 DEBUG 'ansible_navigator.main' ansible-navigator.editor.console not found in settings file
2023-05-15T16:15:05.170282+00:00 DEBUG 'ansible_navigator.main' ansible-navigator.enable-prompts not found in settings file
2023-05-15T16:15:05.170299+00:00 DEBUG 'ansible_navigator.main' ansible-navigator.exec.command not found in settings file
2023-05-15T16:15:05.170316+00:00 DEBUG 'ansible_navigator.main' ansible-navigator.exec.shell not found in settings file
2023-05-15T16:15:05.170333+00:00 DEBUG 'ansible_navigator.main' ansible-navigator.execution-environment.volume-mounts not found in settings file
2023-05-15T16:15:05.170350+00:00 DEBUG 'ansible_navigator.main' ansible-navigator.format not found in settings file
2023-05-15T16:15:05.170367+00:00 DEBUG 'ansible_navigator.main' ansible-navigator.ansible-builder.help not found in settings file
2023-05-15T16:15:05.170384+00:00 DEBUG 'ansible_navigator.main' ansible-navigator.ansible.config.help not found in settings file
2023-05-15T16:15:05.170401+00:00 DEBUG 'ansible_navigator.main' ansible-navigator.ansible.doc.help not found in settings file
2023-05-15T16:15:05.170419+00:00 DEBUG 'ansible_navigator.main' ansible-navigator.ansible.inventory.help not found in settings file
2023-05-15T16:15:05.170435+00:00 DEBUG 'ansible_navigator.main' ansible-navigator.ansible.playbook.help not found in settings file
2023-05-15T16:15:05.170453+00:00 DEBUG 'ansible_navigator.main' ansible-navigator.images.details not found in settings file
2023-05-15T16:15:05.170473+00:00 DEBUG 'ansible_navigator.main' ansible-navigator.ansible.inventory.entries not found in settings file
2023-05-15T16:15:05.170490+00:00 DEBUG 'ansible_navigator.main' ansible-navigator.inventory-columns not found in settings file
2023-05-15T16:15:05.170507+00:00 DEBUG 'ansible_navigator.main' ansible-navigator.ansible-lint.config not found in settings file
2023-05-15T16:15:05.170524+00:00 DEBUG 'ansible_navigator.main' ansible-navigator.ansible-lint.lintables not found in settings file
2023-05-15T16:15:05.170541+00:00 DEBUG 'ansible_navigator.main' ansible-navigator.logging.append not found in settings file
2023-05-15T16:15:05.170558+00:00 DEBUG 'ansible_navigator.main' ansible-navigator.logging.file not found in settings file
2023-05-15T16:15:05.170574+00:00 DEBUG 'ansible_navigator.main' ansible-navigator.mode not found in settings file
2023-05-15T16:15:05.170592+00:00 DEBUG 'ansible_navigator.main' ansible-navigator.color.osc4 not found in settings file
2023-05-15T16:15:05.170608+00:00 DEBUG 'ansible_navigator.main' ansible-navigator.execution-environment.environment-variables.pass not found in settings file
2023-05-15T16:15:05.170625+00:00 DEBUG 'ansible_navigator.main' ansible-navigator.ansible.playbook.path not found in settings file
2023-05-15T16:15:05.170642+00:00 DEBUG 'ansible_navigator.main' ansible-navigator.playbook-artifact.replay not found in settings file
2023-05-15T16:15:05.170659+00:00 DEBUG 'ansible_navigator.main' ansible-navigator.playbook-artifact.save-as not found in settings file
2023-05-15T16:15:05.170676+00:00 DEBUG 'ansible_navigator.main' ansible-navigator.ansible.doc.plugin.name not found in settings file
2023-05-15T16:15:05.170693+00:00 DEBUG 'ansible_navigator.main' ansible-navigator.ansible.doc.plugin.type not found in settings file
2023-05-15T16:15:05.170710+00:00 DEBUG 'ansible_navigator.main' ansible-navigator.execution-environment.pull.arguments not found in settings file
2023-05-15T16:15:05.170726+00:00 DEBUG 'ansible_navigator.main' ansible-navigator.settings.effective not found in settings file
2023-05-15T16:15:05.170743+00:00 DEBUG 'ansible_navigator.main' ansible-navigator.settings.sample not found in settings file
2023-05-15T16:15:05.170760+00:00 DEBUG 'ansible_navigator.main' ansible-navigator.settings.schema not found in settings file
2023-05-15T16:15:05.170777+00:00 DEBUG 'ansible_navigator.main' ansible-navigator.settings.sources not found in settings file
2023-05-15T16:15:05.170794+00:00 DEBUG 'ansible_navigator.main' ansible-navigator.time-zone not found in settings file
2023-05-15T16:15:05.170811+00:00 DEBUG 'ansible_navigator.main' ansible-navigator.ansible-builder.workdir not found in settings file
2023-05-15T16:15:05.170828+00:00 DEBUG 'ansible_navigator.main' EE support enabled: using current working directory for 'ansible.cfg'
2023-05-15T16:15:05.170845+00:00 INFO 'ansible_navigator.main' EE support enabled: found 'ansible.cfg' in current working directory.
2023-05-15T16:15:05.170862+00:00 DEBUG 'ansible_navigator.main' Completed post processing for ansible_runner_artifact_dir. (changed=False)
2023-05-15T16:15:05.170879+00:00 DEBUG 'ansible_navigator.main' Completed post processing for ansible_runner_rotate_artifacts_count. (changed=False)
2023-05-15T16:15:05.170896+00:00 DEBUG 'ansible_navigator.main' Completed post processing for ansible_runner_timeout. (changed=False)
2023-05-15T16:15:05.170913+00:00 DEBUG 'ansible_navigator.main' Completed post processing for cmdline. (changed=False)
2023-05-15T16:15:05.170929+00:00 DEBUG 'ansible_navigator.main' Completed post processing for collection_doc_cache_path. (changed=False)
2023-05-15T16:15:05.170947+00:00 DEBUG 'ansible_navigator.main' Completed post processing for container_engine. (changed=False)
2023-05-15T16:15:05.170964+00:00 DEBUG 'ansible_navigator.main' Completed post processing for container_options. (changed=False)
2023-05-15T16:15:05.171033+00:00 DEBUG 'ansible_navigator.main' Completed post processing for display_color. (changed=False)
2023-05-15T16:15:05.171068+00:00 DEBUG 'ansible_navigator.main' Completed post processing for enable_prompts. (changed=False)
2023-05-15T16:15:05.171087+00:00 DEBUG 'ansible_navigator.main' Completed post processing for execution_environment. (changed=False)
2023-05-15T16:15:05.171104+00:00 DEBUG 'ansible_navigator.main' Completed post processing for execution_environment_image. (changed=False)
2023-05-15T16:15:05.171121+00:00 DEBUG 'ansible_navigator.main' Completed post processing for help_builder. (changed=False)
2023-05-15T16:15:05.171138+00:00 DEBUG 'ansible_navigator.main' Completed post processing for help_config. (changed=False)
2023-05-15T16:15:05.171155+00:00 DEBUG 'ansible_navigator.main' Completed post processing for help_doc. (changed=False)
2023-05-15T16:15:05.171173+00:00 DEBUG 'ansible_navigator.main' Completed post processing for help_inventory. (changed=False)
2023-05-15T16:15:05.171190+00:00 DEBUG 'ansible_navigator.main' Completed post processing for help_playbook. (changed=False)
2023-05-15T16:15:05.171206+00:00 DEBUG 'ansible_navigator.main' Completed post processing for images_details. (changed=False)
2023-05-15T16:15:05.171223+00:00 DEBUG 'ansible_navigator.main' Completed post processing for inventory. (changed=True)
2023-05-15T16:15:05.171240+00:00 DEBUG 'ansible_navigator.main'  before: 'Not set'
2023-05-15T16:15:05.171257+00:00 DEBUG 'ansible_navigator.main'  after: '['/home/kiosk/backup/github.com/ansible-demo/rh294-rhel9-course-demo/file-modules-sample/inventory']'
2023-05-15T16:15:05.171274+00:00 DEBUG 'ansible_navigator.main' Completed post processing for inventory_column. (changed=False)
2023-05-15T16:15:05.171292+00:00 DEBUG 'ansible_navigator.main' Completed post processing for log_file. (changed=False)
2023-05-15T16:15:05.171309+00:00 DEBUG 'ansible_navigator.main' Completed post processing for pass_environment_variable. (changed=False)
2023-05-15T16:15:05.171325+00:00 DEBUG 'ansible_navigator.main' Completed post processing for playbook. (changed=False)
2023-05-15T16:15:05.171343+00:00 DEBUG 'ansible_navigator.main' Completed post processing for playbook_artifact_replay. (changed=False)
2023-05-15T16:15:05.171360+00:00 DEBUG 'ansible_navigator.main' Completed post processing for playbook_artifact_save_as. (changed=False)
2023-05-15T16:15:05.171376+00:00 DEBUG 'ansible_navigator.main' Completed post processing for plugin_name. (changed=False)
2023-05-15T16:15:05.171393+00:00 DEBUG 'ansible_navigator.main' Completed post processing for pull_arguments. (changed=False)
2023-05-15T16:15:05.171410+00:00 DEBUG 'ansible_navigator.main' Completed post processing for set_environment_variable. (changed=False)
2023-05-15T16:15:05.171427+00:00 DEBUG 'ansible_navigator.main' Completed post processing for settings_effective. (changed=False)
2023-05-15T16:15:05.171444+00:00 DEBUG 'ansible_navigator.main' Completed post processing for settings_sample. (changed=False)
2023-05-15T16:15:05.171461+00:00 DEBUG 'ansible_navigator.main' Completed post processing for settings_schema. (changed=False)
2023-05-15T16:15:05.171478+00:00 DEBUG 'ansible_navigator.main' Completed post processing for settings_sources. (changed=False)
2023-05-15T16:15:05.171494+00:00 DEBUG 'ansible_navigator.main' Completed post processing for time_zone. (changed=False)
2023-05-15T16:15:05.171512+00:00 DEBUG 'ansible_navigator.main' Completed post processing for execution_environment_volume_mounts. (changed=False)
2023-05-15T16:15:05.171531+00:00 DEBUG 'ansible_navigator.main' Completed post processing for mode. (changed=False)
2023-05-15T16:15:05.171550+00:00 DEBUG 'ansible_navigator.main' Completed post processing for playbook_artifact_enable. (changed=False)
2023-05-15T16:15:05.171569+00:00 WARNING 'ansible_navigator.main' Configuration errors encountered, rolling back to previous configuration.
2023-05-15T16:15:05.171587+00:00 DEBUG 'ansible_navigator.main' Prior to rollback: ansible_runner_artifact_dir = 'Not set' (Constants/Not set)
2023-05-15T16:15:05.171604+00:00 DEBUG 'ansible_navigator.main' Prior to rollback: ansible_runner_rotate_artifacts_count = 'Not set' (Constants/Not set)
2023-05-15T16:15:05.171624+00:00 DEBUG 'ansible_navigator.main' Prior to rollback: ansible_runner_timeout = 'Not set' (Constants/Not set)
2023-05-15T16:15:05.171642+00:00 DEBUG 'ansible_navigator.main' Prior to rollback: ansible_runner_write_job_events = 'False' (bool/Defaults)
2023-05-15T16:15:05.171659+00:00 DEBUG 'ansible_navigator.main' Prior to rollback: app = 'doc' (str/Command line)
2023-05-15T16:15:05.171677+00:00 DEBUG 'ansible_navigator.main' Prior to rollback: cmdline = 'Not set' (Constants/Not set)
2023-05-15T16:15:05.171694+00:00 DEBUG 'ansible_navigator.main' Prior to rollback: collection_doc_cache_path = '/home/kiosk/.cache/ansible-navigator/collection_doc_cache.db' (str/Defaults)
2023-05-15T16:15:05.171711+00:00 DEBUG 'ansible_navigator.main' Prior to rollback: config = './ansible.cfg' (str/Settings file)
2023-05-15T16:15:05.171728+00:00 DEBUG 'ansible_navigator.main' Prior to rollback: container_engine = 'podman' (str/Settings file)
2023-05-15T16:15:05.171745+00:00 DEBUG 'ansible_navigator.main' Prior to rollback: container_options = 'Not set' (Constants/Not set)
2023-05-15T16:15:05.171762+00:00 DEBUG 'ansible_navigator.main' Prior to rollback: display_color = 'True' (bool/Defaults)
2023-05-15T16:15:05.171779+00:00 DEBUG 'ansible_navigator.main' Prior to rollback: editor_command = 'vi +{line_number} {filename}' (str/Defaults)
2023-05-15T16:15:05.171796+00:00 DEBUG 'ansible_navigator.main' Prior to rollback: editor_console = 'True' (bool/Defaults)
2023-05-15T16:15:05.171813+00:00 DEBUG 'ansible_navigator.main' Prior to rollback: enable_prompts = 'False' (bool/Defaults)
2023-05-15T16:15:05.171830+00:00 DEBUG 'ansible_navigator.main' Prior to rollback: exec_command = '/bin/bash' (str/Defaults)
2023-05-15T16:15:05.171847+00:00 DEBUG 'ansible_navigator.main' Prior to rollback: exec_shell = 'True' (bool/Defaults)
2023-05-15T16:15:05.171864+00:00 DEBUG 'ansible_navigator.main' Prior to rollback: execution_environment = 'True' (bool/Settings file)
2023-05-15T16:15:05.171881+00:00 DEBUG 'ansible_navigator.main' Prior to rollback: execution_environment_image = 'registry.redhat.io/ansible-automation-platform-22/ee-supported-rhel8:latest' (str/Settings file)
2023-05-15T16:15:05.171898+00:00 DEBUG 'ansible_navigator.main' Prior to rollback: execution_environment_volume_mounts = 'Not set' (Constants/Not set)
2023-05-15T16:15:05.171915+00:00 DEBUG 'ansible_navigator.main' Prior to rollback: format = 'yaml' (str/Defaults)
2023-05-15T16:15:05.171932+00:00 DEBUG 'ansible_navigator.main' Prior to rollback: help_builder = 'False' (bool/Defaults)
2023-05-15T16:15:05.171950+00:00 DEBUG 'ansible_navigator.main' Prior to rollback: help_config = 'False' (bool/Defaults)
2023-05-15T16:15:05.171966+00:00 DEBUG 'ansible_navigator.main' Prior to rollback: help_doc = 'False' (bool/Defaults)
2023-05-15T16:15:05.172019+00:00 DEBUG 'ansible_navigator.main' Prior to rollback: help_inventory = 'False' (bool/Defaults)
2023-05-15T16:15:05.172048+00:00 DEBUG 'ansible_navigator.main' Prior to rollback: help_playbook = 'False' (bool/Defaults)
2023-05-15T16:15:05.172066+00:00 DEBUG 'ansible_navigator.main' Prior to rollback: images_details = '['everything']' (list/Defaults)
2023-05-15T16:15:05.172083+00:00 DEBUG 'ansible_navigator.main' Prior to rollback: inventory = '['/home/kiosk/backup/github.com/ansible-demo/rh294-rhel9-course-demo/file-modules-sample/inventory']' (list/Ansible configuration file)
2023-05-15T16:15:05.172100+00:00 DEBUG 'ansible_navigator.main' Prior to rollback: inventory_column = 'Not set' (Constants/Not set)
2023-05-15T16:15:05.172117+00:00 DEBUG 'ansible_navigator.main' Prior to rollback: lint_config = 'Not set' (Constants/Not set)
2023-05-15T16:15:05.172134+00:00 DEBUG 'ansible_navigator.main' Prior to rollback: lintables = 'Not set' (Constants/Not set)
2023-05-15T16:15:05.172151+00:00 DEBUG 'ansible_navigator.main' Prior to rollback: log_append = 'True' (bool/Defaults)
2023-05-15T16:15:05.172168+00:00 DEBUG 'ansible_navigator.main' Prior to rollback: log_file = '/home/kiosk/backup/github.com/ansible-demo/rh294-rhel9-course-demo/file-modules-sample/ansible-navigator.log' (str/Defaults)
2023-05-15T16:15:05.172189+00:00 DEBUG 'ansible_navigator.main' Prior to rollback: log_level = 'critical' (str/Settings file)
2023-05-15T16:15:05.172207+00:00 DEBUG 'ansible_navigator.main' Prior to rollback: mode = 'interactive' (str/Defaults)
2023-05-15T16:15:05.172224+00:00 DEBUG 'ansible_navigator.main' Prior to rollback: osc4 = 'True' (bool/Defaults)
2023-05-15T16:15:05.172241+00:00 DEBUG 'ansible_navigator.main' Prior to rollback: pass_environment_variable = 'Not set' (Constants/Not set)
2023-05-15T16:15:05.172258+00:00 DEBUG 'ansible_navigator.main' Prior to rollback: playbook = 'Not set' (Constants/Not set)
2023-05-15T16:15:05.172275+00:00 DEBUG 'ansible_navigator.main' Prior to rollback: playbook_artifact_enable = 'False' (bool/Settings file)
2023-05-15T16:15:05.172292+00:00 DEBUG 'ansible_navigator.main' Prior to rollback: playbook_artifact_replay = 'Not set' (Constants/Not set)
2023-05-15T16:15:05.172309+00:00 DEBUG 'ansible_navigator.main' Prior to rollback: playbook_artifact_save_as = '{playbook_dir}/{playbook_name}-artifact-{time_stamp}.json' (str/Defaults)
2023-05-15T16:15:05.172327+00:00 DEBUG 'ansible_navigator.main' Prior to rollback: plugin_name = 'Not set' (Constants/Not set)
2023-05-15T16:15:05.172344+00:00 DEBUG 'ansible_navigator.main' Prior to rollback: plugin_type = 'module' (str/Defaults)
2023-05-15T16:15:05.172361+00:00 DEBUG 'ansible_navigator.main' Prior to rollback: pull_arguments = 'Not set' (Constants/Not set)
2023-05-15T16:15:05.172378+00:00 DEBUG 'ansible_navigator.main' Prior to rollback: pull_policy = 'missing' (str/Settings file)
2023-05-15T16:15:05.172395+00:00 DEBUG 'ansible_navigator.main' Prior to rollback: set_environment_variable = '{'ANSIBLE_CONFIG': 'ansible.cfg'}' (dict/Settings file)
2023-05-15T16:15:05.172412+00:00 DEBUG 'ansible_navigator.main' Prior to rollback: settings_effective = 'False' (bool/Defaults)
2023-05-15T16:15:05.172429+00:00 DEBUG 'ansible_navigator.main' Prior to rollback: settings_sample = 'False' (bool/Defaults)
2023-05-15T16:15:05.172446+00:00 DEBUG 'ansible_navigator.main' Prior to rollback: settings_schema = 'json' (str/Defaults)
2023-05-15T16:15:05.172463+00:00 DEBUG 'ansible_navigator.main' Prior to rollback: settings_sources = 'False' (bool/Defaults)
2023-05-15T16:15:05.172480+00:00 DEBUG 'ansible_navigator.main' Prior to rollback: time_zone = 'UTC' (str/Defaults)
2023-05-15T16:15:05.172497+00:00 DEBUG 'ansible_navigator.main' Prior to rollback: workdir = '/home/kiosk/backup/github.com/ansible-demo/rh294-rhel9-course-demo/file-modules-sample' (str/Defaults)
2023-05-15T16:15:05.172514+00:00 DEBUG 'ansible_navigator.main' After rollback: ansible_runner_artifact_dir = 'Not set' (Constants/Not set)
2023-05-15T16:15:05.172531+00:00 DEBUG 'ansible_navigator.main' After rollback: ansible_runner_rotate_artifacts_count = 'Not set' (Constants/Not set)
2023-05-15T16:15:05.172548+00:00 DEBUG 'ansible_navigator.main' After rollback: ansible_runner_timeout = 'Not set' (Constants/Not set)
2023-05-15T16:15:05.172565+00:00 DEBUG 'ansible_navigator.main' After rollback: ansible_runner_write_job_events = 'Not set' (Constants/Not set)
2023-05-15T16:15:05.172582+00:00 DEBUG 'ansible_navigator.main' After rollback: app = 'Not set' (Constants/Not set)
2023-05-15T16:15:05.172599+00:00 DEBUG 'ansible_navigator.main' After rollback: cmdline = 'Not set' (Constants/Not set)
2023-05-15T16:15:05.172616+00:00 DEBUG 'ansible_navigator.main' After rollback: collection_doc_cache_path = 'Not set' (Constants/Not set)
2023-05-15T16:15:05.172633+00:00 DEBUG 'ansible_navigator.main' After rollback: config = 'Not set' (Constants/Not set)
2023-05-15T16:15:05.172651+00:00 DEBUG 'ansible_navigator.main' After rollback: container_engine = 'Not set' (Constants/Not set)
2023-05-15T16:15:05.172668+00:00 DEBUG 'ansible_navigator.main' After rollback: container_options = 'Not set' (Constants/Not set)
2023-05-15T16:15:05.172684+00:00 DEBUG 'ansible_navigator.main' After rollback: display_color = 'Not set' (Constants/Not set)
2023-05-15T16:15:05.172704+00:00 DEBUG 'ansible_navigator.main' After rollback: editor_command = 'Not set' (Constants/Not set)
2023-05-15T16:15:05.172722+00:00 DEBUG 'ansible_navigator.main' After rollback: editor_console = 'Not set' (Constants/Not set)
2023-05-15T16:15:05.172739+00:00 DEBUG 'ansible_navigator.main' After rollback: enable_prompts = 'Not set' (Constants/Not set)
2023-05-15T16:15:05.172756+00:00 DEBUG 'ansible_navigator.main' After rollback: exec_command = 'Not set' (Constants/Not set)
2023-05-15T16:15:05.172773+00:00 DEBUG 'ansible_navigator.main' After rollback: exec_shell = 'Not set' (Constants/Not set)
2023-05-15T16:15:05.172790+00:00 DEBUG 'ansible_navigator.main' After rollback: execution_environment = 'Not set' (Constants/Not set)
2023-05-15T16:15:05.172807+00:00 DEBUG 'ansible_navigator.main' After rollback: execution_environment_image = 'Not set' (Constants/Not set)
2023-05-15T16:15:05.172824+00:00 DEBUG 'ansible_navigator.main' After rollback: execution_environment_volume_mounts = 'Not set' (Constants/Not set)
2023-05-15T16:15:05.172841+00:00 DEBUG 'ansible_navigator.main' After rollback: format = 'Not set' (Constants/Not set)
2023-05-15T16:15:05.172858+00:00 DEBUG 'ansible_navigator.main' After rollback: help_builder = 'Not set' (Constants/Not set)
2023-05-15T16:15:05.172875+00:00 DEBUG 'ansible_navigator.main' After rollback: help_config = 'Not set' (Constants/Not set)
2023-05-15T16:15:05.172892+00:00 DEBUG 'ansible_navigator.main' After rollback: help_doc = 'Not set' (Constants/Not set)
2023-05-15T16:15:05.172909+00:00 DEBUG 'ansible_navigator.main' After rollback: help_inventory = 'Not set' (Constants/Not set)
2023-05-15T16:15:05.172926+00:00 DEBUG 'ansible_navigator.main' After rollback: help_playbook = 'Not set' (Constants/Not set)
2023-05-15T16:15:05.172944+00:00 DEBUG 'ansible_navigator.main' After rollback: images_details = 'Not set' (Constants/Not set)
2023-05-15T16:15:05.172961+00:00 DEBUG 'ansible_navigator.main' After rollback: inventory = 'Not set' (Constants/Not set)
2023-05-15T16:15:05.172977+00:00 DEBUG 'ansible_navigator.main' After rollback: inventory_column = 'Not set' (Constants/Not set)
2023-05-15T16:15:05.173027+00:00 DEBUG 'ansible_navigator.main' After rollback: lint_config = 'Not set' (Constants/Not set)
2023-05-15T16:15:05.173047+00:00 DEBUG 'ansible_navigator.main' After rollback: lintables = 'Not set' (Constants/Not set)
2023-05-15T16:15:05.173064+00:00 DEBUG 'ansible_navigator.main' After rollback: log_append = 'Not set' (Constants/Not set)
2023-05-15T16:15:05.173081+00:00 DEBUG 'ansible_navigator.main' After rollback: log_file = 'Not set' (Constants/Not set)
2023-05-15T16:15:05.173098+00:00 DEBUG 'ansible_navigator.main' After rollback: log_level = 'Not set' (Constants/Not set)
2023-05-15T16:15:05.173115+00:00 DEBUG 'ansible_navigator.main' After rollback: mode = 'Not set' (Constants/Not set)
2023-05-15T16:15:05.173132+00:00 DEBUG 'ansible_navigator.main' After rollback: osc4 = 'Not set' (Constants/Not set)
2023-05-15T16:15:05.173149+00:00 DEBUG 'ansible_navigator.main' After rollback: pass_environment_variable = 'Not set' (Constants/Not set)
2023-05-15T16:15:05.173166+00:00 DEBUG 'ansible_navigator.main' After rollback: playbook = 'Not set' (Constants/Not set)
2023-05-15T16:15:05.173183+00:00 DEBUG 'ansible_navigator.main' After rollback: playbook_artifact_enable = 'Not set' (Constants/Not set)
2023-05-15T16:15:05.173200+00:00 DEBUG 'ansible_navigator.main' After rollback: playbook_artifact_replay = 'Not set' (Constants/Not set)
2023-05-15T16:15:05.173217+00:00 DEBUG 'ansible_navigator.main' After rollback: playbook_artifact_save_as = 'Not set' (Constants/Not set)
2023-05-15T16:15:05.173235+00:00 DEBUG 'ansible_navigator.main' After rollback: plugin_name = 'Not set' (Constants/Not set)
2023-05-15T16:15:05.173252+00:00 DEBUG 'ansible_navigator.main' After rollback: plugin_type = 'Not set' (Constants/Not set)
2023-05-15T16:15:05.173269+00:00 DEBUG 'ansible_navigator.main' After rollback: pull_arguments = 'Not set' (Constants/Not set)
2023-05-15T16:15:05.173289+00:00 DEBUG 'ansible_navigator.main' After rollback: pull_policy = 'Not set' (Constants/Not set)
2023-05-15T16:15:05.173307+00:00 DEBUG 'ansible_navigator.main' After rollback: set_environment_variable = 'Not set' (Constants/Not set)
2023-05-15T16:15:05.173324+00:00 DEBUG 'ansible_navigator.main' After rollback: settings_effective = 'Not set' (Constants/Not set)
2023-05-15T16:15:05.173341+00:00 DEBUG 'ansible_navigator.main' After rollback: settings_sample = 'Not set' (Constants/Not set)
2023-05-15T16:15:05.173358+00:00 DEBUG 'ansible_navigator.main' After rollback: settings_schema = 'Not set' (Constants/Not set)
2023-05-15T16:15:05.173375+00:00 DEBUG 'ansible_navigator.main' After rollback: settings_sources = 'Not set' (Constants/Not set)
2023-05-15T16:15:05.173392+00:00 DEBUG 'ansible_navigator.main' After rollback: time_zone = 'Not set' (Constants/Not set)
2023-05-15T16:15:05.173409+00:00 DEBUG 'ansible_navigator.main' After rollback: workdir = 'Not set' (Constants/Not set)
2023-05-15T16:15:05.173426+00:00 DEBUG 'ansible_navigator.main' Configuration rollback complete.
2023-05-15T16:15:05.173443+00:00 DEBUG 'ansible_navigator.main' Collection doc cache not mounted
2023-05-15T16:15:05.173466+00:00 WARNING 'ansible_navigator.main' Issues were found while applying the settings.
2023-05-15T16:15:05.173487+00:00 INFO 'ansible_navigator.main' Command provided: 'doc'
2023-05-15T16:15:05.173509+00:00 ERROR 'ansible_navigator.main' A plugin name or other parameter is required when using the doc subcommand
2023-05-15T16:15:05.173529+00:00 INFO 'ansible_navigator.main' Try again with 'doc <plugin_name>'
2023-05-15T16:15:05.173548+00:00 INFO 'ansible_navigator.main' Configuration failed, using default log file location. (/home/kiosk/backup/github.com/ansible-demo/rh294-rhel9-course-demo/file-modules-sample/ansible-navigator.log) Log level set to debug
2023-05-15T16:15:05.173568+00:00 INFO 'ansible_navigator.main' Review the hints and log file to see what went wrong.
